#
# A fatal error has been detected by the Java Runtime Environment:
#
#  EXCEPTION_ACCESS_VIOLATION (0xc0000005) at pc=0x00007ffb3a0ab656, pid=11992, tid=7340
#
# JRE version: OpenJDK Runtime Environment Temurin-25.0.2+10 (25.0.2+10) (build 25.0.2+10-LTS)
# Java VM: OpenJDK 64-Bit Server VM Temurin-25.0.2+10 (25.0.2+10-LTS, mixed mode, sharing, tiered, compressed oops, compressed class ptrs, g1 gc, windows-amd64)
# Problematic frame:
# C  [awt.dll+0xdb656]
#
# No core dump will be written. Minidumps are not enabled by default on client versions of Windows
#
# If you would like to submit a bug report, please visit:
#   https://github.com/adoptium/adoptium-support/issues
# The crash happened outside the Java Virtual Machine in native code.
# See problematic frame for where to report the bug.
#

---------------  S U M M A R Y ------------

Command Line: -Dfile.encoding=UTF-8 --module-path=C:\Users\User\Documents\NetBeansProjects\University_Management_System\build\classes university_management_system.Project

Host: Intel(R) Core(TM) i3-5005U CPU @ 2.00GHz, 4 cores, 6G,  Windows 10 , 64 bit Build 19041 (10.0.19041.5915)
Time: Sun May  3 21:12:17 2026 India Standard Time elapsed time: 13107.210295 seconds (0d 3h 38m 27s)

---------------  T H R E A D  ---------------

Current thread (0x00000183bea750a0):  JavaThread "AWT-EventQueue-0"        [_thread_in_native, id=7340, stack(0x0000005db8a00000,0x0000005db8b00000) (1024K)]

Stack: [0x0000005db8a00000,0x0000005db8b00000],  sp=0x0000005db8afebe0,  free space=1018k
Native frames: (J=compiled Java code, j=interpreted, Vv=VM code, C=native code)
C  [awt.dll+0xdb656]  (no source info available)
C  [awt.dll+0xdceb2]  (no source info available)
C  0x00000183ad33d193  (no source info available)

The last pc belongs to native method entry point (kind = native) (printed below).
Java frames: (J=compiled Java code, j=interpreted, Vv=VM code)
j  sun.awt.Win32GraphicsDevice.initNativeScale(I)V+0 java.desktop@25.0.2
j  sun.awt.Win32GraphicsDevice.initScaleFactors()V+60 java.desktop@25.0.2
j  sun.awt.Win32GraphicsDevice.displayChanged()V+16 java.desktop@25.0.2
j  sun.awt.Win32GraphicsEnvironment.displayChanged()V+271 java.desktop@25.0.2
j  sun.awt.windows.WToolkit.lambda$displayChanged$0()V+15 java.desktop@25.0.2
j  sun.awt.windows.WToolkit$$Lambda+0x00000000340a97b8.run()V+0 java.desktop@25.0.2
j  java.awt.event.InvocationEvent.dispatch()V+47 java.desktop@25.0.2
j  java.awt.EventQueue.dispatchEventImpl(Ljava/awt/AWTEvent;Ljava/lang/Object;)V+21 java.desktop@25.0.2
j  java.awt.EventQueue.dispatchEvent(Ljava/awt/AWTEvent;)V+22 java.desktop@25.0.2
j  java.awt.EventDispatchThread.pumpOneEventForFilters(I)V+81 java.desktop@25.0.2
j  java.awt.EventDispatchThread.pumpEventsForFilter(ILjava/awt/Conditional;Ljava/awt/EventFilter;)V+35 java.desktop@25.0.2
j  java.awt.EventDispatchThread.pumpEventsForHierarchy(ILjava/awt/Conditional;Ljava/awt/Component;)V+11 java.desktop@25.0.2
j  java.awt.EventDispatchThread.pumpEvents(ILjava/awt/Conditional;)V+4 java.desktop@25.0.2
j  java.awt.EventDispatchThread.pumpEvents(Ljava/awt/Conditional;)V+3 java.desktop@25.0.2
j  java.awt.EventDispatchThread.run()V+9 java.desktop@25.0.2
v  ~StubRoutines::call_stub 0x00000183ad3312ed

siginfo: EXCEPTION_ACCESS_VIOLATION (0xc0000005), reading address 0x00003e74696e698c


Registers:
RAX=0x00003e74696e693c, RBX=0x00000183b97ff760, RCX=0x00003e74696e693c, RDX=0x0000000000000000
RSP=0x0000005db8afebe0, RBP=0x0000005db8afecc0, RSI=0x0000000000000000, RDI=0x0000000000000000
R8 =0x0000000000000001, R9 =0x00000000000000dd, R10=0x00000183ad33d233, R11=0x0000000000000100
R12=0x0000000000000000, R13=0x00000183ba1f9ed0, R14=0x0000005db8afece8, R15=0x00000183bea750a0
RIP=0x00007ffb3a0ab656, EFLAGS=0x0000000000010202

XMM[0]=0x0000000000000000 0x0000000000000000
XMM[1]=0x0000000000000000 0x00000000bf800000
XMM[2]=0x0000000000000000 0x3ff0000000000000
XMM[3]=0x0000000000000000 0x0000000000000000
XMM[4]=0x0000000000000000 0x0000000000000000
XMM[5]=0x0000000000000000 0x0000000000000000
XMM[6]=0x0000000000000000 0x0000000000000000
XMM[7]=0x0000000000000000 0x0000000000000000
XMM[8]=0x0000000000000000 0x0000000000000000
XMM[9]=0x0000000000000000 0x0000000000000000
XMM[10]=0x0000000000000000 0x0000000000000000
XMM[11]=0x0000000000000000 0x0000000000000000
XMM[12]=0x0000000000000000 0x0000000000000000
XMM[13]=0x0000000000000000 0x0000000000000000
XMM[14]=0x0000000000000000 0x0000000000000000
XMM[15]=0x0000000000000000 0x0000000000000000
  MXCSR=0x00001fa0


Register to memory mapping:

RAX=0x00003e74696e693c is an unknown value
RBX=0x00000183b97ff760 points into unknown readable memory: 0x00000183bedfb780 | 80 b7 df be 83 01 00 00
RCX=0x00003e74696e693c is an unknown value
RDX=0x0 is null
RSP=0x0000005db8afebe0 is pointing into the stack for thread: 0x00000183bea750a0
RBP=0x0000005db8afecc0 is pointing into the stack for thread: 0x00000183bea750a0
RSI=0x0 is null
RDI=0x0 is null
R8 =0x0000000000000001 is an unknown value
R9 =0x00000000000000dd is an unknown value
R10=0x00000183ad33d233 is at code_begin+1139 in an Interpreter codelet
native method entry point (kind = native)  [0x00000183ad33cdc0, 0x00000183ad33d8b8]  2808 bytes
R11=0x0000000000000100 is an unknown value
R12=0x0 is null
R13={method} {0x00000183ba1f9ed8} 'initNativeScale' '(I)V' in 'sun/awt/Win32GraphicsDevice'
R14=0x0000005db8afece8 is pointing into the stack for thread: 0x00000183bea750a0
R15=0x00000183bea750a0 is a thread

Top of Stack: (sp=0x0000005db8afebe0)
0x0000005db8afebe0:   00000000000000b5 000000000000000a   ................
0x0000005db8afebf0:   00000183b97ff760 0000000000000000   `...............
0x0000005db8afec00:   00000183b97ff760 00007ffb3a0aceb2   `..........:....
0x0000005db8afec10:   00007ffb3a109838 00000183ba1f9ed0   8..:............
0x0000005db8afec20:   0000005db8afed40 00000183ad3483d9   @...].....4.....
0x0000005db8afec30:   00000183ad338cb2 00000183ad33d193   ..3.......3.....
0x0000005db8afec40:   00000183ba1f9ed0 0000005db8afed98   ............]...
0x0000005db8afec50:   0000005db8afed40 00000183ad338cb2   @...].....3.....
0x0000005db8afec60:   0000000000000000 00007ffb3a8a20ad   ......... .:....
0x0000005db8afec70:   0000005db8afedb0 fffffffffffffff7   ....]...........
0x0000005db8afec80:   0000000000000000 0000000000000005   ................
0x0000005db8afec90:   00000183ba1fd478 0000000000000000   x...............
0x0000005db8afeca0:   000000009f490b68 00000183ba1f9ed0   h.I.............
0x0000005db8afecb0:   0000000000000000 0000005db8afece0   ............]...
0x0000005db8afecc0:   0000005db8afed38 00000183ad338b18   8...].....3.....
0x0000005db8afecd0:   0000000000000000 00000183ad33a757   ........W.3.....
0x0000005db8afece0:   0000000000000000 000000009f4cdb18   ..........L.....
0x0000005db8afecf0:   fffffffffffffff7 00000183ba1fa534   ........4.......
0x0000005db8afed00:   0000000000000002 00000183ba1fd478   ........x.......
0x0000005db8afed10:   0000000000000000 000000009f490b68   ........h.I.....
0x0000005db8afed20:   00000183ba1fa580 fffffffffffffff5   ................
0x0000005db8afed30:   0000005db8afed48 0000005db8afed98   H...].......]...
0x0000005db8afed40:   00000183ad338b18 000000009f4cdb18   ..3.......L.....
0x0000005db8afed50:   fffffffffffffff7 00000183ba1fbcf0   ................
0x0000005db8afed60:   0000000000000003 00000183ba1fd478   ........x.......
0x0000005db8afed70:   0000000000000000 000000009f490b68   ........h.I.....
0x0000005db8afed80:   00000183ba1fbd38 fffffffffffffff6   8...............
0x0000005db8afed90:   0000005db8afedb0 0000005db8afee00   ....].......]...
0x0000005db8afeda0:   00000183ad338b18 0000000000000000   ..3.............
0x0000005db8afedb0:   000000009f4cdb18 fffffffffffffff7   ..L.............
0x0000005db8afedc0:   00000183ba15768f 0000000000000008   .v..............
0x0000005db8afedd0:   00000183ba15b8b8 0000000000000000   ................

Instructions: (pc=0x00007ffb3a0ab656)
  0x00007ffb3a0ab556:   11 45 d4 0f 11 45 e4 0f 11 45 f4 89 45 04 c7 45
  0x00007ffb3a0ab566:   a0 68 00 00 00 0f 11 44 24 34 0f 11 44 24 44 0f
  0x00007ffb3a0ab576:   11 44 24 54 0f 11 44 24 64 0f 11 44 24 74 0f 11
  0x00007ffb3a0ab586:   45 84 89 45 94 c7 44 24 30 68 00 00 00 48 8d 55
  0x00007ffb3a0ab596:   a0 49 8b ce ff 15 f0 73 06 00 85 c0 74 41 48 8d
  0x00007ffb3a0ab5a6:   54 24 30 48 8b ce ff 15 de 73 06 00 85 c0 74 2f
  0x00007ffb3a0ab5b6:   48 8d 54 24 34 48 8d 4d a4 ff 15 13 73 06 00 85
  0x00007ffb3a0ab5c6:   c0 74 1c 48 8d 54 24 44 48 8d 4d b4 ff 15 00 73
  0x00007ffb3a0ab5d6:   06 00 85 c0 74 09 8b 44 24 54 39 45 c4 74 11 ff
  0x00007ffb3a0ab5e6:   c7 3b 7b 0c 0f 8c 40 ff ff ff 8b 3d 7a ae 06 00
  0x00007ffb3a0ab5f6:   48 8b cb e8 e2 cd f4 ff 90 8b c7 48 8b 4d 10 48
  0x00007ffb3a0ab606:   33 cc e8 03 f2 00 00 4c 8d 9c 24 20 01 00 00 49
  0x00007ffb3a0ab616:   8b 5b 28 49 8b 73 30 49 8b e3 41 5e 5f 5d c3 cc
  0x00007ffb3a0ab626:   cc cc cc cc cc cc cc cc cc cc 48 8b 41 08 48 8b
  0x00007ffb3a0ab636:   80 18 0c 00 00 c3 cc cc cc cc 48 8b 41 08 48 05
  0x00007ffb3a0ab646:   00 04 00 00 c3 cc cc cc cc cc 40 53 48 83 ec 20
=>0x00007ffb3a0ab656:   83 79 50 00 48 8b d9 75 56 48 8b 49 28 4c 8d 44
  0x00007ffb3a0ab666:   24 38 48 8d 54 24 30 c7 44 24 30 00 00 80 bf c7
  0x00007ffb3a0ab676:   44 24 38 00 00 80 bf e8 ee cf 00 00 f3 0f 10 54
  0x00007ffb3a0ab686:   24 30 0f 57 c0 0f 2f d0 76 25 f3 0f 10 4c 24 38
  0x00007ffb3a0ab696:   0f 2f c8 76 1a f3 0f 5e 15 99 96 02 00 f3 0f 5e
  0x00007ffb3a0ab6a6:   0d 91 96 02 00 f3 0f 11 53 48 f3 0f 11 4b 4c 48
  0x00007ffb3a0ab6b6:   83 c4 20 5b c3 cc cc cc cc cc 48 89 5c 24 10 48
  0x00007ffb3a0ab6c6:   89 74 24 18 48 89 7c 24 20 41 56 48 83 ec 40 48
  0x00007ffb3a0ab6d6:   8b d9 48 83 79 18 00 75 14 b9 28 04 00 00 e8 17
  0x00007ffb3a0ab6e6:   89 00 00 48 89 43 18 c7 00 28 00 00 00 48 8b 43
  0x00007ffb3a0ab6f6:   18 45 33 f6 66 44 89 70 0e 48 8b 4b 28 e8 68 03
  0x00007ffb3a0ab706:   00 00 48 8b f8 ba 01 00 00 00 44 8b c2 48 8b c8
  0x00007ffb3a0ab716:   ff 15 14 6f 06 00 48 8b f0 44 89 74 24 30 48 8b
  0x00007ffb3a0ab726:   4b 18 48 89 4c 24 28 4c 89 74 24 20 41 b9 01 00
  0x00007ffb3a0ab736:   00 00 45 33 c0 48 8b d0 48 8b cf ff 15 09 6e 06
  0x00007ffb3a0ab746:   00 48 8b 53 30 48 8b 0b 83 79 04 08 0f 8e 0f 02


Stack slot to memory mapping:

stack at sp + 0 slots: 0x00000000000000b5 is an unknown value
stack at sp + 1 slots: 0x000000000000000a is an unknown value
stack at sp + 2 slots: 0x00000183b97ff760 points into unknown readable memory: 0x00000183bedfb780 | 80 b7 df be 83 01 00 00
stack at sp + 3 slots: 0x0 is null
stack at sp + 4 slots: 0x00000183b97ff760 points into unknown readable memory: 0x00000183bedfb780 | 80 b7 df be 83 01 00 00
stack at sp + 5 slots: 0x00007ffb3a0aceb2 awt.dll
stack at sp + 6 slots: 0x00007ffb3a109838 awt.dll
stack at sp + 7 slots: {method} {0x00000183ba1f9ed8} 'initNativeScale' '(I)V' in 'sun/awt/Win32GraphicsDevice'

Lock stack of current Java thread (top to bottom):

native method entry point (kind = native)  [0x00000183ad33cdc0, 0x00000183ad33d8b8]  2808 bytes
[MachCode]
  0x00000183ad33cdc0: 488b 4b08 | 0fb7 492e | 584c 8d74 | ccf8 6800 | 0000 0068 | 0000 0000 | 5055 488b | ec41 5548 
  0x00000183ad33cde0: 8b43 084c | 8d68 3848 | 8b40 0868 | 0000 0000 | 5348 8b50 | 1848 8b52 | 7048 8b12 | 5248 8b53 
  0x00000183ad33ce00: 1048 85d2 | 7407 4881 | c2d0 0000 | 0052 488b | 5010 5249 | 8bc6 482b | c548 c1e8 | 0350 6800 
  0x00000183ad33ce20: 0000 0068 | f7ff ffff | 41c6 87f1 | 0400 0001 | 488b 4310 | 4885 c074 | 208b 8890 | 0000 0083 
  0x00000183ad33ce40: c102 8988 | 9000 0000 | 2388 a400 | 0000 0f84 | b209 0000 | e9cf 0000 | 0048 8b43 | 1848 85c0 
  0x00000183ad33ce60: 0f85 b000 | 0000 e805 | 0000 00e9 | 9900 0000 | 488b d348 | 8d44 2408 | 4c89 6dc0 | 498b cfc5 
  0x00000183ad33ce80: f877 4989 | af38 0400 | 0049 8987 | 2804 0000 | 4883 ec20 | 40f6 c40f | 0f84 1900 | 0000 4883 
  0x00000183ad33cea0: ec08 48b8 | 0032 5c3a | fb7f 0000 | ffd0 4883 | c408 e90c | 0000 0048 | b800 325c | 3afb 7f00 
  0x00000183ad33cec0: 00ff d048 | 83c4 2049 | c787 2804 | 0000 0000 | 0000 49c7 | 8738 0400 | 0000 0000 | 0049 c787 
  0x00000183ad33cee0: 3004 0000 | 0000 0000 | c5f8 7749 | 837f 0800 | 0f84 0500 | 0000 e9e5 | 42ff ff4c | 8b6d c04c 
  0x00000183ad33cf00: 8b75 c84e | 8d74 f500 | c348 8b43 | 1848 85c0 | 0f84 1200 | 0000 8b48 | 0883 c102 | 8948 0823 
  0x00000183ad33cf20: 482c 0f84 | de08 0000 | 493b a770 | 0500 000f | 8748 0000 | 0089 8424 | 00f0 ffff | 8984 2400 
  0x00000183ad33cf40: e0ff ff89 | 8424 00d0 | ffff 8984 | 2400 c0ff | ff89 8424 | 00b0 ffff | 8984 2400 | a0ff ff89 
  0x00000183ad33cf60: 8424 0090 | ffff 8984 | 2400 80ff | ff49 3ba7 | 6805 0000 | 7607 4989 | a770 0500 | 0041 c687 
  0x00000183ad33cf80: f104 0000 | 0048 8b5d | e84c 8b5b | 0845 0fb7 | 5b2e 41c1 | e303 492b | e348 83ec | 2048 83e4 
  0x00000183ad33cfa0: f04c 8b5b | 604d 85db | 0f85 ab00 | 0000 e805 | 0000 00e9 | 9900 0000 | 488b d348 | 8d44 2408 
  0x00000183ad33cfc0: 4c89 6dc0 | 498b cfc5 | f877 4989 | af38 0400 | 0049 8987 | 2804 0000 | 4883 ec20 | 40f6 c40f 
  0x00000183ad33cfe0: 0f84 1900 | 0000 4883 | ec08 48b8 | 305b 5c3a | fb7f 0000 | ffd0 4883 | c408 e90c | 0000 0048 
  0x00000183ad33d000: b830 5b5c | 3afb 7f00 | 00ff d048 | 83c4 2049 | c787 2804 | 0000 0000 | 0000 49c7 | 8738 0400 
  0x00000183ad33d020: 0000 0000 | 0049 c787 | 3004 0000 | 0000 0000 | c5f8 7749 | 837f 0800 | 0f84 0500 | 0000 e99d 
  0x00000183ad33d040: 41ff ff4c | 8b6d c04c | 8b75 c84e | 8d74 f500 | c348 8b5d | e84c 8b5b | 6041 ffd3 | 488b 5de8 
  0x00000183ad33d060: 4889 4518 | 440f b75b | 2c41 f6c3 | 080f 841b | 0000 004c | 8b5b 084d | 8b5b 084d | 8b5b 184d 
  0x00000183ad33d080: 8b5b 704d | 8b1b 4c89 | 5d10 488d | 5510 488b | 4358 49ba | 302f 973a | fb7f 0000 | 493b c20f 
  0x00000183ad33d0a0: 85ab 0000 | 00e8 0500 | 0000 e999 | 0000 0048 | 8bd3 488d | 4424 084c | 896d c049 | 8bcf c5f8 
  0x00000183ad33d0c0: 7749 89af | 3804 0000 | 4989 8728 | 0400 0048 | 83ec 2040 | f6c4 0f0f | 8419 0000 | 0048 83ec 
  0x00000183ad33d0e0: 0848 b830 | 5b5c 3afb | 7f00 00ff | d048 83c4 | 08e9 0c00 | 0000 48b8 | 305b 5c3a | fb7f 0000 
  0x00000183ad33d100: ffd0 4883 | c420 49c7 | 8728 0400 | 0000 0000 | 0049 c787 | 3804 0000 | 0000 0000 | 49c7 8730 
  0x00000183ad33d120: 0400 0000 | 0000 00c5 | f877 4983 | 7f08 000f | 8405 0000 | 00e9 a640 | ffff 4c8b | 6dc0 4c8b 
  0x00000183ad33d140: 75c8 4e8d | 74f5 00c3 | 488b 5de8 | 488b 4358 | 498d 8f48 | 0400 004c | 8d15 d500 | 0000 4d89 
  0x00000183ad33d160: 9730 0400 | 00c5 f877 | 4989 af38 | 0400 0049 | 89a7 2804 | 0000 41c7 | 87d4 0400 | 0004 0000 
  0x00000183ad33d180: 0049 3ba7 | c805 0000 | 7607 4989 | a7c8 0500 | 00ff d049 | 3ba7 c805 | 0000 720b | 49c7 87c8 
  0x00000183ad33d1a0: 0500 0000 | 0000 00c5 | f877 4883 | ec10 c5fb | 1104 2448 | 83ec 1048 | 8904 2448 | c744 2408 
  0x00000183ad33d1c0: 0000 0000 | 41c7 87d4 | 0400 0005 | 0000 00f0 | 8344 24c0 | 0049 3b6f | 280f 870e | 0000 0041 
  0x00000183ad33d1e0: 83bf d004 | 0000 000f | 8420 0000 | 0049 8bcf | 4c8b e448 | 83ec 2048 | 83e4 f048 | b8b0 c15d 
  0x00000183ad33d200: 3afb 7f00 | 00ff d049 | 8be4 4d33 | e441 c787 | d404 0000 | 0800 0000 | 4d8b 97f0 | 0500 0049 
  0x00000183ad33d220: 83fa 0074 | 3549 c787 | f005 0000 | 0000 0000 | 41ff e249 | ba60 be33 | ad83 0100 | 0041 ffd2 
  0x00000183ad33d240: 4883 ec10 | c5fb 1104 | 2448 83ec | 1048 8904 | 2448 c744 | 2408 0000 | 0000 49c7 | 8728 0400 
  0x00000183ad33d260: 0000 0000 | 0049 c787 | 3804 0000 | 0000 0000 | 49c7 8730 | 0400 0000 | 0000 00c5 | f877 4d8b 
  0x00000183ad33d280: 9fb8 0400 | 0041 c783 | 0001 0000 | 0000 0000 | 49bb 5aa7 | 33ad 8301 | 0000 4c3b | 5d18 0f85 
  0x00000183ad33d2a0: 5501 0000 | 488b 0424 | 4883 c410 | 4885 c00f | 842f 0100 | 00a8 030f | 8508 0000 | 0048 8b00 
  0x00000183ad33d2c0: e91f 0100 | 00a8 010f | 8509 0000 | 0048 8b40 | fee9 0e01 | 0000 488b | 40ff 4180 | 7f48 000f 
  0x00000183ad33d2e0: 84ff 0000 | 0048 83f8 | 000f 84f5 | 0000 004d | 8b5f 384d | 85db 0f84 | 1400 0000 | 4983 eb08 
  0x00000183ad33d300: 4d89 5f38 | 4d03 5f40 | 4989 03e9 | d400 0000 | 4883 ec70 | 4889 0424 | 4889 4c24 | 0848 8954 
  0x00000183ad33d320: 2410 4c89 | 4424 184c | 894c 2420 | 4c89 5424 | 284c 895c | 2430 c5fb | 1144 2440 | c5fb 114c 
  0x00000183ad33d340: 2448 c5fb | 1154 2450 | c5fb 115c | 2458 c5fb | 1164 2460 | c5fb 116c | 2468 498b | d748 8bc8 
  0x00000183ad33d360: 4883 ec20 | 40f6 c40f | 0f84 1900 | 0000 4883 | ec08 48b8 | d081 503a | fb7f 0000 | ffd0 4883 
  0x00000183ad33d380: c408 e90c | 0000 0048 | b8d0 8150 | 3afb 7f00 | 00ff d048 | 83c4 20c5 | fb10 6c24 | 68c5 fb10 
  0x00000183ad33d3a0: 6424 60c5 | fb10 5c24 | 58c5 fb10 | 5424 50c5 | fb10 4c24 | 48c5 fb10 | 4424 404c | 8b5c 2430 
  0x00000183ad33d3c0: 4c8b 5424 | 284c 8b4c | 2420 4c8b | 4424 1848 | 8b54 2410 | 488b 4c24 | 0848 8b04 | 2448 83c4 
  0x00000183ad33d3e0: 70c5 f877 | 4889 4510 | 4883 ec10 | 4889 0424 | 48c7 4424 | 0800 0000 | 0041 83bf | 5005 0000 
  0x00000183ad33d400: 020f 85bf | 0000 0048 | 81ec 8000 | 0000 4889 | 4424 7848 | 894c 2470 | 4889 5424 | 6848 895c 
  0x00000183ad33d420: 2460 4889 | 6c24 5048 | 8974 2448 | 4889 7c24 | 404c 8944 | 2438 4c89 | 4c24 304c | 8954 2428 
  0x00000183ad33d440: 4c89 5c24 | 204c 8964 | 2418 4c89 | 6c24 104c | 8974 2408 | 4c89 3c24 | 4c8b e448 | 83ec 2048 
  0x00000183ad33d460: 83e4 f048 | b8a0 1697 | 3afb 7f00 | 00ff d049 | 8be4 4c8b | 3c24 4c8b | 7424 084c | 8b6c 2410 
  0x00000183ad33d480: 4c8b 6424 | 184c 8b5c | 2420 4c8b | 5424 284c | 8b4c 2430 | 4c8b 4424 | 3848 8b7c | 2440 488b 
  0x00000183ad33d4a0: 7424 4848 | 8b6c 2450 | 488b 5c24 | 6048 8b54 | 2468 488b | 4c24 7048 | 8b44 2478 | 4881 c480 
  0x00000183ad33d4c0: 0000 004d | 33e4 488b | 5de8 4c8b | 6b08 4d8d | 6d38 4983 | 7f08 000f | 84bb 0000 | 00e8 0500 
  0x00000183ad33d4e0: 0000 e996 | 0000 0048 | 8d44 2408 | 4c89 6dc0 | 498b cfc5 | f877 4989 | af38 0400 | 0049 8987 
  0x00000183ad33d500: 2804 0000 | 4883 ec20 | 40f6 c40f | 0f84 1900 | 0000 4883 | ec08 48b8 | 7079 5c3a | fb7f 0000 
  0x00000183ad33d520: ffd0 4883 | c408 e90c | 0000 0048 | b870 795c | 3afb 7f00 | 00ff d048 | 83c4 2049 | c787 2804 
  0x00000183ad33d540: 0000 0000 | 0000 49c7 | 8738 0400 | 0000 0000 | 0049 c787 | 3004 0000 | 0000 0000 | c5f8 7749 
  0x00000183ad33d560: 837f 0800 | 0f84 0500 | 0000 e971 | 3cff ff4c | 8b6d c04c | 8b75 c84e | 8d74 f500 | c348 b970 
  0x00000183ad33d580: 00c9 3afb | 7f00 0048 | 83e4 f048 | b870 9083 | 3afb 7f00 | 00ff d0f4 | 440f b75b | 2c41 f6c3 
  0x00000183ad33d5a0: 200f 8472 | 0100 0048 | 8d55 a84c | 8b5a 084d | 85db 0f85 | bb00 0000 | e805 0000 | 00e9 9600 
  0x00000183ad33d5c0: 0000 488d | 4424 084c | 896d c049 | 8bcf c5f8 | 7749 89af | 3804 0000 | 4989 8728 | 0400 0048 
  0x00000183ad33d5e0: 83ec 2040 | f6c4 0f0f | 8419 0000 | 0048 83ec | 0848 b8a0 | 785c 3afb | 7f00 00ff | d048 83c4 
  0x00000183ad33d600: 08e9 0c00 | 0000 48b8 | a078 5c3a | fb7f 0000 | ffd0 4883 | c420 49c7 | 8728 0400 | 0000 0000 
  0x00000183ad33d620: 0049 c787 | 3804 0000 | 0000 0000 | 49c7 8730 | 0400 0000 | 0000 00c5 | f877 4983 | 7f08 000f 
  0x00000183ad33d640: 8405 0000 | 00e9 963b | ffff 4c8b | 6dc0 4c8b | 75c8 4e8d | 74f5 00c3 | 48b9 7000 | c93a fb7f 
  0x00000183ad33d660: 0000 4883 | e4f0 48b8 | 7090 833a | fb7f 0000 | ffd0 f44c | 896d c04c | 8b4a 0848 | c742 0800 
  0x00000183ad33d680: 0000 0045 | 8b87 d806 | 0000 4f3b | 4c07 f80f | 8542 0000 | 0041 83af | d806 0000 | 084f 3b4c 
  0x00000183ad33d6a0: 07f0 0f84 | 2a00 0000 | 498b 01a8 | 020f 8512 | 0000 004c | 8bc0 4983 | c801 f04d | 0fb1 010f 
  0x00000183ad33d6c0: 840d 0000 | 0041 8387 | d806 0000 | 08e9 0500 | 0000 e93e | 0000 004c | 894a 0848 | 8bca 4883 
  0x00000183ad33d6e0: ec20 40f6 | c40f 0f84 | 1900 0000 | 4883 ec08 | 48b8 f04a | 5c3a fb7f | 0000 ffd0 | 4883 c408 
  0x00000183ad33d700: e90c 0000 | 0048 b8f0 | 4a5c 3afb | 7f00 00ff | d048 83c4 | 204c 8b6d | c041 c687 | 9603 0000 
  0x00000183ad33d720: 0149 3b6f | 280f 8705 | 0000 00e9 | ab00 0000 | 4883 ec10 | c5fb 1104 | 2448 83ec | 1048 8904 
  0x00000183ad33d740: 2448 c744 | 2408 0000 | 0000 c5f8 | 7749 89af | 3804 0000 | 49ba 4ad7 | 33ad 8301 | 0000 4d89 
  0x00000183ad33d760: 9730 0400 | 0049 89a7 | 2804 0000 | 498b cf48 | 83ec 2040 | f6c4 0f0f | 8419 0000 | 0048 83ec 
  0x00000183ad33d780: 0848 b890 | 315c 3afb | 7f00 00ff | d048 83c4 | 08e9 0c00 | 0000 48b8 | 9031 5c3a | fb7f 0000 
  0x00000183ad33d7a0: ffd0 4883 | c420 49c7 | 8728 0400 | 0000 0000 | 0049 c787 | 3804 0000 | 0000 0000 | 49c7 8730 
  0x00000183ad33d7c0: 0400 0000 | 0000 00c5 | f877 488b | 0424 4883 | c410 c5fb | 1004 2448 | 83c4 1048 | 8b04 2448 
  0x00000183ad33d7e0: 83c4 10c5 | fb10 0424 | 4883 c410 | 4c8b 5d18 | 41ff d34c | 8b5d f8c9 | 41c6 8796 | 0300 0000 
  0x00000183ad33d800: 5f49 8be3 | ffe7 ba00 | 0000 00e8 | 0500 0000 | e996 0000 | 0048 8d44 | 2408 4c89 | 6dc0 498b 
  0x00000183ad33d820: cfc5 f877 | 4989 af38 | 0400 0049 | 8987 2804 | 0000 4883 | ec20 40f6 | c40f 0f84 | 1900 0000 
  0x00000183ad33d840: 4883 ec08 | 48b8 e040 | 5c3a fb7f | 0000 ffd0 | 4883 c408 | e90c 0000 | 0048 b8e0 | 405c 3afb 
  0x00000183ad33d860: 7f00 00ff | d048 83c4 | 2049 c787 | 2804 0000 | 0000 0000 | 49c7 8738 | 0400 0000 | 0000 0049 
  0x00000183ad33d880: c787 3004 | 0000 0000 | 0000 c5f8 | 7749 837f | 0800 0f84 | 0500 0000 | e943 39ff | ff4c 8b6d 
  0x00000183ad33d8a0: c04c 8b75 | c84e 8d74 | f500 c348 | 8b5d e8e9 | 74f6 ffff | 0f1f 4000 
[/MachCode]

---------------  P R O C E S S  ---------------

Threads class SMR info:
_java_thread_list=0x00000183bedfaf40, length=15, elements={
0x000001839d3c23f0, 0x000001839d3c4260, 0x000001839d3c74d0, 0x000001839d3c90a0,
0x000001839d3ca400, 0x000001839d3cafc0, 0x00000183b928ffa0, 0x000001839d3cda20,
0x00000183b9367df0, 0x00000183b95d28c0, 0x00000183b9647b90, 0x00000183b964b6f0,
0x00000183b964f980, 0x00000183bea750a0, 0x000001839b0ce6b0
}

Java Threads: ( => current thread )
  0x000001839d3c23f0 JavaThread "Reference Handler"          daemon [_thread_blocked, id=12300, stack(0x0000005db7d00000,0x0000005db7e00000) (1024K)]
  0x000001839d3c4260 JavaThread "Finalizer"                  daemon [_thread_blocked, id=11644, stack(0x0000005db7e00000,0x0000005db7f00000) (1024K)]
  0x000001839d3c74d0 JavaThread "Signal Dispatcher"          daemon [_thread_blocked, id=8992, stack(0x0000005db7f00000,0x0000005db8000000) (1024K)]
  0x000001839d3c90a0 JavaThread "Attach Listener"            daemon [_thread_blocked, id=12320, stack(0x0000005db8000000,0x0000005db8100000) (1024K)]
  0x000001839d3ca400 JavaThread "Service Thread"             daemon [_thread_blocked, id=12316, stack(0x0000005db8100000,0x0000005db8200000) (1024K)]
  0x000001839d3cafc0 JavaThread "Monitor Deflation Thread"   daemon [_thread_blocked, id=12324, stack(0x0000005db8200000,0x0000005db8300000) (1024K)]
  0x00000183b928ffa0 JavaThread "C2 CompilerThread0"         daemon [_thread_blocked, id=12364, stack(0x0000005db8300000,0x0000005db8400000) (1024K)]
  0x000001839d3cda20 JavaThread "C1 CompilerThread0"         daemon [_thread_blocked, id=12368, stack(0x0000005db8400000,0x0000005db8500000) (1024K)]
  0x00000183b9367df0 JavaThread "Common-Cleaner"             daemon [_thread_blocked, id=12392, stack(0x0000005db8500000,0x0000005db8600000) (1024K)]
  0x00000183b95d28c0 JavaThread "Notification Thread"        daemon [_thread_blocked, id=12400, stack(0x0000005db8600000,0x0000005db8700000) (1024K)]
  0x00000183b9647b90 JavaThread "Java2D Disposer"            daemon [_thread_blocked, id=11440, stack(0x0000005db8700000,0x0000005db8800000) (1024K)]
  0x00000183b964b6f0 JavaThread "AWT-Shutdown"                      [_thread_blocked, id=10512, stack(0x0000005db8800000,0x0000005db8900000) (1024K)]
  0x00000183b964f980 JavaThread "AWT-Windows"                daemon [_thread_in_native, id=12416, stack(0x0000005db8900000,0x0000005db8a00000) (1024K)]
=>0x00000183bea750a0 JavaThread "AWT-EventQueue-0"                  [_thread_in_native, id=7340, stack(0x0000005db8a00000,0x0000005db8b00000) (1024K)]
  0x000001839b0ce6b0 JavaThread "DestroyJavaVM"                     [_thread_blocked, id=12292, stack(0x0000005db7500000,0x0000005db7600000) (1024K)]
Total: 15

Other Threads:
  0x000001839d3b22e0 VMThread "VM Thread"                           [id=12676, stack(0x0000005db7c00000,0x0000005db7d00000) (1024K)]
  0x000001839d3a44a0 WatcherThread "VM Periodic Task Thread"        [id=7188, stack(0x0000005db7b00000,0x0000005db7c00000) (1024K)]
  0x000001839d34e8d0 WorkerThread "GC Thread#0"                     [id=2620, stack(0x0000005db7600000,0x0000005db7700000) (1024K)]
  0x000001839d363020 ConcurrentGCThread "G1 Main Marker"            [id=11120, stack(0x0000005db7700000,0x0000005db7800000) (1024K)]
  0x000001839d364360 WorkerThread "G1 Conc#0"                       [id=11952, stack(0x0000005db7800000,0x0000005db7900000) (1024K)]
  0x000001839d392c20 ConcurrentGCThread "G1 Refine#0"               [id=8640, stack(0x0000005db7900000,0x0000005db7a00000) (1024K)]
  0x000001839d395840 ConcurrentGCThread "G1 Service"                [id=10904, stack(0x0000005db7a00000,0x0000005db7b00000) (1024K)]
Total: 7

Threads with active compile tasks:
Total: 0

VM state: not at safepoint (normal execution)

VM Mutex/Monitor currently owned by a thread: None

Heap address: 0x0000000099000000, size: 1648 MB, Compressed Oops mode: 32-bit

CDS archive(s) mapped at: [0x0000000033000000-0x0000000033dd0000-0x0000000033dd0000), size 14483456, SharedBaseAddress: 0x0000000033000000, ArchiveRelocationMode: 1.
Compressed class space mapped at: 0x0000000034000000-0x0000000074000000, reserved size: 1073741824
UseCompressedClassPointers 1, UseCompactObjectHeaders 0
Narrow klass pointer bits 32, Max shift 3
Narrow klass base: 0x0000000033000000, Narrow klass shift: 0
Encoding Range: [0x0000000033000000 - 0x0000000133000000), (4294967296 bytes)
Klass Range:    [0x0000000033010000 - 0x0000000074000000), (1090453504 bytes)
Klass ID Range:  [65536 - 1090519033) (1090453497)
Protection zone: [0x0000000033000000 - 0x0000000033010000), (65536 bytes)

GC Precious Log:
 CardTable entry size: 512
 Card Set container configuration: InlinePtr #cards 5 size 8 Array Of Cards #cards 10 size 36 Howl #buckets 4 coarsen threshold 1843 Howl Bitmap #cards 512 size 80 coarsen threshold 460 Card regions per heap region 1 cards per card region 2048
 CPUs: 4 total, 4 available
 Memory: 6590M
 Large Page Support: Disabled
 NUMA Support: Disabled
 Compressed Oops: Enabled (32-bit)
 Heap Region Size: 1M
 Heap Min Capacity: 8M
 Heap Initial Capacity: 104M
 Heap Max Capacity: 1648M
 Pre-touch: Disabled
 Parallel Workers: 4
 Concurrent Workers: 1
 Concurrent Refinement Workers: 4
 Periodic GC: Disabled

Heap:
 garbage-first heap   total reserved 1687552K, committed 108544K, used 14483K [0x0000000099000000, 0x0000000100000000)
  region size 1024K, 10 young (10240K), 0 survivors (0K)

Heap Regions: E=young(eden), S=young(survivor), O=old, HS=humongous(starts), HC=humongous(continues), CS=collection set, F=free, TAMS=top-at-mark-start, PB=parsable bottom
|   0|0x0000000099000000, 0x0000000099100000, 0x0000000099100000|100%|HS|  |TAMS 0x0000000099000000| PB 0x0000000099000000| Complete |  0
|   1|0x0000000099100000, 0x0000000099200000, 0x0000000099200000|100%|HC|  |TAMS 0x0000000099100000| PB 0x0000000099100000| Complete |  0
|   2|0x0000000099200000, 0x0000000099300000, 0x0000000099300000|100%|HC|  |TAMS 0x0000000099200000| PB 0x0000000099200000| Complete |  0
|   3|0x0000000099300000, 0x0000000099400000, 0x0000000099400000|100%|HC|  |TAMS 0x0000000099300000| PB 0x0000000099300000| Complete |  0
|   4|0x0000000099400000, 0x0000000099400000, 0x0000000099500000|  0%| F|  |TAMS 0x0000000099400000| PB 0x0000000099400000| Untracked |  0
|   5|0x0000000099500000, 0x0000000099500000, 0x0000000099600000|  0%| F|  |TAMS 0x0000000099500000| PB 0x0000000099500000| Untracked |  0
|   6|0x0000000099600000, 0x0000000099600000, 0x0000000099700000|  0%| F|  |TAMS 0x0000000099600000| PB 0x0000000099600000| Untracked |  0
|   7|0x0000000099700000, 0x0000000099700000, 0x0000000099800000|  0%| F|  |TAMS 0x0000000099700000| PB 0x0000000099700000| Untracked |  0
|   8|0x0000000099800000, 0x0000000099800000, 0x0000000099900000|  0%| F|  |TAMS 0x0000000099800000| PB 0x0000000099800000| Untracked |  0
|   9|0x0000000099900000, 0x0000000099900000, 0x0000000099a00000|  0%| F|  |TAMS 0x0000000099900000| PB 0x0000000099900000| Untracked |  0
|  10|0x0000000099a00000, 0x0000000099a00000, 0x0000000099b00000|  0%| F|  |TAMS 0x0000000099a00000| PB 0x0000000099a00000| Untracked |  0
|  11|0x0000000099b00000, 0x0000000099b00000, 0x0000000099c00000|  0%| F|  |TAMS 0x0000000099b00000| PB 0x0000000099b00000| Untracked |  0
|  12|0x0000000099c00000, 0x0000000099c00000, 0x0000000099d00000|  0%| F|  |TAMS 0x0000000099c00000| PB 0x0000000099c00000| Untracked |  0
|  13|0x0000000099d00000, 0x0000000099d00000, 0x0000000099e00000|  0%| F|  |TAMS 0x0000000099d00000| PB 0x0000000099d00000| Untracked |  0
|  14|0x0000000099e00000, 0x0000000099e00000, 0x0000000099f00000|  0%| F|  |TAMS 0x0000000099e00000| PB 0x0000000099e00000| Untracked |  0
|  15|0x0000000099f00000, 0x0000000099f00000, 0x000000009a000000|  0%| F|  |TAMS 0x0000000099f00000| PB 0x0000000099f00000| Untracked |  0
|  16|0x000000009a000000, 0x000000009a000000, 0x000000009a100000|  0%| F|  |TAMS 0x000000009a000000| PB 0x000000009a000000| Untracked |  0
|  17|0x000000009a100000, 0x000000009a100000, 0x000000009a200000|  0%| F|  |TAMS 0x000000009a100000| PB 0x000000009a100000| Untracked |  0
|  18|0x000000009a200000, 0x000000009a200000, 0x000000009a300000|  0%| F|  |TAMS 0x000000009a200000| PB 0x000000009a200000| Untracked |  0
|  19|0x000000009a300000, 0x000000009a300000, 0x000000009a400000|  0%| F|  |TAMS 0x000000009a300000| PB 0x000000009a300000| Untracked |  0
|  20|0x000000009a400000, 0x000000009a400000, 0x000000009a500000|  0%| F|  |TAMS 0x000000009a400000| PB 0x000000009a400000| Untracked |  0
|  21|0x000000009a500000, 0x000000009a500000, 0x000000009a600000|  0%| F|  |TAMS 0x000000009a500000| PB 0x000000009a500000| Untracked |  0
|  22|0x000000009a600000, 0x000000009a600000, 0x000000009a700000|  0%| F|  |TAMS 0x000000009a600000| PB 0x000000009a600000| Untracked |  0
|  23|0x000000009a700000, 0x000000009a700000, 0x000000009a800000|  0%| F|  |TAMS 0x000000009a700000| PB 0x000000009a700000| Untracked |  0
|  24|0x000000009a800000, 0x000000009a800000, 0x000000009a900000|  0%| F|  |TAMS 0x000000009a800000| PB 0x000000009a800000| Untracked |  0
|  25|0x000000009a900000, 0x000000009a900000, 0x000000009aa00000|  0%| F|  |TAMS 0x000000009a900000| PB 0x000000009a900000| Untracked |  0
|  26|0x000000009aa00000, 0x000000009aa00000, 0x000000009ab00000|  0%| F|  |TAMS 0x000000009aa00000| PB 0x000000009aa00000| Untracked |  0
|  27|0x000000009ab00000, 0x000000009ab00000, 0x000000009ac00000|  0%| F|  |TAMS 0x000000009ab00000| PB 0x000000009ab00000| Untracked |  0
|  28|0x000000009ac00000, 0x000000009ac00000, 0x000000009ad00000|  0%| F|  |TAMS 0x000000009ac00000| PB 0x000000009ac00000| Untracked |  0
|  29|0x000000009ad00000, 0x000000009ad00000, 0x000000009ae00000|  0%| F|  |TAMS 0x000000009ad00000| PB 0x000000009ad00000| Untracked |  0
|  30|0x000000009ae00000, 0x000000009ae00000, 0x000000009af00000|  0%| F|  |TAMS 0x000000009ae00000| PB 0x000000009ae00000| Untracked |  0
|  31|0x000000009af00000, 0x000000009af00000, 0x000000009b000000|  0%| F|  |TAMS 0x000000009af00000| PB 0x000000009af00000| Untracked |  0
|  32|0x000000009b000000, 0x000000009b000000, 0x000000009b100000|  0%| F|  |TAMS 0x000000009b000000| PB 0x000000009b000000| Untracked |  0
|  33|0x000000009b100000, 0x000000009b100000, 0x000000009b200000|  0%| F|  |TAMS 0x000000009b100000| PB 0x000000009b100000| Untracked |  0
|  34|0x000000009b200000, 0x000000009b200000, 0x000000009b300000|  0%| F|  |TAMS 0x000000009b200000| PB 0x000000009b200000| Untracked |  0
|  35|0x000000009b300000, 0x000000009b300000, 0x000000009b400000|  0%| F|  |TAMS 0x000000009b300000| PB 0x000000009b300000| Untracked |  0
|  36|0x000000009b400000, 0x000000009b400000, 0x000000009b500000|  0%| F|  |TAMS 0x000000009b400000| PB 0x000000009b400000| Untracked |  0
|  37|0x000000009b500000, 0x000000009b500000, 0x000000009b600000|  0%| F|  |TAMS 0x000000009b500000| PB 0x000000009b500000| Untracked |  0
|  38|0x000000009b600000, 0x000000009b600000, 0x000000009b700000|  0%| F|  |TAMS 0x000000009b600000| PB 0x000000009b600000| Untracked |  0
|  39|0x000000009b700000, 0x000000009b700000, 0x000000009b800000|  0%| F|  |TAMS 0x000000009b700000| PB 0x000000009b700000| Untracked |  0
|  40|0x000000009b800000, 0x000000009b800000, 0x000000009b900000|  0%| F|  |TAMS 0x000000009b800000| PB 0x000000009b800000| Untracked |  0
|  41|0x000000009b900000, 0x000000009b900000, 0x000000009ba00000|  0%| F|  |TAMS 0x000000009b900000| PB 0x000000009b900000| Untracked |  0
|  42|0x000000009ba00000, 0x000000009ba00000, 0x000000009bb00000|  0%| F|  |TAMS 0x000000009ba00000| PB 0x000000009ba00000| Untracked |  0
|  43|0x000000009bb00000, 0x000000009bb00000, 0x000000009bc00000|  0%| F|  |TAMS 0x000000009bb00000| PB 0x000000009bb00000| Untracked |  0
|  44|0x000000009bc00000, 0x000000009bc00000, 0x000000009bd00000|  0%| F|  |TAMS 0x000000009bc00000| PB 0x000000009bc00000| Untracked |  0
|  45|0x000000009bd00000, 0x000000009bd00000, 0x000000009be00000|  0%| F|  |TAMS 0x000000009bd00000| PB 0x000000009bd00000| Untracked |  0
|  46|0x000000009be00000, 0x000000009be00000, 0x000000009bf00000|  0%| F|  |TAMS 0x000000009be00000| PB 0x000000009be00000| Untracked |  0
|  47|0x000000009bf00000, 0x000000009bf00000, 0x000000009c000000|  0%| F|  |TAMS 0x000000009bf00000| PB 0x000000009bf00000| Untracked |  0
|  48|0x000000009c000000, 0x000000009c000000, 0x000000009c100000|  0%| F|  |TAMS 0x000000009c000000| PB 0x000000009c000000| Untracked |  0
|  49|0x000000009c100000, 0x000000009c100000, 0x000000009c200000|  0%| F|  |TAMS 0x000000009c100000| PB 0x000000009c100000| Untracked |  0
|  50|0x000000009c200000, 0x000000009c200000, 0x000000009c300000|  0%| F|  |TAMS 0x000000009c200000| PB 0x000000009c200000| Untracked |  0
|  51|0x000000009c300000, 0x000000009c300000, 0x000000009c400000|  0%| F|  |TAMS 0x000000009c300000| PB 0x000000009c300000| Untracked |  0
|  52|0x000000009c400000, 0x000000009c400000, 0x000000009c500000|  0%| F|  |TAMS 0x000000009c400000| PB 0x000000009c400000| Untracked |  0
|  53|0x000000009c500000, 0x000000009c500000, 0x000000009c600000|  0%| F|  |TAMS 0x000000009c500000| PB 0x000000009c500000| Untracked |  0
|  54|0x000000009c600000, 0x000000009c600000, 0x000000009c700000|  0%| F|  |TAMS 0x000000009c600000| PB 0x000000009c600000| Untracked |  0
|  55|0x000000009c700000, 0x000000009c700000, 0x000000009c800000|  0%| F|  |TAMS 0x000000009c700000| PB 0x000000009c700000| Untracked |  0
|  56|0x000000009c800000, 0x000000009c800000, 0x000000009c900000|  0%| F|  |TAMS 0x000000009c800000| PB 0x000000009c800000| Untracked |  0
|  57|0x000000009c900000, 0x000000009c900000, 0x000000009ca00000|  0%| F|  |TAMS 0x000000009c900000| PB 0x000000009c900000| Untracked |  0
|  58|0x000000009ca00000, 0x000000009ca00000, 0x000000009cb00000|  0%| F|  |TAMS 0x000000009ca00000| PB 0x000000009ca00000| Untracked |  0
|  59|0x000000009cb00000, 0x000000009cb00000, 0x000000009cc00000|  0%| F|  |TAMS 0x000000009cb00000| PB 0x000000009cb00000| Untracked |  0
|  60|0x000000009cc00000, 0x000000009cc00000, 0x000000009cd00000|  0%| F|  |TAMS 0x000000009cc00000| PB 0x000000009cc00000| Untracked |  0
|  61|0x000000009cd00000, 0x000000009cd00000, 0x000000009ce00000|  0%| F|  |TAMS 0x000000009cd00000| PB 0x000000009cd00000| Untracked |  0
|  62|0x000000009ce00000, 0x000000009ce00000, 0x000000009cf00000|  0%| F|  |TAMS 0x000000009ce00000| PB 0x000000009ce00000| Untracked |  0
|  63|0x000000009cf00000, 0x000000009cf00000, 0x000000009d000000|  0%| F|  |TAMS 0x000000009cf00000| PB 0x000000009cf00000| Untracked |  0
|  64|0x000000009d000000, 0x000000009d000000, 0x000000009d100000|  0%| F|  |TAMS 0x000000009d000000| PB 0x000000009d000000| Untracked |  0
|  65|0x000000009d100000, 0x000000009d100000, 0x000000009d200000|  0%| F|  |TAMS 0x000000009d100000| PB 0x000000009d100000| Untracked |  0
|  66|0x000000009d200000, 0x000000009d200000, 0x000000009d300000|  0%| F|  |TAMS 0x000000009d200000| PB 0x000000009d200000| Untracked |  0
|  67|0x000000009d300000, 0x000000009d300000, 0x000000009d400000|  0%| F|  |TAMS 0x000000009d300000| PB 0x000000009d300000| Untracked |  0
|  68|0x000000009d400000, 0x000000009d400000, 0x000000009d500000|  0%| F|  |TAMS 0x000000009d400000| PB 0x000000009d400000| Untracked |  0
|  69|0x000000009d500000, 0x000000009d500000, 0x000000009d600000|  0%| F|  |TAMS 0x000000009d500000| PB 0x000000009d500000| Untracked |  0
|  70|0x000000009d600000, 0x000000009d600000, 0x000000009d700000|  0%| F|  |TAMS 0x000000009d600000| PB 0x000000009d600000| Untracked |  0
|  71|0x000000009d700000, 0x000000009d700000, 0x000000009d800000|  0%| F|  |TAMS 0x000000009d700000| PB 0x000000009d700000| Untracked |  0
|  72|0x000000009d800000, 0x000000009d800000, 0x000000009d900000|  0%| F|  |TAMS 0x000000009d800000| PB 0x000000009d800000| Untracked |  0
|  73|0x000000009d900000, 0x000000009d900000, 0x000000009da00000|  0%| F|  |TAMS 0x000000009d900000| PB 0x000000009d900000| Untracked |  0
|  74|0x000000009da00000, 0x000000009da00000, 0x000000009db00000|  0%| F|  |TAMS 0x000000009da00000| PB 0x000000009da00000| Untracked |  0
|  75|0x000000009db00000, 0x000000009db00000, 0x000000009dc00000|  0%| F|  |TAMS 0x000000009db00000| PB 0x000000009db00000| Untracked |  0
|  76|0x000000009dc00000, 0x000000009dc00000, 0x000000009dd00000|  0%| F|  |TAMS 0x000000009dc00000| PB 0x000000009dc00000| Untracked |  0
|  77|0x000000009dd00000, 0x000000009dd00000, 0x000000009de00000|  0%| F|  |TAMS 0x000000009dd00000| PB 0x000000009dd00000| Untracked |  0
|  78|0x000000009de00000, 0x000000009de00000, 0x000000009df00000|  0%| F|  |TAMS 0x000000009de00000| PB 0x000000009de00000| Untracked |  0
|  79|0x000000009df00000, 0x000000009df00000, 0x000000009e000000|  0%| F|  |TAMS 0x000000009df00000| PB 0x000000009df00000| Untracked |  0
|  80|0x000000009e000000, 0x000000009e000000, 0x000000009e100000|  0%| F|  |TAMS 0x000000009e000000| PB 0x000000009e000000| Untracked |  0
|  81|0x000000009e100000, 0x000000009e100000, 0x000000009e200000|  0%| F|  |TAMS 0x000000009e100000| PB 0x000000009e100000| Untracked |  0
|  82|0x000000009e200000, 0x000000009e200000, 0x000000009e300000|  0%| F|  |TAMS 0x000000009e200000| PB 0x000000009e200000| Untracked |  0
|  83|0x000000009e300000, 0x000000009e300000, 0x000000009e400000|  0%| F|  |TAMS 0x000000009e300000| PB 0x000000009e300000| Untracked |  0
|  84|0x000000009e400000, 0x000000009e400000, 0x000000009e500000|  0%| F|  |TAMS 0x000000009e400000| PB 0x000000009e400000| Untracked |  0
|  85|0x000000009e500000, 0x000000009e500000, 0x000000009e600000|  0%| F|  |TAMS 0x000000009e500000| PB 0x000000009e500000| Untracked |  0
|  86|0x000000009e600000, 0x000000009e600000, 0x000000009e700000|  0%| F|  |TAMS 0x000000009e600000| PB 0x000000009e600000| Untracked |  0
|  87|0x000000009e700000, 0x000000009e700000, 0x000000009e800000|  0%| F|  |TAMS 0x000000009e700000| PB 0x000000009e700000| Untracked |  0
|  88|0x000000009e800000, 0x000000009e800000, 0x000000009e900000|  0%| F|  |TAMS 0x000000009e800000| PB 0x000000009e800000| Untracked |  0
|  89|0x000000009e900000, 0x000000009e900000, 0x000000009ea00000|  0%| F|  |TAMS 0x000000009e900000| PB 0x000000009e900000| Untracked |  0
|  90|0x000000009ea00000, 0x000000009ea00000, 0x000000009eb00000|  0%| F|  |TAMS 0x000000009ea00000| PB 0x000000009ea00000| Untracked |  0
|  91|0x000000009eb00000, 0x000000009eb00000, 0x000000009ec00000|  0%| F|  |TAMS 0x000000009eb00000| PB 0x000000009eb00000| Untracked |  0
|  92|0x000000009ec00000, 0x000000009ec00000, 0x000000009ed00000|  0%| F|  |TAMS 0x000000009ec00000| PB 0x000000009ec00000| Untracked |  0
|  93|0x000000009ed00000, 0x000000009ed00000, 0x000000009ee00000|  0%| F|  |TAMS 0x000000009ed00000| PB 0x000000009ed00000| Untracked |  0
|  94|0x000000009ee00000, 0x000000009ef00000, 0x000000009ef00000|100%| E|  |TAMS 0x000000009ee00000| PB 0x000000009ee00000| Complete |  0
|  95|0x000000009ef00000, 0x000000009f000000, 0x000000009f000000|100%| E|CS|TAMS 0x000000009ef00000| PB 0x000000009ef00000| Complete |  0
|  96|0x000000009f000000, 0x000000009f100000, 0x000000009f100000|100%| E|CS|TAMS 0x000000009f000000| PB 0x000000009f000000| Complete |  0
|  97|0x000000009f100000, 0x000000009f200000, 0x000000009f200000|100%| E|CS|TAMS 0x000000009f100000| PB 0x000000009f100000| Complete |  0
|  98|0x000000009f200000, 0x000000009f300000, 0x000000009f300000|100%| E|CS|TAMS 0x000000009f200000| PB 0x000000009f200000| Complete |  0
|  99|0x000000009f300000, 0x000000009f400000, 0x000000009f400000|100%| E|CS|TAMS 0x000000009f300000| PB 0x000000009f300000| Complete |  0
| 100|0x000000009f400000, 0x000000009f500000, 0x000000009f500000|100%| E|CS|TAMS 0x000000009f400000| PB 0x000000009f400000| Complete |  0
| 101|0x000000009f500000, 0x000000009f600000, 0x000000009f600000|100%| E|CS|TAMS 0x000000009f500000| PB 0x000000009f500000| Complete |  0
| 102|0x000000009f600000, 0x000000009f700000, 0x000000009f700000|100%| E|CS|TAMS 0x000000009f600000| PB 0x000000009f600000| Complete |  0
| 103|0x000000009f700000, 0x000000009f800000, 0x000000009f800000|100%| E|CS|TAMS 0x000000009f700000| PB 0x000000009f700000| Complete |  0
|1646|0x00000000ffe00000, 0x00000000fff00000, 0x00000000fff00000|100%| O|  |TAMS 0x00000000ffe00000| PB 0x00000000ffe00000| Untracked |  0
|1647|0x00000000fff00000, 0x00000000fff24ea8, 0x0000000100000000| 14%| O|  |TAMS 0x00000000fff00000| PB 0x00000000fff00000| Untracked |  0

Card table byte_map: [0x00000183b5140000,0x00000183b5480000] _byte_map_base: 0x00000183b4c78000

Marking Bits: (CMBitMap*) 0x000001839d34f060
 Bits: [0x00000183b5480000, 0x00000183b6e40000)

Polling page: 0x000001839b090000

Metaspace:
Metaspace        used 6321K, committed 6528K, reserved 1114112K
 class space     used 669K, committed 768K, reserved 1048576K

Usage:
  Non-class:      5.52 MB used.
      Class:    669.84 KB used.
       Both:      6.17 MB used.

Virtual space:
  Non-class space:       64.00 MB reserved,       5.62 MB (  9%) committed,  1 nodes.
      Class space:        1.00 GB reserved,     768.00 KB ( <1%) committed,  1 nodes.
             Both:        1.06 GB reserved,       6.38 MB ( <1%) committed. 

Chunk freelists:
   Non-Class:  10.42 MB
       Class:  15.24 MB
        Both:  25.66 MB

MaxMetaspaceSize: unlimited
CompressedClassSpaceSize: 1.00 GB
Initial GC threshold: 21.00 MB
Current GC threshold: 21.00 MB
CDS: on
 - commit_granule_bytes: 65536.
 - commit_granule_words: 8192.
 - virtual_space_node_default_size: 8388608.
 - enlarge_chunks_in_place: 1.
UseCompressedClassPointers 1, UseCompactObjectHeaders 0
Narrow klass pointer bits 32, Max shift 3
Narrow klass base: 0x0000000033000000, Narrow klass shift: 0
Encoding Range: [0x0000000033000000 - 0x0000000133000000), (4294967296 bytes)
Klass Range:    [0x0000000033010000 - 0x0000000074000000), (1090453504 bytes)
Klass ID Range:  [65536 - 1090519033) (1090453497)
Protection zone: [0x0000000033000000 - 0x0000000033010000), (65536 bytes)


Internal statistics:

num_allocs_failed_limit: 0.
num_arena_births: 74.
num_arena_deaths: 0.
num_vsnodes_births: 2.
num_vsnodes_deaths: 0.
num_space_committed: 102.
num_space_uncommitted: 0.
num_chunks_returned_to_freelist: 0.
num_chunks_taken_from_freelist: 87.
num_chunk_merges: 0.
num_chunk_splits: 58.
num_chunks_enlarged: 32.
num_inconsistent_stats: 0.

CodeHeap 'non-profiled nmethods': size=120064Kb used=202Kb max_used=202Kb free=119861Kb
 bounds [0x00000183ad8c0000, 0x00000183adb30000, 0x00000183b4e00000]
CodeHeap 'profiled nmethods': size=120000Kb used=844Kb max_used=844Kb free=119156Kb
 bounds [0x00000183a5e00000, 0x00000183a6070000, 0x00000183ad330000]
CodeHeap 'non-nmethods': size=5696Kb used=1461Kb max_used=1470Kb free=4234Kb
 bounds [0x00000183ad330000, 0x00000183ad5a0000, 0x00000183ad8c0000]
CodeCache: size=245760Kb, used=2507Kb, max_used=2516Kb, free=243251Kb
 total_blobs=1301, nmethods=709, adapters=496, full_count=0
Compilation: enabled, stopped_count=0, restarted_count=0

Compilation events (20 events):
Event: 1.905 Thread 0x000001839d3cda20  698       3       jdk.internal.logger.SurrogateLogger::defaultPlatformLevel (4 bytes)
Event: 1.905 Thread 0x000001839d3cda20 nmethod 698 0x00000183a5ed0608 code [0x00000183a5ed0700, 0x00000183a5ed0810]
Event: 1.905 Thread 0x000001839d3cda20  699       1       java.util.concurrent.locks.AbstractOwnableSynchronizer::getExclusiveOwnerThread (5 bytes)
Event: 1.905 Thread 0x000001839d3cda20 nmethod 699 0x00000183ad8f1688 code [0x00000183ad8f1780, 0x00000183ad8f1848]
Event: 1.948 Thread 0x000001839d3cda20  700       1       java.util.concurrent.locks.AbstractQueuedSynchronizer::getState (5 bytes)
Event: 1.948 Thread 0x000001839d3cda20 nmethod 700 0x00000183ad8f1988 code [0x00000183ad8f1a80, 0x00000183ad8f1b48]
Event: 2.146 Thread 0x000001839d3cda20  701       1       java.util.EventObject::getSource (5 bytes)
Event: 2.146 Thread 0x000001839d3cda20 nmethod 701 0x00000183ad8f1c88 code [0x00000183ad8f1d80, 0x00000183ad8f1e48]
Event: 97.959 Thread 0x000001839d3cda20  702       1       java.util.concurrent.locks.AbstractQueuedSynchronizer::setState (6 bytes)
Event: 97.959 Thread 0x000001839d3cda20 nmethod 702 0x00000183ad8f1f88 code [0x00000183ad8f2080, 0x00000183ad8f2150]
Event: 1559.130 Thread 0x000001839d3cda20  703       3       sun.awt.AWTAutoShutdown::getInstance (4 bytes)
Event: 1559.130 Thread 0x000001839d3cda20 nmethod 703 0x00000183a5ed0908 code [0x00000183a5ed0a00, 0x00000183a5ed0af0]
Event: 10148.648 Thread 0x000001839d3cda20  706       3       sun.awt.AWTAutoShutdown::isReadyToShutdown (37 bytes)
Event: 10151.431 Thread 0x000001839d3cda20 nmethod 706 0x00000183a5ed0c08 code [0x00000183a5ed0d00, 0x00000183a5ed1040]
Event: 10344.335 Thread 0x000001839d3cda20  707       3       java.util.IdentityHashMap::isEmpty (13 bytes)
Event: 10344.423 Thread 0x000001839d3cda20 nmethod 707 0x00000183a5ed1088 code [0x00000183a5ed1180, 0x00000183a5ed12d8]
Event: 12968.271 Thread 0x000001839d3cda20  708   !   3       sun.awt.AWTAutoShutdown::setToolkitBusy (124 bytes)
Event: 12969.988 Thread 0x000001839d3cda20 nmethod 708 0x00000183a5ed1388 code [0x00000183a5ed1480, 0x00000183a5ed1c30]
Event: 13088.864 Thread 0x000001839d3cda20  709       3       java.lang.String::concat (15 bytes)
Event: 13094.539 Thread 0x000001839d3cda20 nmethod 709 0x00000183a5ed1c88 code [0x00000183a5ed1d80, 0x00000183a5ed2f90]

GC Heap Usage History (0 events):
No events

Metaspace Usage History (0 events):
No events

Dll operation events (7 events):
Event: 0.015 Loaded shared library C:\Program Files\Apache NetBeans\jdk\bin\java.dll
Event: 0.151 Loaded shared library C:\Program Files\Apache NetBeans\jdk\bin\net.dll
Event: 0.154 Loaded shared library C:\Program Files\Apache NetBeans\jdk\bin\nio.dll
Event: 0.219 Loaded shared library C:\Program Files\Apache NetBeans\jdk\bin\jimage.dll
Event: 0.239 Loaded shared library C:\Program Files\Apache NetBeans\jdk\bin\awt.dll
Event: 0.614 Loaded shared library C:\Program Files\Apache NetBeans\jdk\bin\freetype.dll
Event: 0.616 Loaded shared library C:\Program Files\Apache NetBeans\jdk\bin\fontmanager.dll

Deoptimization events (8 events):
Event: 0.441 Thread 0x000001839b0ce6b0 Uncommon trap: trap_request=0xffffff45 fr.pc=0x00000183ad8cfcb0 relative=0x0000000000000730
Event: 0.441 Thread 0x000001839b0ce6b0 Uncommon trap: reason=unstable_if action=reinterpret pc=0x00000183ad8cfcb0 method=java.util.HashMap.putVal(ILjava/lang/Object;Ljava/lang/Object;ZZ)Ljava/lang/Object; @ 236 c2
Event: 0.441 Thread 0x000001839b0ce6b0 DEOPT PACKING pc=0x00000183ad8cfcb0 sp=0x0000005db75fdd70
Event: 0.441 Thread 0x000001839b0ce6b0 DEOPT UNPACKING pc=0x00000183ad44f902 sp=0x0000005db75fdcf8 mode 2
Event: 0.680 Thread 0x000001839b0ce6b0 Uncommon trap: trap_request=0xffffff45 fr.pc=0x00000183ad8eac68 relative=0x00000000000004e8
Event: 0.680 Thread 0x000001839b0ce6b0 Uncommon trap: reason=unstable_if action=reinterpret pc=0x00000183ad8eac68 method=java.lang.StringLatin1.replace([BCC)Ljava/lang/String; @ 19 c2
Event: 0.680 Thread 0x000001839b0ce6b0 DEOPT PACKING pc=0x00000183ad8eac68 sp=0x0000005db75fe540
Event: 0.680 Thread 0x000001839b0ce6b0 DEOPT UNPACKING pc=0x00000183ad44f902 sp=0x0000005db75fe4c0 mode 2

Classes loaded (20 events):
Event: 1.807 Loading class javax/swing/JComponent$KeyboardState
Event: 1.808 Loading class javax/swing/JComponent$KeyboardState done
Event: 1.808 Loading class javax/swing/JComponent$IntVector
Event: 1.808 Loading class javax/swing/JComponent$IntVector done
Event: 1.808 Loading class java/applet/Applet
Event: 1.808 Loading class java/awt/Panel
Event: 1.808 Loading class java/awt/Panel done
Event: 1.808 Loading class java/applet/Applet done
Event: 1.808 Loading class javax/swing/KeyboardManager
Event: 1.809 Loading class javax/swing/KeyboardManager done
Event: 1.809 Loading class javax/swing/Popup$HeavyWeightWindow
Event: 1.809 Loading class sun/awt/ModalExclude
Event: 1.809 Loading class sun/awt/ModalExclude done
Event: 1.809 Loading class javax/swing/JWindow
Event: 1.810 Loading class javax/swing/JWindow done
Event: 1.810 Loading class javax/swing/Popup$HeavyWeightWindow done
Event: 1559.130 Loading class java/awt/desktop/SystemSleepListener
Event: 1559.130 Loading class java/awt/desktop/SystemEventListener
Event: 1559.130 Loading class java/awt/desktop/SystemEventListener done
Event: 1559.130 Loading class java/awt/desktop/SystemSleepListener done

Classes unloaded (0 events):
No events

Classes redefined (0 events):
No events

Internal exceptions (20 events):
Event: 0.255 Thread 0x000001839b0ce6b0 Exception <a 'java/io/FileNotFoundException'{0x000000009f427890}> (0x000000009f427890) 
thrown [s\src\hotspot\share\prims\jni.cpp, line 516]
Event: 0.312 Thread 0x000001839b0ce6b0 Exception <a 'java/lang/NoSuchMethodError'{0x000000009f472850}: 'java.lang.Object java.lang.invoke.DirectMethodHandle$Holder.invokeStaticInit(java.lang.Object)'> (0x000000009f472850) 
thrown [s\src\hotspot\share\interpreter\linkResolver.cpp, line 804]
Event: 0.385 Thread 0x000001839b0ce6b0 Exception <a 'java/lang/NoSuchMethodError'{0x000000009f4a4518}: 'long java.lang.invoke.DirectMethodHandle$Holder.invokeStatic(java.lang.Object, java.lang.Object)'> (0x000000009f4a4518) 
thrown [s\src\hotspot\share\interpreter\linkResolver.cpp, line 804]
Event: 0.387 Thread 0x000001839b0ce6b0 Exception <a 'java/lang/NoSuchMethodError'{0x000000009f4ac570}: 'long java.lang.invoke.DirectMethodHandle$Holder.invokeStaticInit(java.lang.Object, java.lang.Object)'> (0x000000009f4ac570) 
thrown [s\src\hotspot\share\interpreter\linkResolver.cpp, line 804]
Event: 0.390 Thread 0x000001839b0ce6b0 Exception <a 'java/lang/NoSuchMethodError'{0x000000009f4b4e20}: 'java.lang.Object java.lang.invoke.DirectMethodHandle$Holder.invokeStatic(java.lang.Object, long, java.lang.Object)'> (0x000000009f4b4e20) 
thrown [s\src\hotspot\share\interpreter\linkResolver.cpp, line 804]
Event: 0.392 Thread 0x000001839b0ce6b0 Exception <a 'java/lang/NoSuchMethodError'{0x000000009f4bcf70}: 'java.lang.Object java.lang.invoke.DirectMethodHandle$Holder.invokeStaticInit(java.lang.Object, long, java.lang.Object)'> (0x000000009f4bcf70) 
thrown [s\src\hotspot\share\interpreter\linkResolver.cpp, line 804]
Event: 0.393 Thread 0x000001839b0ce6b0 Exception <a 'java/lang/NoSuchMethodError'{0x000000009f4c5780}: 'java.lang.Object java.lang.invoke.DirectMethodHandle$Holder.invokeStaticInit(java.lang.Object, long)'> (0x000000009f4c5780) 
thrown [s\src\hotspot\share\interpreter\linkResolver.cpp, line 804]
Event: 0.451 Thread 0x000001839b0ce6b0 Exception <a 'java/lang/NoSuchMethodError'{0x000000009f4f3f20}: 'void java.lang.invoke.DirectMethodHandle$Holder.invokeSpecial(java.lang.Object, java.lang.Object, java.lang.Object)'> (0x000000009f4f3f20) 
thrown [s\src\hotspot\share\interpreter\linkResolver.cpp, line 804]
Event: 0.474 Thread 0x000001839b0ce6b0 Exception <a 'java/lang/NoSuchMethodError'{0x000000009f3e3450}: 'java.lang.Object java.lang.invoke.DirectMethodHandle$Holder.newInvokeSpecial(java.lang.Object, java.lang.Object, java.lang.Object, java.lang.Object, java.lang.Object)'> (0x000000009f3e3450) 
thrown [s\src\hotspot\share\interpreter\linkResolver.cpp, line 804]
Event: 0.490 Thread 0x000001839b0ce6b0 Exception <a 'java/lang/NoSuchMethodError'{0x000000009f24b1b8}: 'java.lang.Object java.lang.invoke.DirectMethodHandle$Holder.invokeStatic(java.lang.Object, int, java.lang.Object)'> (0x000000009f24b1b8) 
thrown [s\src\hotspot\share\interpreter\linkResolver.cpp, line 804]
Event: 0.554 Thread 0x000001839b0ce6b0 Exception <a 'java/lang/ClassNotFoundException'{0x000000009f0778e0}: com/sun/swing/internal/plaf/metal/resources/spi/metalProvider> (0x000000009f0778e0) 
thrown [s\src\hotspot\share\classfile\systemDictionary.cpp, line 327]
Event: 0.555 Thread 0x000001839b0ce6b0 Exception <a 'java/lang/ClassNotFoundException'{0x000000009f07b3a0}: com/sun/swing/internal/plaf/basic/resources/spi/basicProvider> (0x000000009f07b3a0) 
thrown [s\src\hotspot\share\classfile\systemDictionary.cpp, line 327]
Event: 0.569 Thread 0x000001839b0ce6b0 Exception <a 'java/lang/NoSuchMethodError'{0x000000009f0a9330}: 'int java.lang.invoke.Invokers$Holder.invokeExact_MT(java.lang.Object, java.lang.Object)'> (0x000000009f0a9330) 
thrown [s\src\hotspot\share\interpreter\linkResolver.cpp, line 804]
Event: 0.606 Thread 0x000001839b0ce6b0 Exception <a 'java/lang/NoSuchMethodError'{0x000000009f0d64b0}: 'void java.lang.invoke.DirectMethodHandle$Holder.invokeStaticInit(java.lang.Object)'> (0x000000009f0d64b0) 
thrown [s\src\hotspot\share\interpreter\linkResolver.cpp, line 804]
Event: 0.630 Thread 0x000001839b0ce6b0 Exception <a 'java/lang/NoSuchMethodError'{0x000000009ef8baf0}: 'long java.lang.invoke.DirectMethodHandle$Holder.invokeStaticInit(java.lang.Object, long, long, long, long)'> (0x000000009ef8baf0) 
thrown [s\src\hotspot\share\interpreter\linkResolver.cpp, line 804]
Event: 0.631 Thread 0x000001839b0ce6b0 Exception <a 'java/lang/NoSuchMethodError'{0x000000009ef94550}: 'java.lang.Object java.lang.invoke.DirectMethodHandle$Holder.invokeInterface(java.lang.Object, java.lang.Object, long, long)'> (0x000000009ef94550) 
thrown [s\src\hotspot\share\interpreter\linkResolver.cpp, line 804]
Event: 0.635 Thread 0x000001839b0ce6b0 Exception <a 'java/lang/NoSuchMethodError'{0x000000009efacef8}: 'void java.lang.invoke.DirectMethodHandle$Holder.invokeStaticInit(java.lang.Object, java.lang.Object, long, java.lang.Object)'> (0x000000009efacef8) 
thrown [s\src\hotspot\share\interpreter\linkResolver.cpp, line 804]
Event: 0.636 Thread 0x000001839b0ce6b0 Exception <a 'java/lang/NoSuchMethodError'{0x000000009efb5b30}: 'long java.lang.invoke.DirectMethodHandle$Holder.invokeStatic(java.lang.Object, long, long)'> (0x000000009efb5b30) 
thrown [s\src\hotspot\share\interpreter\linkResolver.cpp, line 804]
Event: 0.641 Thread 0x000001839b0ce6b0 Exception <a 'java/lang/NoSuchMethodError'{0x000000009efd8088}: 'java.lang.Object java.lang.invoke.DirectMethodHandle$Holder.newInvokeSpecial(java.lang.Object, int, java.lang.Object)'> (0x000000009efd8088) 
thrown [s\src\hotspot\share\interpreter\linkResolver.cpp, line 804]
Event: 0.708 Thread 0x00000183b964f980 Exception <a 'java/lang/NoSuchMethodError'{0x000000009f310bb0}: 'void java.lang.invoke.DirectMethodHandle$Holder.invokeVirtual(java.lang.Object, java.lang.Object)'> (0x000000009f310bb0) 
thrown [s\src\hotspot\share\interpreter\linkResolver.cpp, line 804]

VM Operations (8 events):
Event: 0.162 Executing non-safepoint VM operation: HandshakeAllThreads (Deoptimize)
Event: 0.162 Executing non-safepoint VM operation: HandshakeAllThreads (Deoptimize) done
Event: 0.590 Executing non-safepoint VM operation: HandshakeAllThreads (Deoptimize)
Event: 0.590 Executing non-safepoint VM operation: HandshakeAllThreads (Deoptimize) done
Event: 60.218 Executing non-safepoint VM operation: HandshakeAllThreads (HandshakeForDeflation)
Event: 60.218 Executing non-safepoint VM operation: HandshakeAllThreads (HandshakeForDeflation) done
Event: 60.219 Executing non-safepoint VM operation: RendezvousGCThreads
Event: 60.219 Executing non-safepoint VM operation: RendezvousGCThreads done

Memory protections (0 events):
No events

Nmethod flushes (0 events):
No events

Events (17 events):
Event: 0.040 Thread 0x000001839b0ce6b0 Thread added: 0x000001839b0ce6b0
Event: 0.064 Thread 0x000001839b0ce6b0 Thread added: 0x000001839d3c23f0
Event: 0.065 Thread 0x000001839b0ce6b0 Thread added: 0x000001839d3c4260
Event: 0.065 Thread 0x000001839b0ce6b0 Thread added: 0x000001839d3c74d0
Event: 0.065 Thread 0x000001839b0ce6b0 Thread added: 0x000001839d3c90a0
Event: 0.065 Thread 0x000001839b0ce6b0 Thread added: 0x000001839d3ca400
Event: 0.066 Thread 0x000001839b0ce6b0 Thread added: 0x000001839d3cafc0
Event: 0.066 Thread 0x000001839b0ce6b0 Thread added: 0x00000183b928ffa0
Event: 0.066 Thread 0x000001839b0ce6b0 Thread added: 0x000001839d3cda20
Event: 0.148 Thread 0x000001839b0ce6b0 Thread added: 0x00000183b9367df0
Event: 0.195 Thread 0x000001839b0ce6b0 Thread added: 0x00000183b95d28c0
Event: 0.342 Thread 0x000001839b0ce6b0 Thread added: 0x00000183b9647b90
Event: 0.344 Thread 0x000001839b0ce6b0 Thread added: 0x00000183b964b6f0
Event: 0.344 Thread 0x000001839b0ce6b0 Thread added: 0x00000183b964f980
Event: 0.584 Thread 0x00000183b964f980 Thread added: 0x00000183bea750a0
Event: 0.714 Thread 0x000001839b0ce6b0 Thread exited: 0x000001839b0ce6b0
Event: 0.714 Thread 0x000001839b0ce6b0 Thread added: 0x000001839b0ce6b0


Dynamic libraries:
0x00007ff6c8620000 - 0x00007ff6c862e000 	C:\Program Files\Apache NetBeans\jdk\bin\java.exe
0x00007ffb9e390000 - 0x00007ffb9e588000 	C:\Windows\SYSTEM32\ntdll.dll
0x00007ffb9d0a0000 - 0x00007ffb9d162000 	C:\Windows\System32\KERNEL32.DLL
0x00007ffb9bfd0000 - 0x00007ffb9c2c6000 	C:\Windows\System32\KERNELBASE.dll
0x00007ffb9ba50000 - 0x00007ffb9bb50000 	C:\Windows\System32\ucrtbase.dll
0x00007ffb96d00000 - 0x00007ffb96d1e000 	C:\Program Files\Apache NetBeans\jdk\bin\VCRUNTIME140.dll
0x00007ffb803b0000 - 0x00007ffb803c6000 	C:\Program Files\Apache NetBeans\jdk\bin\jli.dll
0x00007ffb9cd60000 - 0x00007ffb9cf01000 	C:\Windows\System32\USER32.dll
0x00007ffb8d150000 - 0x00007ffb8d3eb000 	C:\Windows\WinSxS\amd64_microsoft.windows.common-controls_6595b64144ccf1df_6.0.19041.6456_none_60b8a6cb71f64256\COMCTL32.dll
0x00007ffb9ba20000 - 0x00007ffb9ba42000 	C:\Windows\System32\win32u.dll
0x00007ffb9ccc0000 - 0x00007ffb9cd5e000 	C:\Windows\System32\msvcrt.dll
0x00007ffb9dcc0000 - 0x00007ffb9dceb000 	C:\Windows\System32\GDI32.dll
0x00007ffb9bda0000 - 0x00007ffb9beb9000 	C:\Windows\System32\gdi32full.dll
0x00007ffb9bb50000 - 0x00007ffb9bbed000 	C:\Windows\System32\msvcp_win.dll
0x00007ffb9d200000 - 0x00007ffb9d22f000 	C:\Windows\System32\IMM32.DLL
0x00007ffb982a0000 - 0x00007ffb982ac000 	C:\Program Files\Apache NetBeans\jdk\bin\vcruntime140_1.dll
0x00007ffb39f40000 - 0x00007ffb39fcd000 	C:\Program Files\Apache NetBeans\jdk\bin\msvcp140.dll
0x00007ffb3a150000 - 0x00007ffb3b076000 	C:\Program Files\Apache NetBeans\jdk\bin\server\jvm.dll
0x00007ffb9d230000 - 0x00007ffb9d2e1000 	C:\Windows\System32\ADVAPI32.dll
0x00007ffb9cc20000 - 0x00007ffb9ccbf000 	C:\Windows\System32\sechost.dll
0x00007ffb9d2f0000 - 0x00007ffb9d410000 	C:\Windows\System32\RPCRT4.dll
0x00007ffb9c380000 - 0x00007ffb9c3a7000 	C:\Windows\System32\bcrypt.dll
0x00007ffb9d170000 - 0x00007ffb9d1db000 	C:\Windows\System32\WS2_32.dll
0x00007ffb9afb0000 - 0x00007ffb9affb000 	C:\Windows\SYSTEM32\POWRPROF.dll
0x00007ffb8cf70000 - 0x00007ffb8cf97000 	C:\Windows\SYSTEM32\WINMM.dll
0x00007ffb8d4f0000 - 0x00007ffb8d4fa000 	C:\Windows\SYSTEM32\VERSION.dll
0x00007ffb9ae20000 - 0x00007ffb9ae32000 	C:\Windows\SYSTEM32\UMPDC.dll
0x00007ffb9a230000 - 0x00007ffb9a242000 	C:\Windows\SYSTEM32\kernel.appcore.dll
0x00007ffb96cf0000 - 0x00007ffb96cfa000 	C:\Program Files\Apache NetBeans\jdk\bin\jimage.dll
0x00007ffb8c0b0000 - 0x00007ffb8c2b1000 	C:\Windows\SYSTEM32\DBGHELP.DLL
0x00007ffb8b730000 - 0x00007ffb8b764000 	C:\Windows\SYSTEM32\dbgcore.DLL
0x00007ffb9bec0000 - 0x00007ffb9bf42000 	C:\Windows\System32\bcryptPrimitives.dll
0x00007ffb94a70000 - 0x00007ffb94a8e000 	C:\Program Files\Apache NetBeans\jdk\bin\java.dll
0x00007ffb9e220000 - 0x00007ffb9e34b000 	C:\Windows\System32\ole32.dll
0x00007ffb9c550000 - 0x00007ffb9c8a4000 	C:\Windows\System32\combase.dll
0x00007ffb9d550000 - 0x00007ffb9dcc0000 	C:\Windows\System32\SHELL32.dll
0x00007ffb99970000 - 0x00007ffb9a115000 	C:\Windows\SYSTEM32\windows.storage.dll
0x00007ffb9b450000 - 0x00007ffb9b47b000 	C:\Windows\SYSTEM32\Wldp.dll
0x00007ffb9c910000 - 0x00007ffb9c9dd000 	C:\Windows\System32\OLEAUT32.dll
0x00007ffb9d410000 - 0x00007ffb9d4bd000 	C:\Windows\System32\SHCORE.dll
0x00007ffb9cf20000 - 0x00007ffb9cf7b000 	C:\Windows\System32\shlwapi.dll
0x00007ffb9b950000 - 0x00007ffb9b974000 	C:\Windows\SYSTEM32\profapi.dll
0x00007ffb601b0000 - 0x00007ffb601c1000 	C:\Program Files\Apache NetBeans\jdk\bin\net.dll
0x00007ffb9b1b0000 - 0x00007ffb9b21a000 	C:\Windows\system32\mswsock.dll
0x00007ffb60190000 - 0x00007ffb601a6000 	C:\Program Files\Apache NetBeans\jdk\bin\nio.dll
0x00007ffb39fd0000 - 0x00007ffb3a150000 	C:\Program Files\Apache NetBeans\jdk\bin\awt.dll
0x00007ffb969c0000 - 0x00007ffb96a54000 	C:\Windows\SYSTEM32\apphelp.dll
0x00007ffb98ef0000 - 0x00007ffb98f1e000 	C:\Windows\system32\DWMAPI.DLL
0x00007ffb98a20000 - 0x00007ffb98abe000 	C:\Windows\system32\uxtheme.dll
0x00007ffb75960000 - 0x00007ffb75a88000 	C:\Windows\system32\opengl32.dll
0x00007ffb758f0000 - 0x00007ffb7591c000 	C:\Windows\SYSTEM32\GLU32.dll
0x00007ffb9cf80000 - 0x00007ffb9d095000 	C:\Windows\System32\MSCTF.dll
0x00007ffb39eb0000 - 0x00007ffb39f37000 	C:\Program Files\Apache NetBeans\jdk\bin\freetype.dll
0x00007ffb39dc0000 - 0x00007ffb39eaf000 	C:\Program Files\Apache NetBeans\jdk\bin\fontmanager.dll
0x00007ffb8a040000 - 0x00007ffb8a139000 	C:\Windows\SYSTEM32\textinputframework.dll
0x00007ffb962d0000 - 0x00007ffb963c2000 	C:\Windows\System32\CoreMessaging.dll
0x00007ffb95f70000 - 0x00007ffb962cb000 	C:\Windows\System32\CoreUIComponents.dll
0x00007ffb9acb0000 - 0x00007ffb9ace3000 	C:\Windows\SYSTEM32\ntmarta.dll
0x00007ffb98090000 - 0x00007ffb981e7000 	C:\Windows\SYSTEM32\wintypes.dll
0x00007ffb9dcf0000 - 0x00007ffb9dd99000 	C:\Windows\System32\clbcatq.dll

JVMTI agents: none

dbghelp: loaded successfully - version: 4.0.5 - missing functions: none
symbol engine: initialized successfully - sym options: 0x614 - pdb path: .;C:\Program Files\Apache NetBeans\jdk\bin;C:\Windows\SYSTEM32;C:\Windows\WinSxS\amd64_microsoft.windows.common-controls_6595b64144ccf1df_6.0.19041.6456_none_60b8a6cb71f64256;C:\Program Files\Apache NetBeans\jdk\bin\server

VM Arguments:
jvm_args: -Dfile.encoding=UTF-8 --module-path=C:\Users\User\Documents\NetBeansProjects\University_Management_System\build\classes 
java_command: university_management_system.Project
java_class_path (initial): C:\Users\User\Documents\NetBeansProjects\University_Management_System\build\classes
Launcher Type: SUN_STANDARD

[Global flags]
     intx CICompilerCount                          = 3                                         {product} {ergonomic}
     uint ConcGCThreads                            = 1                                         {product} {ergonomic}
     uint G1ConcRefinementThreads                  = 4                                         {product} {ergonomic}
   size_t G1HeapRegionSize                         = 1048576                                   {product} {ergonomic}
   size_t InitialHeapSize                          = 109051904                                 {product} {ergonomic}
   size_t MarkStackSize                            = 4194304                                   {product} {ergonomic}
   size_t MarkStackSizeMax                         = 536870912                                 {product} {ergonomic}
   size_t MaxHeapSize                              = 1728053248                                {product} {ergonomic}
   size_t MaxNewSize                               = 1035993088                                {product} {ergonomic}
   size_t MinHeapDeltaBytes                        = 1048576                                   {product} {ergonomic}
   size_t MinHeapSize                              = 8388608                                   {product} {ergonomic}
    uintx NonNMethodCodeHeapSize                   = 5832704                                {pd product} {ergonomic}
    uintx NonProfiledCodeHeapSize                  = 122945536                              {pd product} {ergonomic}
    uintx ProfiledCodeHeapSize                     = 122880000                              {pd product} {ergonomic}
    uintx ReservedCodeCacheSize                    = 251658240                              {pd product} {ergonomic}
     bool SegmentedCodeCache                       = true                                      {product} {ergonomic}
   size_t SoftMaxHeapSize                          = 1728053248                             {manageable} {ergonomic}
     bool UseCompressedOops                        = true                           {product lp64_product} {ergonomic}
     bool UseG1GC                                  = true                                      {product} {ergonomic}
     bool UseLargePagesIndividualAllocation        = false                                  {pd product} {ergonomic}

Logging:
Log output configuration:
 #0: stdout all=warning uptime,level,tags foldmultilines=false
 #1: stderr all=off uptime,level,tags foldmultilines=false

Release file:
IMPLEMENTOR="Eclipse Adoptium" 
IMPLEMENTOR_VERSION="Temurin-25.0.2+10" 
JAVA_RUNTIME_VERSION="25.0.2+10-LTS" 
JAVA_VERSION="25.0.2" 
JAVA_VERSION_DATE="2026-01-20" 
LIBC="default" 
MODULES="java.base java.compiler java.datatransfer java.xml java.prefs java.desktop java.instrument java.logging java.management java.security.sasl java.naming java.rmi java.management.rmi java.net.http java.scripting java.security.jgss java.transaction.xa java.sql java.sql.rowset java.xml.crypto java.se java.smartcardio jdk.accessibility jdk.internal.jvmstat jdk.attach jdk.charsets jdk.internal.opt jdk.zipfs jdk.compiler jdk.crypto.cryptoki jdk.crypto.ec jdk.crypto.mscapi jdk.dynalink jdk.internal.ed jdk.editpad jdk.internal.vm.ci jdk.graal.compiler jdk.graal.compiler.management jdk.hotspot.agent jdk.httpserver jdk.incubator.vector jdk.internal.le jdk.internal.md jdk.jartool jdk.javadoc jdk.jcmd jdk.management jdk.management.agent jdk.jconsole jdk.jdeps jdk.jdwp.agent jdk.jdi jdk.jfr jdk.jlink jdk.jpackage jdk.jshell jdk.jsobject jdk.jstatd jdk.localedata jdk.management.jfr jdk.naming.dns jdk.naming.rmi jdk.net jdk.nio.mapmode jdk.sctp jdk.security.auth jdk.security.jgss jdk.unsupported jdk.unsupported.desktop jdk.xml.dom" 
OS_ARCH="x86_64" 
OS_NAME="Windows" 
SOURCE=".:git:9e3c947043a4" 
BUILD_SOURCE="git:458965074606f027bd5afce2cfd5c1055dea0438"
BUILD_SOURCE_REPO="https://github.com/adoptium/temurin-build.git"
SOURCE_REPO="https://github.com/adoptium/jdk25u.git"
FULL_VERSION="25.0.2+10-LTS"
SEMANTIC_VERSION="25.0.2+10"
BUILD_INFO="OS: Windows Server 2022 Version: 10.0"
JVM_VARIANT="Hotspot"
JVM_VERSION="25.0.2+10-LTS"
IMAGE_TYPE="JDK"

Environment Variables:
PATH=C:\Windows\system32;C:\Windows;C:\Windows\System32\Wbem;C:\Windows\System32\WindowsPowerShell\v1.0\;C:\Windows\System32\OpenSSH\;C:\MinGW\bin;C:\Users\User\AppData\Local\Microsoft\WindowsApps;C:\Users\User\AppData\Local\Programs\Microsoft VS Code\bin;C:\MinGW\bin;;C:\Program Files\JetBrains\IntelliJ IDEA Community Edition 2024.3.5\bin;;C:\Users\User\AppData\Local\Python\bin;C:\Program Files\Apache NetBeans\bin\
USERNAME=User
OS=Windows_NT
PROCESSOR_IDENTIFIER=Intel64 Family 6 Model 61 Stepping 4, GenuineIntel
TMP=C:\Users\User\AppData\Local\Temp
TEMP=C:\Users\User\AppData\Local\Temp




Compilation memory statistics disabled.

Periodic native trim disabled

---------------  S Y S T E M  ---------------

OS:
 Windows 10 , 64 bit Build 19041 (10.0.19041.5915)
OS uptime: 0 days 6:57 hours

CPU: total 4 (initial active 4) (2 cores per cpu, 2 threads per core) family 6 model 61 stepping 4 microcode 0x2d, cx8, cmov, fxsr, ht, mmx, 3dnowpref, sse, sse2, sse3, ssse3, sse4.1, sse4.2, popcnt, lzcnt, tsc, tscinvbit, avx, avx2, aes, erms, clmul, bmi1, bmi2, adx, fma, vzeroupper, clflush, rdtscp, f16c
Processor Information for the first 4 processors :
  Max Mhz: 2000, Current Mhz: 600, Mhz Limit: 2000

Memory: 4k page, system-wide physical 6590M (397M free)
TotalPageFile size 19090M (AvailPageFile size 188M)
current process WorkingSet (physical memory assigned to process): 24M, peak: 69M
current process commit charge ("private bytes"): 187M, peak: 193M

vm_info: OpenJDK 64-Bit Server VM (25.0.2+10-LTS) for windows-amd64 JRE (25.0.2+10-LTS), built on 2026-01-20T00:00:00Z with MS VC++ 17.12 (VS2022)

END.
