#
# There is insufficient memory for the Java Runtime Environment to continue.
# Native memory allocation (malloc) failed to allocate 1048576 bytes. Error detail: AllocateHeap
# Possible reasons:
#   The system is out of physical RAM or swap space
#   This process is running with CompressedOops enabled, and the Java Heap may be blocking the growth of the native heap
# Possible solutions:
#   Reduce memory load on the system
#   Increase physical memory or swap space
#   Check if swap backing store is full
#   Decrease Java heap size (-Xmx/-Xms)
#   Decrease number of Java threads
#   Decrease Java thread stack sizes (-Xss)
#   Set larger code cache with -XX:ReservedCodeCacheSize=
#   JVM is running with Unscaled Compressed Oops mode in which the Java heap is
#     placed in the first 4GB address space. The Java Heap base address is the
#     maximum limit for the native heap growth. Please use -XX:HeapBaseMinAddress
#     to set the Java Heap base and to place the Java Heap above 4GB virtual address.
# This output file may be truncated or incomplete.
#
#  Out of Memory Error (allocation.cpp:42), pid=17624, tid=18020
#
# JRE version:  (25.0.2+10) (build )
# Java VM: OpenJDK 64-Bit Server VM (25.0.2+10-LTS, mixed mode, sharing, tiered, compressed oops, compressed class ptrs, g1 gc, windows-amd64)
# No core dump will be written. Minidumps are not enabled by default on client versions of Windows
#

---------------  S U M M A R Y ------------

Command Line: -Dfile.encoding=UTF-8 --module-path=C:\Users\User\Documents\NetBeansProjects\University_Management_System\build\classes university_management_system.Login

Host: Intel(R) Core(TM) i3-5005U CPU @ 2.00GHz, 4 cores, 6G,  Windows 10 , 64 bit Build 19041 (10.0.19041.5915)
Time: Sun May  3 13:56:23 2026 India Standard Time elapsed time: 0.067017 seconds (0d 0h 0m 0s)

---------------  T H R E A D  ---------------

Current thread (0x000001696a654900):  JavaThread "Unknown thread" [_thread_in_vm, id=18020, stack(0x000000166ec00000,0x000000166ed00000) (1024K)]

Stack: [0x000000166ec00000,0x000000166ed00000]
Native frames: (J=compiled Java code, j=interpreted, Vv=VM code, C=native code)
V  [jvm.dll+0x7a8bc9]  (no source info available)
V  [jvm.dll+0x77310d]  (no source info available)
V  [jvm.dll+0x9f55f3]  (no source info available)
V  [jvm.dll+0x9f7be1]  (no source info available)
V  [jvm.dll+0x9f82f3]  (no source info available)
V  [jvm.dll+0x2fce26]  (no source info available)
V  [jvm.dll+0xf6137]  (no source info available)
V  [jvm.dll+0x3cb1c4]  (no source info available)
V  [jvm.dll+0x3c1862]  (no source info available)
V  [jvm.dll+0x9bc474]  (no source info available)
V  [jvm.dll+0x459e72]  (no source info available)
V  [jvm.dll+0x9a02a2]  (no source info available)
V  [jvm.dll+0x4fa5c1]  (no source info available)
V  [jvm.dll+0x4fbeb1]  (no source info available)
C  [jli.dll+0x53fa]  (no source info available)
C  [ucrtbase.dll+0x21bb2]  (no source info available)
C  [KERNEL32.DLL+0x17374]  (no source info available)
C  [ntdll.dll+0x4cc91]  (no source info available)

Lock stack of current Java thread (top to bottom):


---------------  P R O C E S S  ---------------

Threads class SMR info:
_java_thread_list=0x00007ffbfee7e008, length=0, elements={
}

Java Threads: ( => current thread )
Total: 0

Other Threads:
  0x000001696ca5c200 WorkerThread "GC Thread#0"                     [id=17792, stack(0x000000166ed00000,0x000000166ee00000) (1024K)]

[error occurred during error reporting (printing all threads), id 0xc0000005, EXCEPTION_ACCESS_VIOLATION (0xc0000005) at pc=0x00007ffbfe4a07a0]
VM state: not at safepoint (not fully initialized)

VM Mutex/Monitor currently owned by a thread:  ([mutex/lock_event])
[0x00007ffbfef06548] Heap_lock - owner thread: 0x000001696a654900

Heap address: 0x0000000099000000, size: 1648 MB, Compressed Oops mode: 32-bit

CDS archive(s) mapped at: [0x0000000000000000-0x0000000000000000-0x0000000000000000), size 0, SharedBaseAddress: 0x0000000800000000, ArchiveRelocationMode: 1.
UseCompressedClassPointers 1, UseCompactObjectHeaders 0
Narrow klass pointer bits 32, Max shift 3
Narrow klass base: 0xffffffffffffffff, Narrow klass shift: -1
Encoding Range: [0xffffffffffffffff - 0x000000007fffffff), (2147483648 bytes)
Klass Range:    [0x0000000000000000 - 0x0000000000000000), (0 bytes)
Klass ID Range:  [4294967295 - 0) (1)
No protection zone.

GC Precious Log:
 CardTable entry size: 512
 Card Set container configuration: InlinePtr #cards 5 size 8 Array Of Cards #cards 10 size 36 Howl #buckets 4 coarsen threshold 1843 Howl Bitmap #cards 512 size 80 coarsen threshold 460 Card regions per heap region 1 cards per card region 2048

Heap:
 garbage-first heap   total reserved 1687552K, committed 0K, used 0K [0x0000000099000000, 0x0000000100000000)
  region size 1024K, 0 young (0K), 0 survivors (0K)

Heap Regions: E=young(eden), S=young(survivor), O=old, HS=humongous(starts), HC=humongous(continues), CS=collection set, F=free, TAMS=top-at-mark-start, PB=parsable bottom

Card table byte_map: [0x0000016975840000,0x0000016975b80000] _byte_map_base: 0x0000016975378000

GC Heap Usage History (0 events):
No events

Metaspace Usage History (0 events):
No events

Dll operation events (1 events):
Event: 0.018 Loaded shared library C:\Program Files\Apache NetBeans\jdk\bin\java.dll

Deoptimization events (0 events):
No events

Classes loaded (0 events):
No events

Classes unloaded (0 events):
No events

Classes redefined (0 events):
No events

Internal exceptions (0 events):
No events

VM Operations (0 events):
No events

Memory protections (0 events):
No events

Nmethod flushes (0 events):
No events

Events (0 events):
No events


Dynamic libraries:
0x00007ff7a7cb0000 - 0x00007ff7a7cbe000 	C:\Program Files\Apache NetBeans\jdk\bin\java.exe
0x00007ffc8c0b0000 - 0x00007ffc8c2a8000 	C:\Windows\SYSTEM32\ntdll.dll
0x00007ffc8b0a0000 - 0x00007ffc8b162000 	C:\Windows\System32\KERNEL32.DLL
0x00007ffc89af0000 - 0x00007ffc89de6000 	C:\Windows\System32\KERNELBASE.dll
0x00007ffc847e0000 - 0x00007ffc84874000 	C:\Windows\SYSTEM32\apphelp.dll
0x00007ffc89fd0000 - 0x00007ffc8a0d0000 	C:\Windows\System32\ucrtbase.dll
0x00007ffc7c690000 - 0x00007ffc7c6a6000 	C:\Program Files\Apache NetBeans\jdk\bin\jli.dll
0x00007ffc85e90000 - 0x00007ffc85eae000 	C:\Program Files\Apache NetBeans\jdk\bin\VCRUNTIME140.dll
0x00007ffc8ba80000 - 0x00007ffc8bc21000 	C:\Windows\System32\USER32.dll
0x00007ffc89df0000 - 0x00007ffc89e12000 	C:\Windows\System32\win32u.dll
0x00007ffc7b570000 - 0x00007ffc7b80b000 	C:\Windows\WinSxS\amd64_microsoft.windows.common-controls_6595b64144ccf1df_6.0.19041.6456_none_60b8a6cb71f64256\COMCTL32.dll
0x00007ffc8ae40000 - 0x00007ffc8ae6b000 	C:\Windows\System32\GDI32.dll
0x00007ffc8b2a0000 - 0x00007ffc8b33e000 	C:\Windows\System32\msvcrt.dll
0x00007ffc89eb0000 - 0x00007ffc89fc9000 	C:\Windows\System32\gdi32full.dll
0x00007ffc89a50000 - 0x00007ffc89aed000 	C:\Windows\System32\msvcp_win.dll
0x00007ffc8b3f0000 - 0x00007ffc8b41f000 	C:\Windows\System32\IMM32.DLL
0x00007ffc85e80000 - 0x00007ffc85e8c000 	C:\Program Files\Apache NetBeans\jdk\bin\vcruntime140_1.dll
0x00007ffc5cee0000 - 0x00007ffc5cf6d000 	C:\Program Files\Apache NetBeans\jdk\bin\msvcp140.dll
0x00007ffbfe0d0000 - 0x00007ffbfeff6000 	C:\Program Files\Apache NetBeans\jdk\bin\server\jvm.dll
0x00007ffc8ace0000 - 0x00007ffc8ad91000 	C:\Windows\System32\ADVAPI32.dll
0x00007ffc8ada0000 - 0x00007ffc8ae3f000 	C:\Windows\System32\sechost.dll
0x00007ffc8bf50000 - 0x00007ffc8c070000 	C:\Windows\System32\RPCRT4.dll
0x00007ffc89740000 - 0x00007ffc89767000 	C:\Windows\System32\bcrypt.dll
0x00007ffc8bcc0000 - 0x00007ffc8bd2b000 	C:\Windows\System32\WS2_32.dll
0x00007ffc88cd0000 - 0x00007ffc88d1b000 	C:\Windows\SYSTEM32\POWRPROF.dll
0x00007ffc7b2e0000 - 0x00007ffc7b307000 	C:\Windows\SYSTEM32\WINMM.dll
0x00007ffc7b8d0000 - 0x00007ffc7b8da000 	C:\Windows\SYSTEM32\VERSION.dll
0x00007ffc88b40000 - 0x00007ffc88b52000 	C:\Windows\SYSTEM32\UMPDC.dll
0x00007ffc87f50000 - 0x00007ffc87f62000 	C:\Windows\SYSTEM32\kernel.appcore.dll
0x00007ffc85e70000 - 0x00007ffc85e7a000 	C:\Program Files\Apache NetBeans\jdk\bin\jimage.dll
0x00007ffc77610000 - 0x00007ffc77811000 	C:\Windows\SYSTEM32\DBGHELP.DLL
0x00007ffc77b40000 - 0x00007ffc77b74000 	C:\Windows\SYSTEM32\dbgcore.DLL
0x00007ffc89e20000 - 0x00007ffc89ea2000 	C:\Windows\System32\bcryptPrimitives.dll
0x00007ffc84de0000 - 0x00007ffc84dfe000 	C:\Program Files\Apache NetBeans\jdk\bin\java.dll
0x00007ffc8abb0000 - 0x00007ffc8acdb000 	C:\Windows\System32\ole32.dll
0x00007ffc8a0e0000 - 0x00007ffc8a434000 	C:\Windows\System32\combase.dll
0x00007ffc8a440000 - 0x00007ffc8abb0000 	C:\Windows\System32\SHELL32.dll

JVMTI agents: none

dbghelp: loaded successfully - version: 4.0.5 - missing functions: none
symbol engine: initialized successfully - sym options: 0x614 - pdb path: .;C:\Program Files\Apache NetBeans\jdk\bin;C:\Windows\SYSTEM32;C:\Windows\WinSxS\amd64_microsoft.windows.common-controls_6595b64144ccf1df_6.0.19041.6456_none_60b8a6cb71f64256;C:\Program Files\Apache NetBeans\jdk\bin\server

VM Arguments:
jvm_args: -Dfile.encoding=UTF-8 --module-path=C:\Users\User\Documents\NetBeansProjects\University_Management_System\build\classes 
java_command: university_management_system.Login
java_class_path (initial): C:\Users\User\Documents\NetBeansProjects\University_Management_System\build\classes
Launcher Type: SUN_STANDARD

[Global flags]
     intx CICompilerCount                          = 3                                         {product} {ergonomic}
     uint ConcGCThreads                            = 1                                         {product} {ergonomic}
     uint G1ConcRefinementThreads                  = 4                                         {product} {ergonomic}
   size_t G1HeapRegionSize                         = 1048576                                   {product} {ergonomic}
   size_t InitialHeapSize                          = 109051904                                 {product} {ergonomic}
   size_t MarkStackSize                            = 4194304                                   {product} {ergonomic}
   size_t MarkStackSizeMax                         = 536870912                                 {product} {ergonomic}
   size_t MaxHeapSize                              = 1728053248                                {product} {ergonomic}
   size_t MinHeapDeltaBytes                        = 1048576                                   {product} {ergonomic}
   size_t MinHeapSize                              = 8388608                                   {product} {ergonomic}
    uintx NonNMethodCodeHeapSize                   = 5832704                                {pd product} {ergonomic}
    uintx NonProfiledCodeHeapSize                  = 122945536                              {pd product} {ergonomic}
    uintx ProfiledCodeHeapSize                     = 122880000                              {pd product} {ergonomic}
    uintx ReservedCodeCacheSize                    = 251658240                              {pd product} {ergonomic}
     bool SegmentedCodeCache                       = true                                      {product} {ergonomic}
   size_t SoftMaxHeapSize                          = 1728053248                             {manageable} {ergonomic}
     bool UseCompressedOops                        = true                           {product lp64_product} {ergonomic}
     bool UseG1GC                                  = true                                      {product} {ergonomic}
     bool UseLargePagesIndividualAllocation        = false                                  {pd product} {ergonomic}

Logging:
Log output configuration:
 #0: stdout all=warning uptime,level,tags foldmultilines=false
 #1: stderr all=off uptime,level,tags foldmultilines=false

Release file:
<release file has not been read>
Environment Variables:
PATH=C:\Windows\system32;C:\Windows;C:\Windows\System32\Wbem;C:\Windows\System32\WindowsPowerShell\v1.0\;C:\Windows\System32\OpenSSH\;C:\MinGW\bin;C:\Users\User\AppData\Local\Microsoft\WindowsApps;C:\Users\User\AppData\Local\Programs\Microsoft VS Code\bin;C:\MinGW\bin;;C:\Program Files\JetBrains\IntelliJ IDEA Community Edition 2024.3.5\bin;;C:\Users\User\AppData\Local\Python\bin;C:\Program Files\Apache NetBeans\bin\
USERNAME=User
OS=Windows_NT
PROCESSOR_IDENTIFIER=Intel64 Family 6 Model 61 Stepping 4, GenuineIntel
TMP=C:\Users\User\AppData\Local\Temp
TEMP=C:\Users\User\AppData\Local\Temp




Compilation memory statistics disabled.

Periodic native trim disabled

---------------  S Y S T E M  ---------------

OS:
 Windows 10 , 64 bit Build 19041 (10.0.19041.5915)
OS uptime: 1 days 4:21 hours

CPU: total 4 (initial active 4) (2 cores per cpu, 2 threads per core) family 6 model 61 stepping 4 microcode 0x2d, cx8, cmov, fxsr, ht, mmx, 3dnowpref, sse, sse2, sse3, ssse3, sse4.1, sse4.2, popcnt, lzcnt, tsc, tscinvbit, avx, avx2, aes, erms, clmul, bmi1, bmi2, adx, fma, vzeroupper, clflush, rdtscp, f16c
Processor Information for the first 4 processors :
  Max Mhz: 2000, Current Mhz: 500, Mhz Limit: 2000

Memory: 4k page, system-wide physical 6590M (1414M free)
TotalPageFile size 19090M (AvailPageFile size 5M)
current process WorkingSet (physical memory assigned to process): 12M, peak: 12M
current process commit charge ("private bytes"): 51M, peak: 52M

vm_info: OpenJDK 64-Bit Server VM (25.0.2+10-LTS) for windows-amd64 JRE (25.0.2+10-LTS), built on 2026-01-20T00:00:00Z with MS VC++ 17.12 (VS2022)

END.
