#
# A fatal error has been detected by the Java Runtime Environment:
#
#  EXCEPTION_ACCESS_VIOLATION (0xc0000005) at pc=0x00007ffb3a0ab3d9, pid=12080, tid=15184
#
# JRE version: OpenJDK Runtime Environment Temurin-25.0.2+10 (25.0.2+10) (build 25.0.2+10-LTS)
# Java VM: OpenJDK 64-Bit Server VM Temurin-25.0.2+10 (25.0.2+10-LTS, mixed mode, sharing, tiered, compressed oops, compressed class ptrs, g1 gc, windows-amd64)
# Problematic frame:
# C  [awt.dll+0xdb3d9]
#
# No core dump will be written. Minidumps are not enabled by default on client versions of Windows
#
# If you would like to submit a bug report, please visit:
#   https://github.com/adoptium/adoptium-support/issues
# The crash happened outside the Java Virtual Machine in native code.
# See problematic frame for where to report the bug.
#

---------------  S U M M A R Y ------------

Command Line: -Dfile.encoding=UTF-8 --module-path=C:\Users\User\Documents\NetBeansProjects\University_Management_System\build\classes university_management_system.Project

Host: Intel(R) Core(TM) i3-5005U CPU @ 2.00GHz, 4 cores, 6G,  Windows 10 , 64 bit Build 19041 (10.0.19041.5915)
Time: Sun May  3 21:12:10 2026 India Standard Time elapsed time: 12112.208943 seconds (0d 3h 21m 52s)

---------------  T H R E A D  ---------------

Current thread (0x0000021cda0714e0):  JavaThread "AWT-EventQueue-0"        [_thread_in_native, id=15184, stack(0x000000a14cf00000,0x000000a14d000000) (1024K)]

Stack: [0x000000a14cf00000,0x000000a14d000000],  sp=0x000000a14cffeb20,  free space=1018k
Native frames: (J=compiled Java code, j=interpreted, Vv=VM code, C=native code)
C  [awt.dll+0xdb3d9]  (no source info available)
C  [awt.dll+0xda7aa]  (no source info available)
C  0x0000021cc89bd193  (no source info available)

The last pc belongs to native method entry point (kind = native) (printed below).
Java frames: (J=compiled Java code, j=interpreted, Vv=VM code)
j  sun.awt.Win32GraphicsConfig.getBounds(I)Ljava/awt/Rectangle;+0 java.desktop@25.0.2
j  sun.awt.Win32GraphicsConfig.getBounds()Ljava/awt/Rectangle;+8 java.desktop@25.0.2
j  sun.awt.Win32GraphicsDevice.displayChanged()V+23 java.desktop@25.0.2
j  sun.awt.Win32GraphicsEnvironment.displayChanged()V+271 java.desktop@25.0.2
j  sun.awt.windows.WToolkit.lambda$displayChanged$0()V+15 java.desktop@25.0.2
j  sun.awt.windows.WToolkit$$Lambda+0x00000000280b55b8.run()V+0 java.desktop@25.0.2
j  java.awt.event.InvocationEvent.dispatch()V+47 java.desktop@25.0.2
j  java.awt.EventQueue.dispatchEventImpl(Ljava/awt/AWTEvent;Ljava/lang/Object;)V+21 java.desktop@25.0.2
j  java.awt.EventQueue.dispatchEvent(Ljava/awt/AWTEvent;)V+22 java.desktop@25.0.2
j  java.awt.EventDispatchThread.pumpOneEventForFilters(I)V+81 java.desktop@25.0.2
j  java.awt.EventDispatchThread.pumpEventsForFilter(ILjava/awt/Conditional;Ljava/awt/EventFilter;)V+35 java.desktop@25.0.2
j  java.awt.EventDispatchThread.pumpEventsForHierarchy(ILjava/awt/Conditional;Ljava/awt/Component;)V+11 java.desktop@25.0.2
j  java.awt.EventDispatchThread.pumpEvents(ILjava/awt/Conditional;)V+4 java.desktop@25.0.2
j  java.awt.EventDispatchThread.pumpEvents(Ljava/awt/Conditional;)V+3 java.desktop@25.0.2
j  java.awt.EventDispatchThread.run()V+9 java.desktop@25.0.2
v  ~StubRoutines::call_stub 0x0000021cc89b12ed

siginfo: EXCEPTION_ACCESS_VIOLATION (0xc0000005), reading address 0x0000000000000028


Registers:
RAX=0x0000000000000000, RBX=0x0000021cda119600, RCX=0x0000000000000000, RDX=0x0000000000000000
RSP=0x000000a14cffeb20, RBP=0x0000000000000000, RSI=0x0000000000000000, RDI=0x0000000000000000
R8 =0x0000000000000001, R9 =0x0000021cd9ff0640, R10=0x0000021cd5274410, R11=0x0000000000000004
R12=0x0000000000000000, R13=0x0000021cd4b5f080, R14=0x0000021cd9ca5340, R15=0x0000000000000000
RIP=0x00007ffb3a0ab3d9, EFLAGS=0x0000000000010246

XMM[0]=0x0000000000000000 0x0000000000000000
XMM[1]=0x0000000000000000 0x000000a14cffebf0
XMM[2]=0x0000000000000000 0x0000000000000000
XMM[3]=0x0000000000000000 0x0000000000000000
XMM[4]=0x0000000000000000 0x0000000000000000
XMM[5]=0x0000000000000000 0x0000000000000000
XMM[6]=0x0000000000000000 0x0000000000000000
XMM[7]=0x0000000000000000 0x0000000000000000
XMM[8]=0x0000000000000000 0x0000000000000000
XMM[9]=0x0000000000000000 0x0000000000000000
XMM[10]=0x0000000000000000 0x0000000000000000
XMM[11]=0x0000000000000000 0x0000000000000000
XMM[12]=0x0000000000000000 0x0000000000000000
XMM[13]=0x0000000000000000 0x0000000000000000
XMM[14]=0x0000000000000000 0x0000000000000000
XMM[15]=0x0000000000000000 0x0000000000000000
  MXCSR=0x00001fa0


Register to memory mapping:

RAX=0x0 is null
RBX=0x0000021cda119600 points into unknown readable memory: 0x0000021cb8a44c50 | 50 4c a4 b8 1c 02 00 00
RCX=0x0 is null
RDX=0x0 is null
RSP=0x000000a14cffeb20 is pointing into the stack for thread: 0x0000021cda0714e0
RBP=0x0 is null
RSI=0x0 is null
RDI=0x0 is null
R8 =0x0000000000000001 is an unknown value
R9 =0x0000021cd9ff0640 points into unknown readable memory: 0x0000001e00000003 | 03 00 00 00 1e 00 00 00
R10={method} {0x0000021cd5274418} '<init>' '(IIII)V' in 'java/awt/Rectangle'
R11=0x0000000000000004 is an unknown value
R12=0x0 is null
R13=0x0000021cd4b5f080 points into unknown readable memory: 0x0000021cd5274410 | 10 44 27 d5 1c 02 00 00
R14=0x0000021cd9ca5340 points into unknown readable memory: 0x000000009da40f30 | 30 0f a4 9d 00 00 00 00
R15=0x0 is null

Top of Stack: (sp=0x000000a14cffeb20)
0x000000a14cffeb20:   00007ffb3a109838 0000021cda119600   8..:............
0x000000a14cffeb30:   0000021cda119600 000000000000000c   ................
0x000000a14cffeb40:   0000021cda071928 00007ffb3a0aa7aa   (..........:....
0x000000a14cffeb50:   0000021cda119600 0000021cda119600   ................
0x000000a14cffeb60:   0000000000000000 0000000000000000   ................
0x000000a14cffeb70:   0000021cda0714e0 00007ffb3a150000   ...........:....
0x000000a14cffeb80:   0000021cda0714e0 000000000000000c   ................
0x000000a14cffeb90:   0000000000000000 0000000000000000   ................
0x000000a14cffeba0:   0000084338dc81ef 00000000000000b6   ...8C...........
0x000000a14cffebb0:   0000021cda0714e0 000000a14cffec98   ...........L....
0x000000a14cffebc0:   0000021cd526cc80 0000000000000000   ..&.............
0x000000a14cffebd0:   00000000000000e8 000000000000000c   ................
0x000000a14cffebe0:   000000a14cffec70 0000021cc89bd193   p..L............
0x000000a14cffebf0:   000000a14cffec08 0000021cd526cc80   ...L......&.....
0x000000a14cffec00:   0000021cc89b8b18 0000000000000000   ................
0x000000a14cffec10:   000000009da7e0d8 000000009d674b88   .........Kg.....
0x000000a14cffec20:   000000009d674b88 fffffffffffffff7   .Kg.............
0x000000a14cffec30:   0000000000000000 0000000000000005   ................
0x000000a14cffec40:   0000021cd526f478 0000000000000000   x.&.............
0x000000a14cffec50:   000000009da40b70 0000021cd526cc80   p.........&.....
0x000000a14cffec60:   0000000000000000 000000a14cffec90   ...........L....
0x000000a14cffec70:   000000a14cffece8 0000021cc89b8cb2   ...L............
0x000000a14cffec80:   0000000000000000 0000021cc89ba75a   ........Z.......
0x000000a14cffec90:   0000000000000000 000000009d674b88   .........Kg.....
0x000000a14cffeca0:   fffffffffffffff7 0000021cd526cd28   ........(.&.....
0x000000a14cffecb0:   0000000000000002 0000021cd526f478   ........x.&.....
0x000000a14cffecc0:   0000000000000000 000000009da40b70   ........p.......
0x000000a14cffecd0:   0000021cd526cd40 fffffffffffffff5   @.&.............
0x000000a14cffece0:   000000a14cffecf8 000000a14cffed48   ...L....H..L....
0x000000a14cffecf0:   0000021cc89b8cb2 000000009d674b88   .........Kg.....
0x000000a14cffed00:   fffffffffffffff7 0000021cd5211ef7   ..........!.....
0x000000a14cffed10:   0000000000000003 0000021cd5213678   ........x6!.....

Instructions: (pc=0x00007ffb3a0ab3d9)
  0x00007ffb3a0ab2d9:   cc cc cc cc cc cc cc 48 89 5c 24 08 48 89 6c 24
  0x00007ffb3a0ab2e9:   10 48 89 74 24 18 57 48 83 ec 20 41 8b f8 0f b6
  0x00007ffb3a0ab2f9:   f2 48 8b e9 e8 1e cf f4 ff 48 8b d8 48 89 44 24
  0x00007ffb3a0ab309:   48 41 b8 01 00 00 00 8b d7 48 8b c8 e8 76 ce f4
  0x00007ffb3a0ab319:   ff 48 8b c8 44 0f b6 c6 48 8b d5 e8 a7 fa ff ff
  0x00007ffb3a0ab329:   48 8b f8 48 8b cb e8 ac d0 f4 ff 90 48 8b c7 48
  0x00007ffb3a0ab339:   8b 5c 24 30 48 8b 6c 24 38 48 8b 74 24 40 48 83
  0x00007ffb3a0ab349:   c4 20 5f c3 cc cc cc 48 8b 49 28 e9 17 07 00 00
  0x00007ffb3a0ab359:   cc cc cc cc cc cc cc 48 89 5c 24 08 57 48 83 ec
  0x00007ffb3a0ab369:   20 8b f9 e8 af ce f4 ff 48 8b d8 48 89 44 24 38
  0x00007ffb3a0ab379:   41 b8 01 00 00 00 8b d7 48 8b c8 e8 07 ce f4 ff
  0x00007ffb3a0ab389:   48 8b 08 8b 39 48 8b cb e8 4a d0 f4 ff 90 8b c7
  0x00007ffb3a0ab399:   48 8b 5c 24 30 48 83 c4 20 5f c3 cc cc cc cc cc
  0x00007ffb3a0ab3a9:   cc cc cc cc cc cc cc 48 89 5c 24 08 57 48 83 ec
  0x00007ffb3a0ab3b9:   20 8b f9 e8 5f ce f4 ff 48 8b d8 48 89 44 24 38
  0x00007ffb3a0ab3c9:   41 b8 01 00 00 00 8b d7 48 8b c8 e8 b7 cd f4 ff
=>0x00007ffb3a0ab3d9:   48 8b 78 28 48 8b cb e8 fb cf f4 ff 90 48 8b c7
  0x00007ffb3a0ab3e9:   48 8b 5c 24 30 48 83 c4 20 5f c3 cc cc cc cc cc
  0x00007ffb3a0ab3f9:   cc cc cc cc cc cc cc 48 89 5c 24 08 57 48 83 ec
  0x00007ffb3a0ab409:   20 8b f9 e8 0f ce f4 ff 48 8b d8 48 89 44 24 38
  0x00007ffb3a0ab419:   41 b8 01 00 00 00 8b d7 48 8b c8 e8 67 cd f4 ff
  0x00007ffb3a0ab429:   48 8b 78 30 48 8b cb e8 ab cf f4 ff 90 48 8b c7
  0x00007ffb3a0ab439:   48 8b 5c 24 30 48 83 c4 20 5f c3 cc cc cc cc cc
  0x00007ffb3a0ab449:   cc cc cc cc cc cc cc 48 89 5c 24 08 57 48 83 ec
  0x00007ffb3a0ab459:   20 8b f9 e8 bf cd f4 ff 48 8b d8 48 89 44 24 38
  0x00007ffb3a0ab469:   41 b8 01 00 00 00 8b d7 48 8b c8 e8 17 cd f4 ff
  0x00007ffb3a0ab479:   48 8b 78 08 48 85 ff 74 07 48 8b bf 08 0c 00 00
  0x00007ffb3a0ab489:   48 8b cb e8 4f cf f4 ff 90 48 8b c7 48 8b 5c 24
  0x00007ffb3a0ab499:   30 48 83 c4 20 5f c3 f3 0f 10 41 48 c3 cc cc cc
  0x00007ffb3a0ab4a9:   cc cc cc cc cc cc cc f3 0f 10 41 4c c3 cc cc cc
  0x00007ffb3a0ab4b9:   cc cc cc cc cc cc cc 48 89 5c 24 10 48 89 74 24
  0x00007ffb3a0ab4c9:   18 55 57 41 56 48 8d 6c 24 e0 48 81 ec 20 01 00


Stack slot to memory mapping:

stack at sp + 0 slots: 0x00007ffb3a109838 awt.dll
stack at sp + 1 slots: 0x0000021cda119600 points into unknown readable memory: 0x0000021cb8a44c50 | 50 4c a4 b8 1c 02 00 00
stack at sp + 2 slots: 0x0000021cda119600 points into unknown readable memory: 0x0000021cb8a44c50 | 50 4c a4 b8 1c 02 00 00
stack at sp + 3 slots: 0x000000000000000c is an unknown value
stack at sp + 4 slots: 0x0000021cda071928 points into unknown readable memory: 0x00007ffb3aeeddc0 | c0 dd ee 3a fb 7f 00 00
stack at sp + 5 slots: 0x00007ffb3a0aa7aa awt.dll
stack at sp + 6 slots: 0x0000021cda119600 points into unknown readable memory: 0x0000021cb8a44c50 | 50 4c a4 b8 1c 02 00 00
stack at sp + 7 slots: 0x0000021cda119600 points into unknown readable memory: 0x0000021cb8a44c50 | 50 4c a4 b8 1c 02 00 00

Lock stack of current Java thread (top to bottom):

native method entry point (kind = native)  [0x0000021cc89bcdc0, 0x0000021cc89bd8b8]  2808 bytes
[MachCode]
  0x0000021cc89bcdc0: 488b 4b08 | 0fb7 492e | 584c 8d74 | ccf8 6800 | 0000 0068 | 0000 0000 | 5055 488b | ec41 5548 
  0x0000021cc89bcde0: 8b43 084c | 8d68 3848 | 8b40 0868 | 0000 0000 | 5348 8b50 | 1848 8b52 | 7048 8b12 | 5248 8b53 
  0x0000021cc89bce00: 1048 85d2 | 7407 4881 | c2d0 0000 | 0052 488b | 5010 5249 | 8bc6 482b | c548 c1e8 | 0350 6800 
  0x0000021cc89bce20: 0000 0068 | f7ff ffff | 41c6 87f1 | 0400 0001 | 488b 4310 | 4885 c074 | 208b 8890 | 0000 0083 
  0x0000021cc89bce40: c102 8988 | 9000 0000 | 2388 a400 | 0000 0f84 | b209 0000 | e9cf 0000 | 0048 8b43 | 1848 85c0 
  0x0000021cc89bce60: 0f85 b000 | 0000 e805 | 0000 00e9 | 9900 0000 | 488b d348 | 8d44 2408 | 4c89 6dc0 | 498b cfc5 
  0x0000021cc89bce80: f877 4989 | af38 0400 | 0049 8987 | 2804 0000 | 4883 ec20 | 40f6 c40f | 0f84 1900 | 0000 4883 
  0x0000021cc89bcea0: ec08 48b8 | 0032 5c3a | fb7f 0000 | ffd0 4883 | c408 e90c | 0000 0048 | b800 325c | 3afb 7f00 
  0x0000021cc89bcec0: 00ff d048 | 83c4 2049 | c787 2804 | 0000 0000 | 0000 49c7 | 8738 0400 | 0000 0000 | 0049 c787 
  0x0000021cc89bcee0: 3004 0000 | 0000 0000 | c5f8 7749 | 837f 0800 | 0f84 0500 | 0000 e9e5 | 42ff ff4c | 8b6d c04c 
  0x0000021cc89bcf00: 8b75 c84e | 8d74 f500 | c348 8b43 | 1848 85c0 | 0f84 1200 | 0000 8b48 | 0883 c102 | 8948 0823 
  0x0000021cc89bcf20: 482c 0f84 | de08 0000 | 493b a770 | 0500 000f | 8748 0000 | 0089 8424 | 00f0 ffff | 8984 2400 
  0x0000021cc89bcf40: e0ff ff89 | 8424 00d0 | ffff 8984 | 2400 c0ff | ff89 8424 | 00b0 ffff | 8984 2400 | a0ff ff89 
  0x0000021cc89bcf60: 8424 0090 | ffff 8984 | 2400 80ff | ff49 3ba7 | 6805 0000 | 7607 4989 | a770 0500 | 0041 c687 
  0x0000021cc89bcf80: f104 0000 | 0048 8b5d | e84c 8b5b | 0845 0fb7 | 5b2e 41c1 | e303 492b | e348 83ec | 2048 83e4 
  0x0000021cc89bcfa0: f04c 8b5b | 604d 85db | 0f85 ab00 | 0000 e805 | 0000 00e9 | 9900 0000 | 488b d348 | 8d44 2408 
  0x0000021cc89bcfc0: 4c89 6dc0 | 498b cfc5 | f877 4989 | af38 0400 | 0049 8987 | 2804 0000 | 4883 ec20 | 40f6 c40f 
  0x0000021cc89bcfe0: 0f84 1900 | 0000 4883 | ec08 48b8 | 305b 5c3a | fb7f 0000 | ffd0 4883 | c408 e90c | 0000 0048 
  0x0000021cc89bd000: b830 5b5c | 3afb 7f00 | 00ff d048 | 83c4 2049 | c787 2804 | 0000 0000 | 0000 49c7 | 8738 0400 
  0x0000021cc89bd020: 0000 0000 | 0049 c787 | 3004 0000 | 0000 0000 | c5f8 7749 | 837f 0800 | 0f84 0500 | 0000 e99d 
  0x0000021cc89bd040: 41ff ff4c | 8b6d c04c | 8b75 c84e | 8d74 f500 | c348 8b5d | e84c 8b5b | 6041 ffd3 | 488b 5de8 
  0x0000021cc89bd060: 4889 4518 | 440f b75b | 2c41 f6c3 | 080f 841b | 0000 004c | 8b5b 084d | 8b5b 084d | 8b5b 184d 
  0x0000021cc89bd080: 8b5b 704d | 8b1b 4c89 | 5d10 488d | 5510 488b | 4358 49ba | 302f 973a | fb7f 0000 | 493b c20f 
  0x0000021cc89bd0a0: 85ab 0000 | 00e8 0500 | 0000 e999 | 0000 0048 | 8bd3 488d | 4424 084c | 896d c049 | 8bcf c5f8 
  0x0000021cc89bd0c0: 7749 89af | 3804 0000 | 4989 8728 | 0400 0048 | 83ec 2040 | f6c4 0f0f | 8419 0000 | 0048 83ec 
  0x0000021cc89bd0e0: 0848 b830 | 5b5c 3afb | 7f00 00ff | d048 83c4 | 08e9 0c00 | 0000 48b8 | 305b 5c3a | fb7f 0000 
  0x0000021cc89bd100: ffd0 4883 | c420 49c7 | 8728 0400 | 0000 0000 | 0049 c787 | 3804 0000 | 0000 0000 | 49c7 8730 
  0x0000021cc89bd120: 0400 0000 | 0000 00c5 | f877 4983 | 7f08 000f | 8405 0000 | 00e9 a640 | ffff 4c8b | 6dc0 4c8b 
  0x0000021cc89bd140: 75c8 4e8d | 74f5 00c3 | 488b 5de8 | 488b 4358 | 498d 8f48 | 0400 004c | 8d15 d500 | 0000 4d89 
  0x0000021cc89bd160: 9730 0400 | 00c5 f877 | 4989 af38 | 0400 0049 | 89a7 2804 | 0000 41c7 | 87d4 0400 | 0004 0000 
  0x0000021cc89bd180: 0049 3ba7 | c805 0000 | 7607 4989 | a7c8 0500 | 00ff d049 | 3ba7 c805 | 0000 720b | 49c7 87c8 
  0x0000021cc89bd1a0: 0500 0000 | 0000 00c5 | f877 4883 | ec10 c5fb | 1104 2448 | 83ec 1048 | 8904 2448 | c744 2408 
  0x0000021cc89bd1c0: 0000 0000 | 41c7 87d4 | 0400 0005 | 0000 00f0 | 8344 24c0 | 0049 3b6f | 280f 870e | 0000 0041 
  0x0000021cc89bd1e0: 83bf d004 | 0000 000f | 8420 0000 | 0049 8bcf | 4c8b e448 | 83ec 2048 | 83e4 f048 | b8b0 c15d 
  0x0000021cc89bd200: 3afb 7f00 | 00ff d049 | 8be4 4d33 | e441 c787 | d404 0000 | 0800 0000 | 4d8b 97f0 | 0500 0049 
  0x0000021cc89bd220: 83fa 0074 | 3549 c787 | f005 0000 | 0000 0000 | 41ff e249 | ba60 be9b | c81c 0200 | 0041 ffd2 
  0x0000021cc89bd240: 4883 ec10 | c5fb 1104 | 2448 83ec | 1048 8904 | 2448 c744 | 2408 0000 | 0000 49c7 | 8728 0400 
  0x0000021cc89bd260: 0000 0000 | 0049 c787 | 3804 0000 | 0000 0000 | 49c7 8730 | 0400 0000 | 0000 00c5 | f877 4d8b 
  0x0000021cc89bd280: 9fb8 0400 | 0041 c783 | 0001 0000 | 0000 0000 | 49bb 5aa7 | 9bc8 1c02 | 0000 4c3b | 5d18 0f85 
  0x0000021cc89bd2a0: 5501 0000 | 488b 0424 | 4883 c410 | 4885 c00f | 842f 0100 | 00a8 030f | 8508 0000 | 0048 8b00 
  0x0000021cc89bd2c0: e91f 0100 | 00a8 010f | 8509 0000 | 0048 8b40 | fee9 0e01 | 0000 488b | 40ff 4180 | 7f48 000f 
  0x0000021cc89bd2e0: 84ff 0000 | 0048 83f8 | 000f 84f5 | 0000 004d | 8b5f 384d | 85db 0f84 | 1400 0000 | 4983 eb08 
  0x0000021cc89bd300: 4d89 5f38 | 4d03 5f40 | 4989 03e9 | d400 0000 | 4883 ec70 | 4889 0424 | 4889 4c24 | 0848 8954 
  0x0000021cc89bd320: 2410 4c89 | 4424 184c | 894c 2420 | 4c89 5424 | 284c 895c | 2430 c5fb | 1144 2440 | c5fb 114c 
  0x0000021cc89bd340: 2448 c5fb | 1154 2450 | c5fb 115c | 2458 c5fb | 1164 2460 | c5fb 116c | 2468 498b | d748 8bc8 
  0x0000021cc89bd360: 4883 ec20 | 40f6 c40f | 0f84 1900 | 0000 4883 | ec08 48b8 | d081 503a | fb7f 0000 | ffd0 4883 
  0x0000021cc89bd380: c408 e90c | 0000 0048 | b8d0 8150 | 3afb 7f00 | 00ff d048 | 83c4 20c5 | fb10 6c24 | 68c5 fb10 
  0x0000021cc89bd3a0: 6424 60c5 | fb10 5c24 | 58c5 fb10 | 5424 50c5 | fb10 4c24 | 48c5 fb10 | 4424 404c | 8b5c 2430 
  0x0000021cc89bd3c0: 4c8b 5424 | 284c 8b4c | 2420 4c8b | 4424 1848 | 8b54 2410 | 488b 4c24 | 0848 8b04 | 2448 83c4 
  0x0000021cc89bd3e0: 70c5 f877 | 4889 4510 | 4883 ec10 | 4889 0424 | 48c7 4424 | 0800 0000 | 0041 83bf | 5005 0000 
  0x0000021cc89bd400: 020f 85bf | 0000 0048 | 81ec 8000 | 0000 4889 | 4424 7848 | 894c 2470 | 4889 5424 | 6848 895c 
  0x0000021cc89bd420: 2460 4889 | 6c24 5048 | 8974 2448 | 4889 7c24 | 404c 8944 | 2438 4c89 | 4c24 304c | 8954 2428 
  0x0000021cc89bd440: 4c89 5c24 | 204c 8964 | 2418 4c89 | 6c24 104c | 8974 2408 | 4c89 3c24 | 4c8b e448 | 83ec 2048 
  0x0000021cc89bd460: 83e4 f048 | b8a0 1697 | 3afb 7f00 | 00ff d049 | 8be4 4c8b | 3c24 4c8b | 7424 084c | 8b6c 2410 
  0x0000021cc89bd480: 4c8b 6424 | 184c 8b5c | 2420 4c8b | 5424 284c | 8b4c 2430 | 4c8b 4424 | 3848 8b7c | 2440 488b 
  0x0000021cc89bd4a0: 7424 4848 | 8b6c 2450 | 488b 5c24 | 6048 8b54 | 2468 488b | 4c24 7048 | 8b44 2478 | 4881 c480 
  0x0000021cc89bd4c0: 0000 004d | 33e4 488b | 5de8 4c8b | 6b08 4d8d | 6d38 4983 | 7f08 000f | 84bb 0000 | 00e8 0500 
  0x0000021cc89bd4e0: 0000 e996 | 0000 0048 | 8d44 2408 | 4c89 6dc0 | 498b cfc5 | f877 4989 | af38 0400 | 0049 8987 
  0x0000021cc89bd500: 2804 0000 | 4883 ec20 | 40f6 c40f | 0f84 1900 | 0000 4883 | ec08 48b8 | 7079 5c3a | fb7f 0000 
  0x0000021cc89bd520: ffd0 4883 | c408 e90c | 0000 0048 | b870 795c | 3afb 7f00 | 00ff d048 | 83c4 2049 | c787 2804 
  0x0000021cc89bd540: 0000 0000 | 0000 49c7 | 8738 0400 | 0000 0000 | 0049 c787 | 3004 0000 | 0000 0000 | c5f8 7749 
  0x0000021cc89bd560: 837f 0800 | 0f84 0500 | 0000 e971 | 3cff ff4c | 8b6d c04c | 8b75 c84e | 8d74 f500 | c348 b970 
  0x0000021cc89bd580: 00c9 3afb | 7f00 0048 | 83e4 f048 | b870 9083 | 3afb 7f00 | 00ff d0f4 | 440f b75b | 2c41 f6c3 
  0x0000021cc89bd5a0: 200f 8472 | 0100 0048 | 8d55 a84c | 8b5a 084d | 85db 0f85 | bb00 0000 | e805 0000 | 00e9 9600 
  0x0000021cc89bd5c0: 0000 488d | 4424 084c | 896d c049 | 8bcf c5f8 | 7749 89af | 3804 0000 | 4989 8728 | 0400 0048 
  0x0000021cc89bd5e0: 83ec 2040 | f6c4 0f0f | 8419 0000 | 0048 83ec | 0848 b8a0 | 785c 3afb | 7f00 00ff | d048 83c4 
  0x0000021cc89bd600: 08e9 0c00 | 0000 48b8 | a078 5c3a | fb7f 0000 | ffd0 4883 | c420 49c7 | 8728 0400 | 0000 0000 
  0x0000021cc89bd620: 0049 c787 | 3804 0000 | 0000 0000 | 49c7 8730 | 0400 0000 | 0000 00c5 | f877 4983 | 7f08 000f 
  0x0000021cc89bd640: 8405 0000 | 00e9 963b | ffff 4c8b | 6dc0 4c8b | 75c8 4e8d | 74f5 00c3 | 48b9 7000 | c93a fb7f 
  0x0000021cc89bd660: 0000 4883 | e4f0 48b8 | 7090 833a | fb7f 0000 | ffd0 f44c | 896d c04c | 8b4a 0848 | c742 0800 
  0x0000021cc89bd680: 0000 0045 | 8b87 d806 | 0000 4f3b | 4c07 f80f | 8542 0000 | 0041 83af | d806 0000 | 084f 3b4c 
  0x0000021cc89bd6a0: 07f0 0f84 | 2a00 0000 | 498b 01a8 | 020f 8512 | 0000 004c | 8bc0 4983 | c801 f04d | 0fb1 010f 
  0x0000021cc89bd6c0: 840d 0000 | 0041 8387 | d806 0000 | 08e9 0500 | 0000 e93e | 0000 004c | 894a 0848 | 8bca 4883 
  0x0000021cc89bd6e0: ec20 40f6 | c40f 0f84 | 1900 0000 | 4883 ec08 | 48b8 f04a | 5c3a fb7f | 0000 ffd0 | 4883 c408 
  0x0000021cc89bd700: e90c 0000 | 0048 b8f0 | 4a5c 3afb | 7f00 00ff | d048 83c4 | 204c 8b6d | c041 c687 | 9603 0000 
  0x0000021cc89bd720: 0149 3b6f | 280f 8705 | 0000 00e9 | ab00 0000 | 4883 ec10 | c5fb 1104 | 2448 83ec | 1048 8904 
  0x0000021cc89bd740: 2448 c744 | 2408 0000 | 0000 c5f8 | 7749 89af | 3804 0000 | 49ba 4ad7 | 9bc8 1c02 | 0000 4d89 
  0x0000021cc89bd760: 9730 0400 | 0049 89a7 | 2804 0000 | 498b cf48 | 83ec 2040 | f6c4 0f0f | 8419 0000 | 0048 83ec 
  0x0000021cc89bd780: 0848 b890 | 315c 3afb | 7f00 00ff | d048 83c4 | 08e9 0c00 | 0000 48b8 | 9031 5c3a | fb7f 0000 
  0x0000021cc89bd7a0: ffd0 4883 | c420 49c7 | 8728 0400 | 0000 0000 | 0049 c787 | 3804 0000 | 0000 0000 | 49c7 8730 
  0x0000021cc89bd7c0: 0400 0000 | 0000 00c5 | f877 488b | 0424 4883 | c410 c5fb | 1004 2448 | 83c4 1048 | 8b04 2448 
  0x0000021cc89bd7e0: 83c4 10c5 | fb10 0424 | 4883 c410 | 4c8b 5d18 | 41ff d34c | 8b5d f8c9 | 41c6 8796 | 0300 0000 
  0x0000021cc89bd800: 5f49 8be3 | ffe7 ba00 | 0000 00e8 | 0500 0000 | e996 0000 | 0048 8d44 | 2408 4c89 | 6dc0 498b 
  0x0000021cc89bd820: cfc5 f877 | 4989 af38 | 0400 0049 | 8987 2804 | 0000 4883 | ec20 40f6 | c40f 0f84 | 1900 0000 
  0x0000021cc89bd840: 4883 ec08 | 48b8 e040 | 5c3a fb7f | 0000 ffd0 | 4883 c408 | e90c 0000 | 0048 b8e0 | 405c 3afb 
  0x0000021cc89bd860: 7f00 00ff | d048 83c4 | 2049 c787 | 2804 0000 | 0000 0000 | 49c7 8738 | 0400 0000 | 0000 0049 
  0x0000021cc89bd880: c787 3004 | 0000 0000 | 0000 c5f8 | 7749 837f | 0800 0f84 | 0500 0000 | e943 39ff | ff4c 8b6d 
  0x0000021cc89bd8a0: c04c 8b75 | c84e 8d74 | f500 c348 | 8b5d e8e9 | 74f6 ffff | 0f1f 4000 
[/MachCode]

---------------  P R O C E S S  ---------------

Threads class SMR info:
_java_thread_list=0x0000021cd4b27560, length=15, elements={
0x0000021cb8a47cd0, 0x0000021cb8a48890, 0x0000021cb8a4b860, 0x0000021cb8a4c420,
0x0000021cb8a4d5f0, 0x0000021cd4910780, 0x0000021cd4911e20, 0x0000021cd4916aa0,
0x0000021cd49e61e0, 0x0000021cd4b445e0, 0x0000021cd4b79730, 0x0000021cd4b961a0,
0x0000021cda02c4f0, 0x0000021cda0714e0, 0x0000021cb671e910
}

Java Threads: ( => current thread )
  0x0000021cb8a47cd0 JavaThread "Reference Handler"          daemon [_thread_blocked, id=5008, stack(0x000000a14be00000,0x000000a14bf00000) (1024K)]
  0x0000021cb8a48890 JavaThread "Finalizer"                  daemon [_thread_blocked, id=7620, stack(0x000000a14bf00000,0x000000a14c000000) (1024K)]
  0x0000021cb8a4b860 JavaThread "Signal Dispatcher"          daemon [_thread_blocked, id=8944, stack(0x000000a14c000000,0x000000a14c100000) (1024K)]
  0x0000021cb8a4c420 JavaThread "Attach Listener"            daemon [_thread_blocked, id=13960, stack(0x000000a14c100000,0x000000a14c200000) (1024K)]
  0x0000021cb8a4d5f0 JavaThread "Service Thread"             daemon [_thread_blocked, id=15124, stack(0x000000a14c200000,0x000000a14c300000) (1024K)]
  0x0000021cd4910780 JavaThread "Monitor Deflation Thread"   daemon [_thread_blocked, id=3204, stack(0x000000a14c300000,0x000000a14c400000) (1024K)]
  0x0000021cd4911e20 JavaThread "C2 CompilerThread0"         daemon [_thread_blocked, id=1724, stack(0x000000a14c400000,0x000000a14c500000) (1024K)]
  0x0000021cd4916aa0 JavaThread "C1 CompilerThread0"         daemon [_thread_blocked, id=10324, stack(0x000000a14c500000,0x000000a14c600000) (1024K)]
  0x0000021cd49e61e0 JavaThread "Common-Cleaner"             daemon [_thread_blocked, id=15344, stack(0x000000a14c600000,0x000000a14c700000) (1024K)]
  0x0000021cd4b445e0 JavaThread "Notification Thread"        daemon [_thread_blocked, id=13768, stack(0x000000a14c700000,0x000000a14c800000) (1024K)]
  0x0000021cd4b79730 JavaThread "Java2D Disposer"            daemon [_thread_blocked, id=3996, stack(0x000000a14c800000,0x000000a14c900000) (1024K)]
  0x0000021cd4b961a0 JavaThread "AWT-Windows"                daemon [_thread_in_native, id=5804, stack(0x000000a14ca00000,0x000000a14cb00000) (1024K)]
  0x0000021cda02c4f0 JavaThread "AWT-Shutdown"                      [_thread_blocked, id=15068, stack(0x000000a14c900000,0x000000a14ca00000) (1024K)]
=>0x0000021cda0714e0 JavaThread "AWT-EventQueue-0"                  [_thread_in_native, id=15184, stack(0x000000a14cf00000,0x000000a14d000000) (1024K)]
  0x0000021cb671e910 JavaThread "DestroyJavaVM"                     [_thread_blocked, id=1368, stack(0x000000a14b600000,0x000000a14b700000) (1024K)]
Total: 15

Other Threads:
  0x0000021cb8a37b90 VMThread "VM Thread"                           [id=6260, stack(0x000000a14bd00000,0x000000a14be00000) (1024K)]
  0x0000021cd490aa00 WatcherThread "VM Periodic Task Thread"        [id=9108, stack(0x000000a14bc00000,0x000000a14bd00000) (1024K)]
  0x0000021cb89ce590 WorkerThread "GC Thread#0"                     [id=13388, stack(0x000000a14b700000,0x000000a14b800000) (1024K)]
  0x0000021cda06aec0 WorkerThread "GC Thread#1"                     [id=15224, stack(0x000000a14cc00000,0x000000a14cd00000) (1024K)]
  0x0000021cda06b2f0 WorkerThread "GC Thread#2"                     [id=3392, stack(0x000000a14cd00000,0x000000a14ce00000) (1024K)]
  0x0000021cda06b720 WorkerThread "GC Thread#3"                     [id=14704, stack(0x000000a14ce00000,0x000000a14cf00000) (1024K)]
  0x0000021cb89e2ce0 ConcurrentGCThread "G1 Main Marker"            [id=11140, stack(0x000000a14b800000,0x000000a14b900000) (1024K)]
  0x0000021cb89e4020 WorkerThread "G1 Conc#0"                       [id=10996, stack(0x000000a14b900000,0x000000a14ba00000) (1024K)]
  0x0000021cb8a135f0 ConcurrentGCThread "G1 Refine#0"               [id=15288, stack(0x000000a14ba00000,0x000000a14bb00000) (1024K)]
  0x0000021cb8a150c0 ConcurrentGCThread "G1 Service"                [id=15352, stack(0x000000a14bb00000,0x000000a14bc00000) (1024K)]
Total: 10

Threads with active compile tasks:
Total: 0

VM state: not at safepoint (normal execution)

VM Mutex/Monitor currently owned by a thread: None

Heap address: 0x0000000099000000, size: 1648 MB, Compressed Oops mode: 32-bit

CDS archive(s) mapped at: [0x0000000027000000-0x0000000027dd0000-0x0000000027dd0000), size 14483456, SharedBaseAddress: 0x0000000027000000, ArchiveRelocationMode: 1.
Compressed class space mapped at: 0x0000000028000000-0x0000000068000000, reserved size: 1073741824
UseCompressedClassPointers 1, UseCompactObjectHeaders 0
Narrow klass pointer bits 32, Max shift 3
Narrow klass base: 0x0000000027000000, Narrow klass shift: 0
Encoding Range: [0x0000000027000000 - 0x0000000127000000), (4294967296 bytes)
Klass Range:    [0x0000000027010000 - 0x0000000068000000), (1090453504 bytes)
Klass ID Range:  [65536 - 1090519033) (1090453497)
Protection zone: [0x0000000027000000 - 0x0000000027010000), (65536 bytes)

GC Precious Log:
 CardTable entry size: 512
 Card Set container configuration: InlinePtr #cards 5 size 8 Array Of Cards #cards 10 size 36 Howl #buckets 4 coarsen threshold 1843 Howl Bitmap #cards 512 size 80 coarsen threshold 460 Card regions per heap region 1 cards per card region 2048
 CPUs: 4 total, 4 available
 Memory: 6590M
 Large Page Support: Disabled
 NUMA Support: Disabled
 Compressed Oops: Enabled (32-bit)
 Heap Region Size: 1M
 Heap Min Capacity: 8M
 Heap Initial Capacity: 104M
 Heap Max Capacity: 1648M
 Pre-touch: Disabled
 Parallel Workers: 4
 Concurrent Workers: 1
 Concurrent Refinement Workers: 4
 Periodic GC: Disabled

Heap:
 garbage-first heap   total reserved 1687552K, committed 108544K, used 74627K [0x0000000099000000, 0x0000000100000000)
  region size 1024K, 34 young (34816K), 2 survivors (2048K)

Heap Regions: E=young(eden), S=young(survivor), O=old, HS=humongous(starts), HC=humongous(continues), CS=collection set, F=free, TAMS=top-at-mark-start, PB=parsable bottom
|   0|0x0000000099000000, 0x0000000099100000, 0x0000000099100000|100%|HS|  |TAMS 0x0000000099000000| PB 0x0000000099000000| Complete |  0
|   1|0x0000000099100000, 0x0000000099200000, 0x0000000099200000|100%|HC|  |TAMS 0x0000000099100000| PB 0x0000000099100000| Complete |  0
|   2|0x0000000099200000, 0x0000000099300000, 0x0000000099300000|100%|HC|  |TAMS 0x0000000099200000| PB 0x0000000099200000| Complete |  0
|   3|0x0000000099300000, 0x0000000099400000, 0x0000000099400000|100%|HC|  |TAMS 0x0000000099300000| PB 0x0000000099300000| Complete |  0
|   4|0x0000000099400000, 0x0000000099500000, 0x0000000099500000|100%|HC|  |TAMS 0x0000000099400000| PB 0x0000000099400000| Complete |  0
|   5|0x0000000099500000, 0x0000000099600000, 0x0000000099600000|100%|HC|  |TAMS 0x0000000099500000| PB 0x0000000099500000| Complete |  0
|   6|0x0000000099600000, 0x0000000099700000, 0x0000000099700000|100%|HC|  |TAMS 0x0000000099600000| PB 0x0000000099600000| Complete |  0
|   7|0x0000000099700000, 0x0000000099800000, 0x0000000099800000|100%|HC|  |TAMS 0x0000000099700000| PB 0x0000000099700000| Complete |  0
|   8|0x0000000099800000, 0x0000000099900000, 0x0000000099900000|100%|HC|  |TAMS 0x0000000099800000| PB 0x0000000099800000| Complete |  0
|   9|0x0000000099900000, 0x0000000099a00000, 0x0000000099a00000|100%|HC|  |TAMS 0x0000000099900000| PB 0x0000000099900000| Complete |  0
|  10|0x0000000099a00000, 0x0000000099b00000, 0x0000000099b00000|100%|HC|  |TAMS 0x0000000099a00000| PB 0x0000000099a00000| Complete |  0
|  11|0x0000000099b00000, 0x0000000099c00000, 0x0000000099c00000|100%|HC|  |TAMS 0x0000000099b00000| PB 0x0000000099b00000| Complete |  0
|  12|0x0000000099c00000, 0x0000000099d00000, 0x0000000099d00000|100%|HC|  |TAMS 0x0000000099c00000| PB 0x0000000099c00000| Complete |  0
|  13|0x0000000099d00000, 0x0000000099e00000, 0x0000000099e00000|100%|HC|  |TAMS 0x0000000099d00000| PB 0x0000000099d00000| Complete |  0
|  14|0x0000000099e00000, 0x0000000099f00000, 0x0000000099f00000|100%|HC|  |TAMS 0x0000000099e00000| PB 0x0000000099e00000| Complete |  0
|  15|0x0000000099f00000, 0x000000009a000000, 0x000000009a000000|100%|HC|  |TAMS 0x0000000099f00000| PB 0x0000000099f00000| Complete |  0
|  16|0x000000009a000000, 0x000000009a100000, 0x000000009a100000|100%|HC|  |TAMS 0x000000009a000000| PB 0x000000009a000000| Complete |  0
|  17|0x000000009a100000, 0x000000009a200000, 0x000000009a200000|100%|HC|  |TAMS 0x000000009a100000| PB 0x000000009a100000| Complete |  0
|  18|0x000000009a200000, 0x000000009a300000, 0x000000009a300000|100%|HC|  |TAMS 0x000000009a200000| PB 0x000000009a200000| Complete |  0
|  19|0x000000009a300000, 0x000000009a400000, 0x000000009a400000|100%|HC|  |TAMS 0x000000009a300000| PB 0x000000009a300000| Complete |  0
|  20|0x000000009a400000, 0x000000009a500000, 0x000000009a500000|100%|HC|  |TAMS 0x000000009a400000| PB 0x000000009a400000| Complete |  0
|  21|0x000000009a500000, 0x000000009a600000, 0x000000009a600000|100%|HC|  |TAMS 0x000000009a500000| PB 0x000000009a500000| Complete |  0
|  22|0x000000009a600000, 0x000000009a700000, 0x000000009a700000|100%|HC|  |TAMS 0x000000009a600000| PB 0x000000009a600000| Complete |  0
|  23|0x000000009a700000, 0x000000009a800000, 0x000000009a800000|100%|HC|  |TAMS 0x000000009a700000| PB 0x000000009a700000| Complete |  0
|  24|0x000000009a800000, 0x000000009a900000, 0x000000009a900000|100%|HC|  |TAMS 0x000000009a800000| PB 0x000000009a800000| Complete |  0
|  25|0x000000009a900000, 0x000000009aa00000, 0x000000009aa00000|100%|HC|  |TAMS 0x000000009a900000| PB 0x000000009a900000| Complete |  0
|  26|0x000000009aa00000, 0x000000009ab00000, 0x000000009ab00000|100%|HC|  |TAMS 0x000000009aa00000| PB 0x000000009aa00000| Complete |  0
|  27|0x000000009ab00000, 0x000000009ac00000, 0x000000009ac00000|100%|HC|  |TAMS 0x000000009ab00000| PB 0x000000009ab00000| Complete |  0
|  28|0x000000009ac00000, 0x000000009ad00000, 0x000000009ad00000|100%|HC|  |TAMS 0x000000009ac00000| PB 0x000000009ac00000| Complete |  0
|  29|0x000000009ad00000, 0x000000009ae00000, 0x000000009ae00000|100%|HC|  |TAMS 0x000000009ad00000| PB 0x000000009ad00000| Complete |  0
|  30|0x000000009ae00000, 0x000000009af00000, 0x000000009af00000|100%|HC|  |TAMS 0x000000009ae00000| PB 0x000000009ae00000| Complete |  0
|  31|0x000000009af00000, 0x000000009b000000, 0x000000009b000000|100%|HC|  |TAMS 0x000000009af00000| PB 0x000000009af00000| Complete |  0
|  32|0x000000009b000000, 0x000000009b100000, 0x000000009b100000|100%|HS|  |TAMS 0x000000009b000000| PB 0x000000009b000000| Complete |  0
|  33|0x000000009b100000, 0x000000009b200000, 0x000000009b200000|100%|HC|  |TAMS 0x000000009b100000| PB 0x000000009b100000| Complete |  0
|  34|0x000000009b200000, 0x000000009b300000, 0x000000009b300000|100%|HC|  |TAMS 0x000000009b200000| PB 0x000000009b200000| Complete |  0
|  35|0x000000009b300000, 0x000000009b400000, 0x000000009b400000|100%|HC|  |TAMS 0x000000009b300000| PB 0x000000009b300000| Complete |  0
|  36|0x000000009b400000, 0x000000009b500000, 0x000000009b500000|100%|HS|  |TAMS 0x000000009b400000| PB 0x000000009b400000| Complete |  0
|  37|0x000000009b500000, 0x000000009b600000, 0x000000009b600000|100%|HC|  |TAMS 0x000000009b500000| PB 0x000000009b500000| Complete |  0
|  38|0x000000009b600000, 0x000000009b700000, 0x000000009b700000|100%|HC|  |TAMS 0x000000009b600000| PB 0x000000009b600000| Complete |  0
|  39|0x000000009b700000, 0x000000009b800000, 0x000000009b800000|100%|HC|  |TAMS 0x000000009b700000| PB 0x000000009b700000| Complete |  0
|  40|0x000000009b800000, 0x000000009b800000, 0x000000009b900000|  0%| F|  |TAMS 0x000000009b800000| PB 0x000000009b800000| Untracked |  0
|  41|0x000000009b900000, 0x000000009b900000, 0x000000009ba00000|  0%| F|  |TAMS 0x000000009b900000| PB 0x000000009b900000| Untracked |  0
|  42|0x000000009ba00000, 0x000000009ba00000, 0x000000009bb00000|  0%| F|  |TAMS 0x000000009ba00000| PB 0x000000009ba00000| Untracked |  0
|  43|0x000000009bb00000, 0x000000009bb00000, 0x000000009bc00000|  0%| F|  |TAMS 0x000000009bb00000| PB 0x000000009bb00000| Untracked |  0
|  44|0x000000009bc00000, 0x000000009bc00000, 0x000000009bd00000|  0%| F|  |TAMS 0x000000009bc00000| PB 0x000000009bc00000| Untracked |  0
|  45|0x000000009bd00000, 0x000000009bd00000, 0x000000009be00000|  0%| F|  |TAMS 0x000000009bd00000| PB 0x000000009bd00000| Untracked |  0
|  46|0x000000009be00000, 0x000000009be00000, 0x000000009bf00000|  0%| F|  |TAMS 0x000000009be00000| PB 0x000000009be00000| Untracked |  0
|  47|0x000000009bf00000, 0x000000009bf00000, 0x000000009c000000|  0%| F|  |TAMS 0x000000009bf00000| PB 0x000000009bf00000| Untracked |  0
|  48|0x000000009c000000, 0x000000009c000000, 0x000000009c100000|  0%| F|  |TAMS 0x000000009c000000| PB 0x000000009c000000| Untracked |  0
|  49|0x000000009c100000, 0x000000009c100000, 0x000000009c200000|  0%| F|  |TAMS 0x000000009c100000| PB 0x000000009c100000| Untracked |  0
|  50|0x000000009c200000, 0x000000009c200000, 0x000000009c300000|  0%| F|  |TAMS 0x000000009c200000| PB 0x000000009c200000| Untracked |  0
|  51|0x000000009c300000, 0x000000009c300000, 0x000000009c400000|  0%| F|  |TAMS 0x000000009c300000| PB 0x000000009c300000| Untracked |  0
|  52|0x000000009c400000, 0x000000009c400000, 0x000000009c500000|  0%| F|  |TAMS 0x000000009c400000| PB 0x000000009c400000| Untracked |  0
|  53|0x000000009c500000, 0x000000009c500000, 0x000000009c600000|  0%| F|  |TAMS 0x000000009c500000| PB 0x000000009c500000| Untracked |  0
|  54|0x000000009c600000, 0x000000009c600000, 0x000000009c700000|  0%| F|  |TAMS 0x000000009c600000| PB 0x000000009c600000| Untracked |  0
|  55|0x000000009c700000, 0x000000009c700000, 0x000000009c800000|  0%| F|  |TAMS 0x000000009c700000| PB 0x000000009c700000| Untracked |  0
|  56|0x000000009c800000, 0x000000009c800000, 0x000000009c900000|  0%| F|  |TAMS 0x000000009c800000| PB 0x000000009c800000| Untracked |  0
|  57|0x000000009c900000, 0x000000009c900000, 0x000000009ca00000|  0%| F|  |TAMS 0x000000009c900000| PB 0x000000009c900000| Untracked |  0
|  58|0x000000009ca00000, 0x000000009ca00000, 0x000000009cb00000|  0%| F|  |TAMS 0x000000009ca00000| PB 0x000000009ca00000| Untracked |  0
|  59|0x000000009cb00000, 0x000000009cb00000, 0x000000009cc00000|  0%| F|  |TAMS 0x000000009cb00000| PB 0x000000009cb00000| Untracked |  0
|  60|0x000000009cc00000, 0x000000009cc00000, 0x000000009cd00000|  0%| F|  |TAMS 0x000000009cc00000| PB 0x000000009cc00000| Untracked |  0
|  61|0x000000009cd00000, 0x000000009cd00000, 0x000000009ce00000|  0%| F|  |TAMS 0x000000009cd00000| PB 0x000000009cd00000| Untracked |  0
|  62|0x000000009ce00000, 0x000000009ce00000, 0x000000009cf00000|  0%| F|  |TAMS 0x000000009ce00000| PB 0x000000009ce00000| Untracked |  0
|  63|0x000000009cf00000, 0x000000009cf00000, 0x000000009d000000|  0%| F|  |TAMS 0x000000009cf00000| PB 0x000000009cf00000| Untracked |  0
|  64|0x000000009d000000, 0x000000009d000000, 0x000000009d100000|  0%| F|  |TAMS 0x000000009d000000| PB 0x000000009d000000| Untracked |  0
|  65|0x000000009d100000, 0x000000009d100000, 0x000000009d200000|  0%| F|  |TAMS 0x000000009d100000| PB 0x000000009d100000| Untracked |  0
|  66|0x000000009d200000, 0x000000009d200000, 0x000000009d300000|  0%| F|  |TAMS 0x000000009d200000| PB 0x000000009d200000| Untracked |  0
|  67|0x000000009d300000, 0x000000009d300000, 0x000000009d400000|  0%| F|  |TAMS 0x000000009d300000| PB 0x000000009d300000| Untracked |  0
|  68|0x000000009d400000, 0x000000009d400000, 0x000000009d500000|  0%| F|  |TAMS 0x000000009d400000| PB 0x000000009d400000| Untracked |  0
|  69|0x000000009d500000, 0x000000009d500000, 0x000000009d600000|  0%| F|  |TAMS 0x000000009d500000| PB 0x000000009d500000| Untracked |  0
|  70|0x000000009d600000, 0x000000009d6d6588, 0x000000009d700000| 83%| E|  |TAMS 0x000000009d600000| PB 0x000000009d600000| Complete |  0
|  71|0x000000009d700000, 0x000000009d800000, 0x000000009d800000|100%| E|CS|TAMS 0x000000009d700000| PB 0x000000009d700000| Complete |  0
|  72|0x000000009d800000, 0x000000009d900000, 0x000000009d900000|100%| E|CS|TAMS 0x000000009d800000| PB 0x000000009d800000| Complete |  0
|  73|0x000000009d900000, 0x000000009da00000, 0x000000009da00000|100%| E|  |TAMS 0x000000009d900000| PB 0x000000009d900000| Complete |  0
|  74|0x000000009da00000, 0x000000009dabc010, 0x000000009db00000| 73%| S|CS|TAMS 0x000000009da00000| PB 0x000000009da00000| Complete |  0
|  75|0x000000009db00000, 0x000000009dc00000, 0x000000009dc00000|100%| S|CS|TAMS 0x000000009db00000| PB 0x000000009db00000| Complete |  0
|  76|0x000000009dc00000, 0x000000009dd00000, 0x000000009dd00000|100%| E|CS|TAMS 0x000000009dc00000| PB 0x000000009dc00000| Complete |  0
|  77|0x000000009dd00000, 0x000000009de00000, 0x000000009de00000|100%| E|CS|TAMS 0x000000009dd00000| PB 0x000000009dd00000| Complete |  0
|  78|0x000000009de00000, 0x000000009df00000, 0x000000009df00000|100%| E|CS|TAMS 0x000000009de00000| PB 0x000000009de00000| Complete |  0
|  79|0x000000009df00000, 0x000000009e000000, 0x000000009e000000|100%| E|CS|TAMS 0x000000009df00000| PB 0x000000009df00000| Complete |  0
|  80|0x000000009e000000, 0x000000009e100000, 0x000000009e100000|100%| E|CS|TAMS 0x000000009e000000| PB 0x000000009e000000| Complete |  0
|  81|0x000000009e100000, 0x000000009e200000, 0x000000009e200000|100%| E|CS|TAMS 0x000000009e100000| PB 0x000000009e100000| Complete |  0
|  82|0x000000009e200000, 0x000000009e300000, 0x000000009e300000|100%| E|CS|TAMS 0x000000009e200000| PB 0x000000009e200000| Complete |  0
|  83|0x000000009e300000, 0x000000009e400000, 0x000000009e400000|100%| E|CS|TAMS 0x000000009e300000| PB 0x000000009e300000| Complete |  0
|  84|0x000000009e400000, 0x000000009e500000, 0x000000009e500000|100%| E|CS|TAMS 0x000000009e400000| PB 0x000000009e400000| Complete |  0
|  85|0x000000009e500000, 0x000000009e600000, 0x000000009e600000|100%| E|CS|TAMS 0x000000009e500000| PB 0x000000009e500000| Complete |  0
|  86|0x000000009e600000, 0x000000009e700000, 0x000000009e700000|100%| E|CS|TAMS 0x000000009e600000| PB 0x000000009e600000| Complete |  0
|  87|0x000000009e700000, 0x000000009e800000, 0x000000009e800000|100%| E|CS|TAMS 0x000000009e700000| PB 0x000000009e700000| Complete |  0
|  88|0x000000009e800000, 0x000000009e900000, 0x000000009e900000|100%| E|CS|TAMS 0x000000009e800000| PB 0x000000009e800000| Complete |  0
|  89|0x000000009e900000, 0x000000009ea00000, 0x000000009ea00000|100%| E|CS|TAMS 0x000000009e900000| PB 0x000000009e900000| Complete |  0
|  90|0x000000009ea00000, 0x000000009eb00000, 0x000000009eb00000|100%| E|CS|TAMS 0x000000009ea00000| PB 0x000000009ea00000| Complete |  0
|  91|0x000000009eb00000, 0x000000009ec00000, 0x000000009ec00000|100%| E|CS|TAMS 0x000000009eb00000| PB 0x000000009eb00000| Complete |  0
|  92|0x000000009ec00000, 0x000000009ed00000, 0x000000009ed00000|100%| E|CS|TAMS 0x000000009ec00000| PB 0x000000009ec00000| Complete |  0
|  93|0x000000009ed00000, 0x000000009ee00000, 0x000000009ee00000|100%| E|CS|TAMS 0x000000009ed00000| PB 0x000000009ed00000| Complete |  0
|  94|0x000000009ee00000, 0x000000009ef00000, 0x000000009ef00000|100%| E|CS|TAMS 0x000000009ee00000| PB 0x000000009ee00000| Complete |  0
|  95|0x000000009ef00000, 0x000000009f000000, 0x000000009f000000|100%| E|CS|TAMS 0x000000009ef00000| PB 0x000000009ef00000| Complete |  0
|  96|0x000000009f000000, 0x000000009f100000, 0x000000009f100000|100%| E|CS|TAMS 0x000000009f000000| PB 0x000000009f000000| Complete |  0
|  97|0x000000009f100000, 0x000000009f200000, 0x000000009f200000|100%| E|CS|TAMS 0x000000009f100000| PB 0x000000009f100000| Complete |  0
|  98|0x000000009f200000, 0x000000009f300000, 0x000000009f300000|100%| E|CS|TAMS 0x000000009f200000| PB 0x000000009f200000| Complete |  0
|  99|0x000000009f300000, 0x000000009f400000, 0x000000009f400000|100%| E|CS|TAMS 0x000000009f300000| PB 0x000000009f300000| Complete |  0
| 100|0x000000009f400000, 0x000000009f500000, 0x000000009f500000|100%| E|CS|TAMS 0x000000009f400000| PB 0x000000009f400000| Complete |  0
| 101|0x000000009f500000, 0x000000009f600000, 0x000000009f600000|100%| E|CS|TAMS 0x000000009f500000| PB 0x000000009f500000| Complete |  0
| 102|0x000000009f600000, 0x000000009f700000, 0x000000009f700000|100%| E|CS|TAMS 0x000000009f600000| PB 0x000000009f600000| Complete |  0
| 103|0x000000009f700000, 0x000000009f800000, 0x000000009f800000|100%| E|CS|TAMS 0x000000009f700000| PB 0x000000009f700000| Complete |  0
|1646|0x00000000ffe00000, 0x00000000fff00000, 0x00000000fff00000|100%| O|  |TAMS 0x00000000ffe00000| PB 0x00000000ffe00000| Untracked |  0
|1647|0x00000000fff00000, 0x00000000fff24ea8, 0x0000000100000000| 14%| O|  |TAMS 0x00000000fff00000| PB 0x00000000fff00000| Untracked |  0

Card table byte_map: [0x0000021cd07c0000,0x0000021cd0b00000] _byte_map_base: 0x0000021cd02f8000

Marking Bits: (CMBitMap*) 0x0000021cb89ced20
 Bits: [0x0000021cd0b00000, 0x0000021cd24c0000)

Polling page: 0x0000021cb6880000

Metaspace:
Metaspace        used 7001K, committed 7168K, reserved 1114112K
 class space     used 716K, committed 832K, reserved 1048576K

Usage:
  Non-class:      6.14 MB used.
      Class:    716.93 KB used.
       Both:      6.84 MB used.

Virtual space:
  Non-class space:       64.00 MB reserved,       6.19 MB ( 10%) committed,  1 nodes.
      Class space:        1.00 GB reserved,     832.00 KB ( <1%) committed,  1 nodes.
             Both:        1.06 GB reserved,       7.00 MB ( <1%) committed. 

Chunk freelists:
   Non-Class:  9.00 MB
       Class:  15.24 MB
        Both:  24.24 MB

MaxMetaspaceSize: unlimited
CompressedClassSpaceSize: 1.00 GB
Initial GC threshold: 21.00 MB
Current GC threshold: 21.00 MB
CDS: on
 - commit_granule_bytes: 65536.
 - commit_granule_words: 8192.
 - virtual_space_node_default_size: 8388608.
 - enlarge_chunks_in_place: 1.
UseCompressedClassPointers 1, UseCompactObjectHeaders 0
Narrow klass pointer bits 32, Max shift 3
Narrow klass base: 0x0000000027000000, Narrow klass shift: 0
Encoding Range: [0x0000000027000000 - 0x0000000127000000), (4294967296 bytes)
Klass Range:    [0x0000000027010000 - 0x0000000068000000), (1090453504 bytes)
Klass ID Range:  [65536 - 1090519033) (1090453497)
Protection zone: [0x0000000027000000 - 0x0000000027010000), (65536 bytes)


Internal statistics:

num_allocs_failed_limit: 0.
num_arena_births: 76.
num_arena_deaths: 0.
num_vsnodes_births: 2.
num_vsnodes_deaths: 0.
num_space_committed: 112.
num_space_uncommitted: 0.
num_chunks_returned_to_freelist: 0.
num_chunks_taken_from_freelist: 95.
num_chunk_merges: 0.
num_chunk_splits: 59.
num_chunks_enlarged: 32.
num_inconsistent_stats: 0.

CodeHeap 'non-profiled nmethods': size=120064Kb used=271Kb max_used=271Kb free=119792Kb
 bounds [0x0000021cc8f40000, 0x0000021cc91b0000, 0x0000021cd0480000]
CodeHeap 'profiled nmethods': size=120000Kb used=1242Kb max_used=1242Kb free=118757Kb
 bounds [0x0000021cc1480000, 0x0000021cc16f0000, 0x0000021cc89b0000]
CodeHeap 'non-nmethods': size=5696Kb used=1493Kb max_used=1507Kb free=4202Kb
 bounds [0x0000021cc89b0000, 0x0000021cc8c20000, 0x0000021cc8f40000]
CodeCache: size=245760Kb, used=3006Kb, max_used=3020Kb, free=242751Kb
 total_blobs=1606, nmethods=982, adapters=528, full_count=0
Compilation: enabled, stopped_count=0, restarted_count=0

Compilation events (20 events):
Event: 8.381 Thread 0x0000021cd4916aa0  971       3       java.awt.Component::contains (7 bytes)
Event: 8.381 Thread 0x0000021cd4916aa0 nmethod 971 0x0000021cc15b4d08 code [0x0000021cc15b4e00, 0x0000021cc15b50b8]
Event: 8.382 Thread 0x0000021cd4916aa0  972       1       java.awt.EventDispatchThread$1::evaluate (2 bytes)
Event: 8.382 Thread 0x0000021cd4916aa0 nmethod 972 0x0000021cc8f82a88 code [0x0000021cc8f82b80, 0x0000021cc8f82c48]
Event: 8.382 Thread 0x0000021cd4916aa0  973  s    1       java.awt.EventDispatchThread::getEventQueue (5 bytes)
Event: 8.382 Thread 0x0000021cd4916aa0 nmethod 973 0x0000021cc8f82d88 code [0x0000021cc8f82e80, 0x0000021cc8f83090]
Event: 8.390 Thread 0x0000021cd4911e20  974       4       sun.awt.AWTAutoShutdown::getInstance (4 bytes)
Event: 8.391 Thread 0x0000021cd4911e20 nmethod 974 0x0000021cc8f83108 code [0x0000021cc8f83200, 0x0000021cc8f83270]
Event: 8.399 Thread 0x0000021cd4916aa0  975       3       sun.awt.EventQueueItem::<init> (10 bytes)
Event: 8.400 Thread 0x0000021cd4916aa0 nmethod 975 0x0000021cc15b5108 code [0x0000021cc15b5200, 0x0000021cc15b53b0]
Event: 8.981 Thread 0x0000021cd4916aa0  976       1       java.beans.PropertyChangeEvent::getOldValue (5 bytes)
Event: 8.981 Thread 0x0000021cd4916aa0 nmethod 976 0x0000021cc8f83408 code [0x0000021cc8f83500, 0x0000021cc8f835c8]
Event: 9.006 Thread 0x0000021cd4916aa0  977       3       java.util.Objects::checkIndex (7 bytes)
Event: 9.006 Thread 0x0000021cd4916aa0 nmethod 977 0x0000021cc15b5408 code [0x0000021cc15b5500, 0x0000021cc15b5638]
Event: 9.007 Thread 0x0000021cd4916aa0  978  s    3       java.awt.Toolkit::getDefaultToolkit (53 bytes)
Event: 9.009 Thread 0x0000021cd4916aa0 nmethod 978 0x0000021cc15b5708 code [0x0000021cc15b5800, 0x0000021cc15b5fa8]
Event: 9.033 Thread 0x0000021cd4916aa0  979       3       java.util.concurrent.locks.AbstractQueuedSynchronizer$ConditionObject::signalAll (34 bytes)
Event: 9.034 Thread 0x0000021cd4916aa0 nmethod 979 0x0000021cc15b6008 code [0x0000021cc15b6100, 0x0000021cc15b6548]
Event: 8660.648 Thread 0x0000021cd4916aa0  981       3       java.lang.ref.ReferenceQueue::poll0 (65 bytes)
Event: 8660.653 Thread 0x0000021cd4916aa0 nmethod 981 0x0000021cc15b6588 code [0x0000021cc15b6680, 0x0000021cc15b6b38]

GC Heap Usage History (2 events):
Event: 1.099 {heap Before GC invocations=0 (full 0):
 garbage-first heap   total reserved 1687552K, committed 108544K, used 62611K [0x0000000099000000, 0x0000000100000000)
  region size 1024K, 28 young (28672K), 0 survivors (0K)
}
Event: 1.104 {heap After GC invocations=1 (full 0):
 garbage-first heap   total reserved 1687552K, committed 108544K, used 35715K [0x0000000099000000, 0x0000000100000000)
  region size 1024K, 2 young (2048K), 2 survivors (2048K)
}

Metaspace Usage History (2 events):
Event: 1.099 {metaspace Before GC invocations=0 (full 0):
 Metaspace       used 4817K, committed 4928K, reserved 1114112K
  class space    used 465K, committed 512K, reserved 1048576K
}
Event: 1.104 {metaspace After GC invocations=1 (full 0):
 Metaspace       used 4817K, committed 4928K, reserved 1114112K
  class space    used 465K, committed 512K, reserved 1048576K
}

Dll operation events (9 events):
Event: 0.016 Loaded shared library C:\Program Files\Apache NetBeans\jdk\bin\java.dll
Event: 0.146 Loaded shared library C:\Program Files\Apache NetBeans\jdk\bin\net.dll
Event: 0.150 Loaded shared library C:\Program Files\Apache NetBeans\jdk\bin\nio.dll
Event: 0.208 Loaded shared library C:\Program Files\Apache NetBeans\jdk\bin\jimage.dll
Event: 0.230 Loaded shared library C:\Program Files\Apache NetBeans\jdk\bin\awt.dll
Event: 0.577 Loaded shared library C:\Program Files\Apache NetBeans\jdk\bin\zip.dll
Event: 0.669 Loaded shared library C:\Program Files\Apache NetBeans\jdk\bin\javajpeg.dll
Event: 1.610 Loaded shared library C:\Program Files\Apache NetBeans\jdk\bin\freetype.dll
Event: 1.611 Loaded shared library C:\Program Files\Apache NetBeans\jdk\bin\fontmanager.dll

Deoptimization events (20 events):
Event: 0.390 Thread 0x0000021cb671e910 Uncommon trap: trap_request=0xffffff45 fr.pc=0x0000021cc8f4f9b0 relative=0x0000000000000730
Event: 0.390 Thread 0x0000021cb671e910 Uncommon trap: reason=unstable_if action=reinterpret pc=0x0000021cc8f4f9b0 method=java.util.HashMap.putVal(ILjava/lang/Object;Ljava/lang/Object;ZZ)Ljava/lang/Object; @ 236 c2
Event: 0.390 Thread 0x0000021cb671e910 DEOPT PACKING pc=0x0000021cc8f4f9b0 sp=0x000000a14b6fe470
Event: 0.390 Thread 0x0000021cb671e910 DEOPT UNPACKING pc=0x0000021cc8acf902 sp=0x000000a14b6fe3f8 mode 2
Event: 1.251 Thread 0x0000021cd9c9f350 Uncommon trap: trap_request=0xffffff45 fr.pc=0x0000021cc8f6e060 relative=0x0000000000000060
Event: 1.251 Thread 0x0000021cd9c9f350 Uncommon trap: reason=unstable_if action=reinterpret pc=0x0000021cc8f6e060 method=java.lang.ref.ReferenceQueue.poll()Ljava/lang/ref/Reference; @ 4 c2
Event: 1.251 Thread 0x0000021cd9c9f350 DEOPT PACKING pc=0x0000021cc8f6e060 sp=0x000000a14cbfd760
Event: 1.251 Thread 0x0000021cd9c9f350 DEOPT UNPACKING pc=0x0000021cc8acf902 sp=0x000000a14cbfd670 mode 2
Event: 1.251 Thread 0x0000021cd9c9f350 Uncommon trap: trap_request=0xffffff45 fr.pc=0x0000021cc8f6da58 relative=0x0000000000000058
Event: 1.251 Thread 0x0000021cd9c9f350 Uncommon trap: reason=unstable_if action=reinterpret pc=0x0000021cc8f6da58 method=java.lang.ref.ReferenceQueue.poll()Ljava/lang/ref/Reference; @ 4 c2
Event: 1.251 Thread 0x0000021cd9c9f350 DEOPT PACKING pc=0x0000021cc8f6da58 sp=0x000000a14cbfd6f0
Event: 1.251 Thread 0x0000021cd9c9f350 DEOPT UNPACKING pc=0x0000021cc8acf902 sp=0x000000a14cbfd670 mode 2
Event: 1.333 Thread 0x0000021cd9c9f350 DEOPT PACKING pc=0x0000021cc1576c7a sp=0x000000a14cbfe8b0
Event: 1.333 Thread 0x0000021cd9c9f350 DEOPT UNPACKING pc=0x0000021cc8a01702 sp=0x000000a14cbfdd40 mode 0
Event: 1.337 Thread 0x0000021cd9c9f350 DEOPT PACKING pc=0x0000021cc1576c7a sp=0x000000a14cbfe8b0
Event: 1.337 Thread 0x0000021cd9c9f350 DEOPT UNPACKING pc=0x0000021cc8a01702 sp=0x000000a14cbfdd40 mode 0
Event: 1.340 Thread 0x0000021cd9c9f350 DEOPT PACKING pc=0x0000021cc1576c7a sp=0x000000a14cbfe8b0
Event: 1.340 Thread 0x0000021cd9c9f350 DEOPT UNPACKING pc=0x0000021cc8a01702 sp=0x000000a14cbfdd40 mode 0
Event: 1.344 Thread 0x0000021cd9c9f350 DEOPT PACKING pc=0x0000021cc1576c7a sp=0x000000a14cbfe8b0
Event: 1.344 Thread 0x0000021cd9c9f350 DEOPT UNPACKING pc=0x0000021cc8a01702 sp=0x000000a14cbfdd40 mode 0

Classes loaded (20 events):
Event: 1.768 Loading class java/text/AttributedString$AttributedStringIterator
Event: 1.769 Loading class java/text/AttributedCharacterIterator
Event: 1.769 Loading class java/text/CharacterIterator
Event: 1.769 Loading class java/text/CharacterIterator done
Event: 1.769 Loading class java/text/AttributedCharacterIterator done
Event: 1.769 Loading class java/text/AttributedString$AttributedStringIterator done
Event: 1.771 Loading class java/awt/TextComponent
Event: 1.771 Loading class java/awt/TextComponent done
Event: 1.771 Loading class javax/swing/text/JTextComponent
Event: 1.772 Loading class javax/swing/Scrollable
Event: 1.772 Loading class javax/swing/Scrollable done
Event: 1.773 Loading class javax/swing/text/JTextComponent done
Event: 1.774 Loading class java/awt/event/MouseWheelEvent
Event: 1.774 Loading class java/awt/event/MouseWheelEvent done
Event: 8.981 Loading class sun/awt/SunToolkit$1
Event: 8.981 Loading class sun/awt/SunToolkit$1 done
Event: 570.984 Loading class java/awt/desktop/SystemSleepListener
Event: 570.985 Loading class java/awt/desktop/SystemEventListener
Event: 570.985 Loading class java/awt/desktop/SystemEventListener done
Event: 570.985 Loading class java/awt/desktop/SystemSleepListener done

Classes unloaded (0 events):
No events

Classes redefined (0 events):
No events

Internal exceptions (20 events):
Event: 0.247 Thread 0x0000021cb671e910 Exception <a 'java/io/FileNotFoundException'{0x000000009f428520}> (0x000000009f428520) 
thrown [s\src\hotspot\share\prims\jni.cpp, line 516]
Event: 0.301 Thread 0x0000021cb671e910 Exception <a 'java/lang/NoSuchMethodError'{0x000000009f4734e0}: 'java.lang.Object java.lang.invoke.DirectMethodHandle$Holder.invokeStaticInit(java.lang.Object)'> (0x000000009f4734e0) 
thrown [s\src\hotspot\share\interpreter\linkResolver.cpp, line 804]
Event: 0.347 Thread 0x0000021cb671e910 Exception <a 'java/lang/NoSuchMethodError'{0x000000009f4a51a8}: 'long java.lang.invoke.DirectMethodHandle$Holder.invokeStatic(java.lang.Object, java.lang.Object)'> (0x000000009f4a51a8) 
thrown [s\src\hotspot\share\interpreter\linkResolver.cpp, line 804]
Event: 0.348 Thread 0x0000021cb671e910 Exception <a 'java/lang/NoSuchMethodError'{0x000000009f4ad200}: 'long java.lang.invoke.DirectMethodHandle$Holder.invokeStaticInit(java.lang.Object, java.lang.Object)'> (0x000000009f4ad200) 
thrown [s\src\hotspot\share\interpreter\linkResolver.cpp, line 804]
Event: 0.350 Thread 0x0000021cb671e910 Exception <a 'java/lang/NoSuchMethodError'{0x000000009f4b5ab0}: 'java.lang.Object java.lang.invoke.DirectMethodHandle$Holder.invokeStatic(java.lang.Object, long, java.lang.Object)'> (0x000000009f4b5ab0) 
thrown [s\src\hotspot\share\interpreter\linkResolver.cpp, line 804]
Event: 0.352 Thread 0x0000021cb671e910 Exception <a 'java/lang/NoSuchMethodError'{0x000000009f4bdc00}: 'java.lang.Object java.lang.invoke.DirectMethodHandle$Holder.invokeStaticInit(java.lang.Object, long, java.lang.Object)'> (0x000000009f4bdc00) 
thrown [s\src\hotspot\share\interpreter\linkResolver.cpp, line 804]
Event: 0.353 Thread 0x0000021cb671e910 Exception <a 'java/lang/NoSuchMethodError'{0x000000009f4c6410}: 'java.lang.Object java.lang.invoke.DirectMethodHandle$Holder.invokeStaticInit(java.lang.Object, long)'> (0x000000009f4c6410) 
thrown [s\src\hotspot\share\interpreter\linkResolver.cpp, line 804]
Event: 0.395 Thread 0x0000021cb671e910 Exception <a 'java/lang/NoSuchMethodError'{0x000000009f4f4820}: 'void java.lang.invoke.DirectMethodHandle$Holder.invokeSpecial(java.lang.Object, java.lang.Object, java.lang.Object)'> (0x000000009f4f4820) 
thrown [s\src\hotspot\share\interpreter\linkResolver.cpp, line 804]
Event: 0.419 Thread 0x0000021cb671e910 Exception <a 'java/lang/NoSuchMethodError'{0x000000009f3e45f8}: 'java.lang.Object java.lang.invoke.DirectMethodHandle$Holder.newInvokeSpecial(java.lang.Object, java.lang.Object, java.lang.Object, java.lang.Object, java.lang.Object)'> (0x000000009f3e45f8) 
thrown [s\src\hotspot\share\interpreter\linkResolver.cpp, line 804]
Event: 0.435 Thread 0x0000021cb671e910 Exception <a 'java/lang/NoSuchMethodError'{0x000000009f24c348}: 'java.lang.Object java.lang.invoke.DirectMethodHandle$Holder.invokeStatic(java.lang.Object, int, java.lang.Object)'> (0x000000009f24c348) 
thrown [s\src\hotspot\share\interpreter\linkResolver.cpp, line 804]
Event: 0.513 Thread 0x0000021cb671e910 Exception <a 'java/lang/ClassNotFoundException'{0x000000009f07a438}: com/sun/swing/internal/plaf/metal/resources/spi/metalProvider> (0x000000009f07a438) 
thrown [s\src\hotspot\share\classfile\systemDictionary.cpp, line 327]
Event: 0.515 Thread 0x0000021cb671e910 Exception <a 'java/lang/ClassNotFoundException'{0x000000009f07def8}: com/sun/swing/internal/plaf/basic/resources/spi/basicProvider> (0x000000009f07def8) 
thrown [s\src\hotspot\share\classfile\systemDictionary.cpp, line 327]
Event: 0.533 Thread 0x0000021cb671e910 Exception <a 'java/lang/NoSuchMethodError'{0x000000009f0abe88}: 'int java.lang.invoke.Invokers$Holder.invokeExact_MT(java.lang.Object, java.lang.Object)'> (0x000000009f0abe88) 
thrown [s\src\hotspot\share\interpreter\linkResolver.cpp, line 804]
Event: 1.601 Thread 0x0000021cb671e910 Exception <a 'java/lang/NoSuchMethodError'{0x000000009df261d8}: 'void java.lang.invoke.DirectMethodHandle$Holder.invokeStaticInit(java.lang.Object)'> (0x000000009df261d8) 
thrown [s\src\hotspot\share\interpreter\linkResolver.cpp, line 804]
Event: 1.626 Thread 0x0000021cb671e910 Exception <a 'java/lang/NoSuchMethodError'{0x000000009d7763e8}: 'long java.lang.invoke.DirectMethodHandle$Holder.invokeStaticInit(java.lang.Object, long, long, long, long)'> (0x000000009d7763e8) 
thrown [s\src\hotspot\share\interpreter\linkResolver.cpp, line 804]
Event: 1.627 Thread 0x0000021cb671e910 Exception <a 'java/lang/NoSuchMethodError'{0x000000009d77ee48}: 'java.lang.Object java.lang.invoke.DirectMethodHandle$Holder.invokeInterface(java.lang.Object, java.lang.Object, long, long)'> (0x000000009d77ee48) 
thrown [s\src\hotspot\share\interpreter\linkResolver.cpp, line 804]
Event: 1.630 Thread 0x0000021cb671e910 Exception <a 'java/lang/NoSuchMethodError'{0x000000009d7977f0}: 'void java.lang.invoke.DirectMethodHandle$Holder.invokeStaticInit(java.lang.Object, java.lang.Object, long, java.lang.Object)'> (0x000000009d7977f0) 
thrown [s\src\hotspot\share\interpreter\linkResolver.cpp, line 804]
Event: 1.630 Thread 0x0000021cb671e910 Exception <a 'java/lang/NoSuchMethodError'{0x000000009d7a0428}: 'long java.lang.invoke.DirectMethodHandle$Holder.invokeStatic(java.lang.Object, long, long)'> (0x000000009d7a0428) 
thrown [s\src\hotspot\share\interpreter\linkResolver.cpp, line 804]
Event: 1.637 Thread 0x0000021cb671e910 Exception <a 'java/lang/NoSuchMethodError'{0x000000009d7c2bc0}: 'java.lang.Object java.lang.invoke.DirectMethodHandle$Holder.newInvokeSpecial(java.lang.Object, int, java.lang.Object)'> (0x000000009d7c2bc0) 
thrown [s\src\hotspot\share\interpreter\linkResolver.cpp, line 804]
Event: 1.704 Thread 0x0000021cd4b961a0 Exception <a 'java/lang/NoSuchMethodError'{0x000000009d708040}: 'void java.lang.invoke.DirectMethodHandle$Holder.invokeVirtual(java.lang.Object, java.lang.Object)'> (0x000000009d708040) 
thrown [s\src\hotspot\share\interpreter\linkResolver.cpp, line 804]

VM Operations (16 events):
Event: 0.158 Executing non-safepoint VM operation: HandshakeAllThreads (Deoptimize)
Event: 0.158 Executing non-safepoint VM operation: HandshakeAllThreads (Deoptimize) done
Event: 0.640 Executing non-safepoint VM operation: HandshakeAllThreads (Deoptimize)
Event: 0.640 Executing non-safepoint VM operation: HandshakeAllThreads (Deoptimize) done
Event: 1.099 Executing safepoint VM operation: G1CollectForAllocation (G1 Evacuation Pause)
Event: 1.104 Executing safepoint VM operation: G1CollectForAllocation (G1 Evacuation Pause) done
Event: 1.249 Executing non-safepoint VM operation: HandshakeAllThreads (Deoptimize)
Event: 1.249 Executing non-safepoint VM operation: HandshakeAllThreads (Deoptimize) done
Event: 1.584 Executing non-safepoint VM operation: HandshakeAllThreads (Deoptimize)
Event: 1.584 Executing non-safepoint VM operation: HandshakeAllThreads (Deoptimize) done
Event: 1.634 Executing non-safepoint VM operation: HandshakeAllThreads (Deoptimize)
Event: 1.635 Executing non-safepoint VM operation: HandshakeAllThreads (Deoptimize) done
Event: 60.055 Executing non-safepoint VM operation: HandshakeAllThreads (HandshakeForDeflation)
Event: 60.055 Executing non-safepoint VM operation: HandshakeAllThreads (HandshakeForDeflation) done
Event: 60.055 Executing non-safepoint VM operation: RendezvousGCThreads
Event: 60.055 Executing non-safepoint VM operation: RendezvousGCThreads done

Memory protections (0 events):
No events

Nmethod flushes (0 events):
No events

Events (20 events):
Event: 0.076 Thread 0x0000021cb671e910 Thread added: 0x0000021cb8a4b860
Event: 0.076 Thread 0x0000021cb671e910 Thread added: 0x0000021cb8a4c420
Event: 0.076 Thread 0x0000021cb671e910 Thread added: 0x0000021cb8a4d5f0
Event: 0.076 Thread 0x0000021cb671e910 Thread added: 0x0000021cd4910780
Event: 0.076 Thread 0x0000021cb671e910 Thread added: 0x0000021cd4911e20
Event: 0.077 Thread 0x0000021cb671e910 Thread added: 0x0000021cd4916aa0
Event: 0.143 Thread 0x0000021cb671e910 Thread added: 0x0000021cd49e61e0
Event: 0.187 Thread 0x0000021cb671e910 Thread added: 0x0000021cd4b445e0
Event: 0.324 Thread 0x0000021cb671e910 Thread added: 0x0000021cd4b79730
Event: 0.325 Thread 0x0000021cb671e910 Thread added: 0x0000021cd4b8ff00
Event: 0.326 Thread 0x0000021cb671e910 Thread added: 0x0000021cd4b961a0
Event: 0.545 Thread 0x0000021cb671e910 Thread added: 0x0000021cd9c9f350
Event: 0.640 Thread 0x0000021cd4916aa0 Thread added: 0x0000021cda02e660
Event: 0.870 Thread 0x0000021cda02e660 Thread exited: 0x0000021cda02e660
Event: 1.359 Thread 0x0000021cd4b8ff00 Thread exited: 0x0000021cd4b8ff00
Event: 1.570 Thread 0x0000021cd4b961a0 Thread added: 0x0000021cda02c4f0
Event: 1.578 Thread 0x0000021cd4b961a0 Thread added: 0x0000021cda0714e0
Event: 1.709 Thread 0x0000021cb671e910 Thread exited: 0x0000021cb671e910
Event: 1.710 Thread 0x0000021cb671e910 Thread added: 0x0000021cb671e910
Event: 6.565 Thread 0x0000021cd9c9f350 Thread exited: 0x0000021cd9c9f350


Dynamic libraries:
0x00007ff6c8620000 - 0x00007ff6c862e000 	C:\Program Files\Apache NetBeans\jdk\bin\java.exe
0x00007ffb9e390000 - 0x00007ffb9e588000 	C:\Windows\SYSTEM32\ntdll.dll
0x00007ffb9d0a0000 - 0x00007ffb9d162000 	C:\Windows\System32\KERNEL32.DLL
0x00007ffb9bfd0000 - 0x00007ffb9c2c6000 	C:\Windows\System32\KERNELBASE.dll
0x00007ffb9ba50000 - 0x00007ffb9bb50000 	C:\Windows\System32\ucrtbase.dll
0x00007ffb96d00000 - 0x00007ffb96d1e000 	C:\Program Files\Apache NetBeans\jdk\bin\VCRUNTIME140.dll
0x00007ffb803b0000 - 0x00007ffb803c6000 	C:\Program Files\Apache NetBeans\jdk\bin\jli.dll
0x00007ffb9cd60000 - 0x00007ffb9cf01000 	C:\Windows\System32\USER32.dll
0x00007ffb8d150000 - 0x00007ffb8d3eb000 	C:\Windows\WinSxS\amd64_microsoft.windows.common-controls_6595b64144ccf1df_6.0.19041.6456_none_60b8a6cb71f64256\COMCTL32.dll
0x00007ffb9ba20000 - 0x00007ffb9ba42000 	C:\Windows\System32\win32u.dll
0x00007ffb9ccc0000 - 0x00007ffb9cd5e000 	C:\Windows\System32\msvcrt.dll
0x00007ffb9dcc0000 - 0x00007ffb9dceb000 	C:\Windows\System32\GDI32.dll
0x00007ffb9bda0000 - 0x00007ffb9beb9000 	C:\Windows\System32\gdi32full.dll
0x00007ffb9bb50000 - 0x00007ffb9bbed000 	C:\Windows\System32\msvcp_win.dll
0x00007ffb9d200000 - 0x00007ffb9d22f000 	C:\Windows\System32\IMM32.DLL
0x00007ffb982a0000 - 0x00007ffb982ac000 	C:\Program Files\Apache NetBeans\jdk\bin\vcruntime140_1.dll
0x00007ffb39f40000 - 0x00007ffb39fcd000 	C:\Program Files\Apache NetBeans\jdk\bin\msvcp140.dll
0x00007ffb3a150000 - 0x00007ffb3b076000 	C:\Program Files\Apache NetBeans\jdk\bin\server\jvm.dll
0x00007ffb9d230000 - 0x00007ffb9d2e1000 	C:\Windows\System32\ADVAPI32.dll
0x00007ffb9cc20000 - 0x00007ffb9ccbf000 	C:\Windows\System32\sechost.dll
0x00007ffb9d2f0000 - 0x00007ffb9d410000 	C:\Windows\System32\RPCRT4.dll
0x00007ffb9c380000 - 0x00007ffb9c3a7000 	C:\Windows\System32\bcrypt.dll
0x00007ffb9d170000 - 0x00007ffb9d1db000 	C:\Windows\System32\WS2_32.dll
0x00007ffb9afb0000 - 0x00007ffb9affb000 	C:\Windows\SYSTEM32\POWRPROF.dll
0x00007ffb8d4f0000 - 0x00007ffb8d4fa000 	C:\Windows\SYSTEM32\VERSION.dll
0x00007ffb8cf70000 - 0x00007ffb8cf97000 	C:\Windows\SYSTEM32\WINMM.dll
0x00007ffb9ae20000 - 0x00007ffb9ae32000 	C:\Windows\SYSTEM32\UMPDC.dll
0x00007ffb9a230000 - 0x00007ffb9a242000 	C:\Windows\SYSTEM32\kernel.appcore.dll
0x00007ffb96cf0000 - 0x00007ffb96cfa000 	C:\Program Files\Apache NetBeans\jdk\bin\jimage.dll
0x00007ffb8c0b0000 - 0x00007ffb8c2b1000 	C:\Windows\SYSTEM32\DBGHELP.DLL
0x00007ffb8b730000 - 0x00007ffb8b764000 	C:\Windows\SYSTEM32\dbgcore.DLL
0x00007ffb9bec0000 - 0x00007ffb9bf42000 	C:\Windows\System32\bcryptPrimitives.dll
0x00007ffb94a70000 - 0x00007ffb94a8e000 	C:\Program Files\Apache NetBeans\jdk\bin\java.dll
0x00007ffb9e220000 - 0x00007ffb9e34b000 	C:\Windows\System32\ole32.dll
0x00007ffb9c550000 - 0x00007ffb9c8a4000 	C:\Windows\System32\combase.dll
0x00007ffb9d550000 - 0x00007ffb9dcc0000 	C:\Windows\System32\SHELL32.dll
0x00007ffb99970000 - 0x00007ffb9a115000 	C:\Windows\SYSTEM32\windows.storage.dll
0x00007ffb9b450000 - 0x00007ffb9b47b000 	C:\Windows\SYSTEM32\Wldp.dll
0x00007ffb9c910000 - 0x00007ffb9c9dd000 	C:\Windows\System32\OLEAUT32.dll
0x00007ffb9d410000 - 0x00007ffb9d4bd000 	C:\Windows\System32\SHCORE.dll
0x00007ffb9cf20000 - 0x00007ffb9cf7b000 	C:\Windows\System32\shlwapi.dll
0x00007ffb9b950000 - 0x00007ffb9b974000 	C:\Windows\SYSTEM32\profapi.dll
0x00007ffb601b0000 - 0x00007ffb601c1000 	C:\Program Files\Apache NetBeans\jdk\bin\net.dll
0x00007ffb9b1b0000 - 0x00007ffb9b21a000 	C:\Windows\system32\mswsock.dll
0x00007ffb60190000 - 0x00007ffb601a6000 	C:\Program Files\Apache NetBeans\jdk\bin\nio.dll
0x00007ffb39fd0000 - 0x00007ffb3a150000 	C:\Program Files\Apache NetBeans\jdk\bin\awt.dll
0x00007ffb969c0000 - 0x00007ffb96a54000 	C:\Windows\SYSTEM32\apphelp.dll
0x00007ffb98ef0000 - 0x00007ffb98f1e000 	C:\Windows\system32\DWMAPI.DLL
0x00007ffb98a20000 - 0x00007ffb98abe000 	C:\Windows\system32\uxtheme.dll
0x00007ffb75960000 - 0x00007ffb75a88000 	C:\Windows\system32\opengl32.dll
0x00007ffb758f0000 - 0x00007ffb7591c000 	C:\Windows\SYSTEM32\GLU32.dll
0x00007ffb9cf80000 - 0x00007ffb9d095000 	C:\Windows\System32\MSCTF.dll
0x00007ffb802d0000 - 0x00007ffb802e7000 	C:\Program Files\Apache NetBeans\jdk\bin\zip.dll
0x00007ffb8c2e0000 - 0x00007ffb8c30f000 	C:\Program Files\Apache NetBeans\jdk\bin\javajpeg.dll
0x00007ffb39eb0000 - 0x00007ffb39f37000 	C:\Program Files\Apache NetBeans\jdk\bin\freetype.dll
0x00007ffb39dc0000 - 0x00007ffb39eaf000 	C:\Program Files\Apache NetBeans\jdk\bin\fontmanager.dll
0x00007ffb8a040000 - 0x00007ffb8a139000 	C:\Windows\SYSTEM32\textinputframework.dll
0x00007ffb95f70000 - 0x00007ffb962cb000 	C:\Windows\System32\CoreUIComponents.dll
0x00007ffb962d0000 - 0x00007ffb963c2000 	C:\Windows\System32\CoreMessaging.dll
0x00007ffb98090000 - 0x00007ffb981e7000 	C:\Windows\SYSTEM32\wintypes.dll
0x00007ffb9acb0000 - 0x00007ffb9ace3000 	C:\Windows\SYSTEM32\ntmarta.dll
0x00007ffb9dcf0000 - 0x00007ffb9dd99000 	C:\Windows\System32\clbcatq.dll

JVMTI agents: none

dbghelp: loaded successfully - version: 4.0.5 - missing functions: none
symbol engine: initialized successfully - sym options: 0x614 - pdb path: .;C:\Program Files\Apache NetBeans\jdk\bin;C:\Windows\SYSTEM32;C:\Windows\WinSxS\amd64_microsoft.windows.common-controls_6595b64144ccf1df_6.0.19041.6456_none_60b8a6cb71f64256;C:\Program Files\Apache NetBeans\jdk\bin\server

VM Arguments:
jvm_args: -Dfile.encoding=UTF-8 --module-path=C:\Users\User\Documents\NetBeansProjects\University_Management_System\build\classes 
java_command: university_management_system.Project
java_class_path (initial): C:\Users\User\Documents\NetBeansProjects\University_Management_System\build\classes
Launcher Type: SUN_STANDARD

[Global flags]
     intx CICompilerCount                          = 3                                         {product} {ergonomic}
     uint ConcGCThreads                            = 1                                         {product} {ergonomic}
     uint G1ConcRefinementThreads                  = 4                                         {product} {ergonomic}
   size_t G1HeapRegionSize                         = 1048576                                   {product} {ergonomic}
   size_t InitialHeapSize                          = 109051904                                 {product} {ergonomic}
   size_t MarkStackSize                            = 4194304                                   {product} {ergonomic}
   size_t MarkStackSizeMax                         = 536870912                                 {product} {ergonomic}
   size_t MaxHeapSize                              = 1728053248                                {product} {ergonomic}
   size_t MaxNewSize                               = 1035993088                                {product} {ergonomic}
   size_t MinHeapDeltaBytes                        = 1048576                                   {product} {ergonomic}
   size_t MinHeapSize                              = 8388608                                   {product} {ergonomic}
    uintx NonNMethodCodeHeapSize                   = 5832704                                {pd product} {ergonomic}
    uintx NonProfiledCodeHeapSize                  = 122945536                              {pd product} {ergonomic}
    uintx ProfiledCodeHeapSize                     = 122880000                              {pd product} {ergonomic}
    uintx ReservedCodeCacheSize                    = 251658240                              {pd product} {ergonomic}
     bool SegmentedCodeCache                       = true                                      {product} {ergonomic}
   size_t SoftMaxHeapSize                          = 1728053248                             {manageable} {ergonomic}
     bool UseCompressedOops                        = true                           {product lp64_product} {ergonomic}
     bool UseG1GC                                  = true                                      {product} {ergonomic}
     bool UseLargePagesIndividualAllocation        = false                                  {pd product} {ergonomic}

Logging:
Log output configuration:
 #0: stdout all=warning uptime,level,tags foldmultilines=false
 #1: stderr all=off uptime,level,tags foldmultilines=false

Release file:
IMPLEMENTOR="Eclipse Adoptium" 
IMPLEMENTOR_VERSION="Temurin-25.0.2+10" 
JAVA_RUNTIME_VERSION="25.0.2+10-LTS" 
JAVA_VERSION="25.0.2" 
JAVA_VERSION_DATE="2026-01-20" 
LIBC="default" 
MODULES="java.base java.compiler java.datatransfer java.xml java.prefs java.desktop java.instrument java.logging java.management java.security.sasl java.naming java.rmi java.management.rmi java.net.http java.scripting java.security.jgss java.transaction.xa java.sql java.sql.rowset java.xml.crypto java.se java.smartcardio jdk.accessibility jdk.internal.jvmstat jdk.attach jdk.charsets jdk.internal.opt jdk.zipfs jdk.compiler jdk.crypto.cryptoki jdk.crypto.ec jdk.crypto.mscapi jdk.dynalink jdk.internal.ed jdk.editpad jdk.internal.vm.ci jdk.graal.compiler jdk.graal.compiler.management jdk.hotspot.agent jdk.httpserver jdk.incubator.vector jdk.internal.le jdk.internal.md jdk.jartool jdk.javadoc jdk.jcmd jdk.management jdk.management.agent jdk.jconsole jdk.jdeps jdk.jdwp.agent jdk.jdi jdk.jfr jdk.jlink jdk.jpackage jdk.jshell jdk.jsobject jdk.jstatd jdk.localedata jdk.management.jfr jdk.naming.dns jdk.naming.rmi jdk.net jdk.nio.mapmode jdk.sctp jdk.security.auth jdk.security.jgss jdk.unsupported jdk.unsupported.desktop jdk.xml.dom" 
OS_ARCH="x86_64" 
OS_NAME="Windows" 
SOURCE=".:git:9e3c947043a4" 
BUILD_SOURCE="git:458965074606f027bd5afce2cfd5c1055dea0438"
BUILD_SOURCE_REPO="https://github.com/adoptium/temurin-build.git"
SOURCE_REPO="https://github.com/adoptium/jdk25u.git"
FULL_VERSION="25.0.2+10-LTS"
SEMANTIC_VERSION="25.0.2+10"
BUILD_INFO="OS: Windows Server 2022 Version: 10.0"
JVM_VARIANT="Hotspot"
JVM_VERSION="25.0.2+10-LTS"
IMAGE_TYPE="JDK"

Environment Variables:
PATH=C:\Windows\system32;C:\Windows;C:\Windows\System32\Wbem;C:\Windows\System32\WindowsPowerShell\v1.0\;C:\Windows\System32\OpenSSH\;C:\MinGW\bin;C:\Users\User\AppData\Local\Microsoft\WindowsApps;C:\Users\User\AppData\Local\Programs\Microsoft VS Code\bin;C:\MinGW\bin;;C:\Program Files\JetBrains\IntelliJ IDEA Community Edition 2024.3.5\bin;;C:\Users\User\AppData\Local\Python\bin;C:\Program Files\Apache NetBeans\bin\
USERNAME=User
OS=Windows_NT
PROCESSOR_IDENTIFIER=Intel64 Family 6 Model 61 Stepping 4, GenuineIntel
TMP=C:\Users\User\AppData\Local\Temp
TEMP=C:\Users\User\AppData\Local\Temp




Compilation memory statistics disabled.

Periodic native trim disabled

---------------  S Y S T E M  ---------------

OS:
 Windows 10 , 64 bit Build 19041 (10.0.19041.5915)
OS uptime: 0 days 6:57 hours

CPU: total 4 (initial active 4) (2 cores per cpu, 2 threads per core) family 6 model 61 stepping 4 microcode 0x2d, cx8, cmov, fxsr, ht, mmx, 3dnowpref, sse, sse2, sse3, ssse3, sse4.1, sse4.2, popcnt, lzcnt, tsc, tscinvbit, avx, avx2, aes, erms, clmul, bmi1, bmi2, adx, fma, vzeroupper, clflush, rdtscp, f16c
Processor Information for the first 4 processors :
  Max Mhz: 2000, Current Mhz: 2000, Mhz Limit: 2000

Memory: 4k page, system-wide physical 6590M (398M free)
TotalPageFile size 19090M (AvailPageFile size 190M)
current process WorkingSet (physical memory assigned to process): 48M, peak: 146M
current process commit charge ("private bytes"): 190M, peak: 217M

vm_info: OpenJDK 64-Bit Server VM (25.0.2+10-LTS) for windows-amd64 JRE (25.0.2+10-LTS), built on 2026-01-20T00:00:00Z with MS VC++ 17.12 (VS2022)

END.
