#
# There is insufficient memory for the Java Runtime Environment to continue.
# Native memory allocation (mmap) failed to map 109051904 bytes. Error detail: G1 virtual space
# Possible reasons:
#   The system is out of physical RAM or swap space
#   This process is running with CompressedOops enabled, and the Java Heap may be blocking the growth of the native heap
# Possible solutions:
#   Reduce memory load on the system
#   Increase physical memory or swap space
#   Check if swap backing store is full
#   Decrease Java heap size (-Xmx/-Xms)
#   Decrease number of Java threads
#   Decrease Java thread stack sizes (-Xss)
#   Set larger code cache with -XX:ReservedCodeCacheSize=
#   JVM is running with Unscaled Compressed Oops mode in which the Java heap is
#     placed in the first 4GB address space. The Java Heap base address is the
#     maximum limit for the native heap growth. Please use -XX:HeapBaseMinAddress
#     to set the Java Heap base and to place the Java Heap above 4GB virtual address.
# This output file may be truncated or incomplete.
#
#  Out of Memory Error (os_windows.cpp:3554), pid=13440, tid=13108
#
# JRE version:  (25.0.2+10) (build )
# Java VM: OpenJDK 64-Bit Server VM (25.0.2+10-LTS, mixed mode, sharing, tiered, compressed oops, compressed class ptrs, g1 gc, windows-amd64)
# No core dump will be written. Minidumps are not enabled by default on client versions of Windows
#

---------------  S U M M A R Y ------------

Command Line: -Dfile.encoding=UTF-8 --module-path=C:\Users\User\Documents\NetBeansProjects\University_Management_System\build\classes university_management_system.UpdateStudent

Host: Intel(R) Core(TM) i3-5005U CPU @ 2.00GHz, 4 cores, 6G,  Windows 10 , 64 bit Build 19041 (10.0.19041.5915)
Time: Sat May  9 09:48:13 2026 India Standard Time elapsed time: 0.487987 seconds (0d 0h 0m 0s)

---------------  T H R E A D  ---------------

Current thread (0x0000020b077bf1b0):  JavaThread "Unknown thread" [_thread_in_vm, id=13108, stack(0x0000001a23c00000,0x0000001a23d00000) (1024K)]

Stack: [0x0000001a23c00000,0x0000001a23d00000]
Native frames: (J=compiled Java code, j=interpreted, Vv=VM code, C=native code)
V  [jvm.dll+0x7a8bc9]  (no source info available)
V  [jvm.dll+0x77310d]  (no source info available)
V  [jvm.dll+0x9f55f3]  (no source info available)
V  [jvm.dll+0x9f7be1]  (no source info available)
V  [jvm.dll+0x9f82f3]  (no source info available)
V  [jvm.dll+0x2fce26]  (no source info available)
V  [jvm.dll+0x7a4df5]  (no source info available)
V  [jvm.dll+0x798257]  (no source info available)
V  [jvm.dll+0x3f5248]  (no source info available)
V  [jvm.dll+0x3fd1b6]  (no source info available)
V  [jvm.dll+0x3e991e]  (no source info available)
V  [jvm.dll+0x3e9bd8]  (no source info available)
V  [jvm.dll+0x3c0c05]  (no source info available)
V  [jvm.dll+0x3c188e]  (no source info available)
V  [jvm.dll+0x9bc474]  (no source info available)
V  [jvm.dll+0x459e72]  (no source info available)
V  [jvm.dll+0x9a02a2]  (no source info available)
V  [jvm.dll+0x4fa5c1]  (no source info available)
V  [jvm.dll+0x4fbeb1]  (no source info available)
C  [jli.dll+0x53fa]  (no source info available)
C  [ucrtbase.dll+0x21bb2]  (no source info available)
C  [KERNEL32.DLL+0x17374]  (no source info available)
C  [ntdll.dll+0x4cc91]  (no source info available)

Lock stack of current Java thread (top to bottom):


---------------  P R O C E S S  ---------------

Threads class SMR info:
_java_thread_list=0x00007ffabadbe008, length=0, elements={
}

Java Threads: ( => current thread )
Total: 0

Other Threads:
  0x0000020b09b9ecb0 WorkerThread "GC Thread#0"                     [id=14552, stack(0x0000001a23d00000,0x0000001a23e00000) (1024K)]
  0x0000020b09bd1490 ConcurrentGCThread "G1 Main Marker"            [id=19464, stack(0x0000001a23e00000,0x0000001a23f00000) (1024K)]
  0x0000020b09bd27d0 WorkerThread "G1 Conc#0"                       [id=16436, stack(0x0000001a23f00000,0x0000001a24000000) (1024K)]

[error occurred during error reporting (printing all threads), id 0xc0000005, EXCEPTION_ACCESS_VIOLATION (0xc0000005) at pc=0x00007ffaba3e591a]
VM state: not at safepoint (not fully initialized)

VM Mutex/Monitor currently owned by a thread:  ([mutex/lock_event])
[0x00007ffabae46548] Heap_lock - owner thread: 0x0000020b077bf1b0

Heap address: 0x0000000099000000, size: 1648 MB, Compressed Oops mode: 32-bit

CDS archive(s) mapped at: [0x0000000000000000-0x0000000000000000-0x0000000000000000), size 0, SharedBaseAddress: 0x0000000800000000, ArchiveRelocationMode: 1.
UseCompressedClassPointers 1, UseCompactObjectHeaders 0
Narrow klass pointer bits 32, Max shift 3
Narrow klass base: 0xffffffffffffffff, Narrow klass shift: -1
Encoding Range: [0xffffffffffffffff - 0x000000007fffffff), (2147483648 bytes)
Klass Range:    [0x0000000000000000 - 0x0000000000000000), (0 bytes)
Klass ID Range:  [4294967295 - 0) (1)
No protection zone.

GC Precious Log:
 CardTable entry size: 512
 Card Set container configuration: InlinePtr #cards 5 size 8 Array Of Cards #cards 10 size 36 Howl #buckets 4 coarsen threshold 1843 Howl Bitmap #cards 512 size 80 coarsen threshold 460 Card regions per heap region 1 cards per card region 2048

Heap:
 garbage-first heap   total reserved 1687552K, committed 0K, used 0K [0x0000000099000000, 0x0000000100000000)
  region size 1024K, 0 young (0K), 0 survivors (0K)

Heap Regions: E=young(eden), S=young(survivor), O=old, HS=humongous(starts), HC=humongous(continues), CS=collection set, F=free, TAMS=top-at-mark-start, PB=parsable bottom

Card table byte_map: [0x0000020b21990000,0x0000020b21cd0000] _byte_map_base: 0x0000020b214c8000

Marking Bits: (CMBitMap*) 0x0000020b09b9f440
 Bits: [0x0000020b21cd0000, 0x0000020b23690000)

GC Heap Usage History (0 events):
No events

Metaspace Usage History (0 events):
No events

Dll operation events (1 events):
Event: 0.014 Loaded shared library C:\Program Files\Apache NetBeans\jdk\bin\java.dll

Deoptimization events (0 events):
No events

Classes loaded (0 events):
No events

Classes unloaded (0 events):
No events

Classes redefined (0 events):
No events

Internal exceptions (0 events):
No events

VM Operations (0 events):
No events

Memory protections (0 events):
No events

Nmethod flushes (0 events):
No events

Events (0 events):
No events


Dynamic libraries:
0x00007ff7ef100000 - 0x00007ff7ef10e000 	C:\Program Files\Apache NetBeans\jdk\bin\java.exe
0x00007ffb1f110000 - 0x00007ffb1f308000 	C:\Windows\SYSTEM32\ntdll.dll
0x00007ffb1eea0000 - 0x00007ffb1ef62000 	C:\Windows\System32\KERNEL32.DLL
0x00007ffb1c900000 - 0x00007ffb1cbf6000 	C:\Windows\System32\KERNELBASE.dll
0x00007ffb1c800000 - 0x00007ffb1c900000 	C:\Windows\System32\ucrtbase.dll
0x00007ffb0d220000 - 0x00007ffb0d236000 	C:\Program Files\Apache NetBeans\jdk\bin\jli.dll
0x00007ffb17820000 - 0x00007ffb1783e000 	C:\Program Files\Apache NetBeans\jdk\bin\VCRUNTIME140.dll
0x00007ffb1d200000 - 0x00007ffb1d3a1000 	C:\Windows\System32\USER32.dll
0x00007ffb1c7a0000 - 0x00007ffb1c7c2000 	C:\Windows\System32\win32u.dll
0x00007ffb0e650000 - 0x00007ffb0e8eb000 	C:\Windows\WinSxS\amd64_microsoft.windows.common-controls_6595b64144ccf1df_6.0.19041.6456_none_60b8a6cb71f64256\COMCTL32.dll
0x00007ffb1eba0000 - 0x00007ffb1ebcb000 	C:\Windows\System32\GDI32.dll
0x00007ffb1ef70000 - 0x00007ffb1f00e000 	C:\Windows\System32\msvcrt.dll
0x00007ffb1cc00000 - 0x00007ffb1cd19000 	C:\Windows\System32\gdi32full.dll
0x00007ffb1d090000 - 0x00007ffb1d12d000 	C:\Windows\System32\msvcp_win.dll
0x00007ffb1dc00000 - 0x00007ffb1dc2f000 	C:\Windows\System32\IMM32.DLL
0x00007ffb18fa0000 - 0x00007ffb18fac000 	C:\Program Files\Apache NetBeans\jdk\bin\vcruntime140_1.dll
0x00007ffb00570000 - 0x00007ffb005fd000 	C:\Program Files\Apache NetBeans\jdk\bin\msvcp140.dll
0x00007ffaba010000 - 0x00007ffabaf36000 	C:\Program Files\Apache NetBeans\jdk\bin\server\jvm.dll
0x00007ffb1db40000 - 0x00007ffb1dbf1000 	C:\Windows\System32\ADVAPI32.dll
0x00007ffb1e240000 - 0x00007ffb1e2df000 	C:\Windows\System32\sechost.dll
0x00007ffb1e500000 - 0x00007ffb1e620000 	C:\Windows\System32\RPCRT4.dll
0x00007ffb1c7d0000 - 0x00007ffb1c7f7000 	C:\Windows\System32\bcrypt.dll
0x00007ffb1ead0000 - 0x00007ffb1eb3b000 	C:\Windows\System32\WS2_32.dll
0x00007ffb1bd30000 - 0x00007ffb1bd7b000 	C:\Windows\SYSTEM32\POWRPROF.dll
0x00007ffb0e9b0000 - 0x00007ffb0e9ba000 	C:\Windows\SYSTEM32\VERSION.dll
0x00007ffb0e3c0000 - 0x00007ffb0e3e7000 	C:\Windows\SYSTEM32\WINMM.dll
0x00007ffb1bba0000 - 0x00007ffb1bbb2000 	C:\Windows\SYSTEM32\UMPDC.dll
0x00007ffb1a6a0000 - 0x00007ffb1a6b2000 	C:\Windows\SYSTEM32\kernel.appcore.dll
0x00007ffb17cf0000 - 0x00007ffb17cfa000 	C:\Program Files\Apache NetBeans\jdk\bin\jimage.dll
0x00007ffb0b0c0000 - 0x00007ffb0b2c1000 	C:\Windows\SYSTEM32\DBGHELP.DLL
0x00007ffb09aa0000 - 0x00007ffb09ad4000 	C:\Windows\SYSTEM32\dbgcore.DLL
0x00007ffb1cf50000 - 0x00007ffb1cfd2000 	C:\Windows\System32\bcryptPrimitives.dll
0x00007ffb14c80000 - 0x00007ffb14c9e000 	C:\Program Files\Apache NetBeans\jdk\bin\java.dll
0x00007ffb1e3d0000 - 0x00007ffb1e4fb000 	C:\Windows\System32\ole32.dll
0x00007ffb1e6d0000 - 0x00007ffb1ea24000 	C:\Windows\System32\combase.dll
0x00007ffb1d3b0000 - 0x00007ffb1db20000 	C:\Windows\System32\SHELL32.dll

JVMTI agents: none

dbghelp: loaded successfully - version: 4.0.5 - missing functions: none
symbol engine: initialized successfully - sym options: 0x614 - pdb path: .;C:\Program Files\Apache NetBeans\jdk\bin;C:\Windows\SYSTEM32;C:\Windows\WinSxS\amd64_microsoft.windows.common-controls_6595b64144ccf1df_6.0.19041.6456_none_60b8a6cb71f64256;C:\Program Files\Apache NetBeans\jdk\bin\server

VM Arguments:
jvm_args: -Dfile.encoding=UTF-8 --module-path=C:\Users\User\Documents\NetBeansProjects\University_Management_System\build\classes 
java_command: university_management_system.UpdateStudent
java_class_path (initial): C:\Users\User\Downloads\Jar\mysql-connector-java-8.0.28.jar;C:\Users\User\Downloads\Jar\jcalendar-tz-1.3.3-4.jar;C:\Users\User\Downloads\Jar\rs2xml.jar;C:\Users\User\Documents\NetBeansProjects\University_Management_System\build\classes
Launcher Type: SUN_STANDARD

[Global flags]
     intx CICompilerCount                          = 3                                         {product} {ergonomic}
     uint ConcGCThreads                            = 1                                         {product} {ergonomic}
     uint G1ConcRefinementThreads                  = 4                                         {product} {ergonomic}
   size_t G1HeapRegionSize                         = 1048576                                   {product} {ergonomic}
   size_t InitialHeapSize                          = 109051904                                 {product} {ergonomic}
   size_t MarkStackSize                            = 4194304                                   {product} {ergonomic}
   size_t MarkStackSizeMax                         = 536870912                                 {product} {ergonomic}
   size_t MaxHeapSize                              = 1728053248                                {product} {ergonomic}
   size_t MinHeapDeltaBytes                        = 1048576                                   {product} {ergonomic}
   size_t MinHeapSize                              = 8388608                                   {product} {ergonomic}
    uintx NonNMethodCodeHeapSize                   = 5832704                                {pd product} {ergonomic}
    uintx NonProfiledCodeHeapSize                  = 122945536                              {pd product} {ergonomic}
    uintx ProfiledCodeHeapSize                     = 122880000                              {pd product} {ergonomic}
    uintx ReservedCodeCacheSize                    = 251658240                              {pd product} {ergonomic}
     bool SegmentedCodeCache                       = true                                      {product} {ergonomic}
   size_t SoftMaxHeapSize                          = 1728053248                             {manageable} {ergonomic}
     bool UseCompressedOops                        = true                           {product lp64_product} {ergonomic}
     bool UseG1GC                                  = true                                      {product} {ergonomic}
     bool UseLargePagesIndividualAllocation        = false                                  {pd product} {ergonomic}

Logging:
Log output configuration:
 #0: stdout all=warning uptime,level,tags foldmultilines=false
 #1: stderr all=off uptime,level,tags foldmultilines=false

Release file:
<release file has not been read>
Environment Variables:
PATH=C:\Windows\system32;C:\Windows;C:\Windows\System32\Wbem;C:\Windows\System32\WindowsPowerShell\v1.0\;C:\Windows\System32\OpenSSH\;C:\MinGW\bin;C:\Users\User\AppData\Local\Microsoft\WindowsApps;C:\Users\User\AppData\Local\Programs\Microsoft VS Code\bin;C:\MinGW\bin;;C:\Program Files\JetBrains\IntelliJ IDEA Community Edition 2024.3.5\bin;;C:\Users\User\AppData\Local\Python\bin;C:\Program Files\Apache NetBeans\bin\
USERNAME=User
OS=Windows_NT
PROCESSOR_IDENTIFIER=Intel64 Family 6 Model 61 Stepping 4, GenuineIntel
TMP=C:\Users\User\AppData\Local\Temp
TEMP=C:\Users\User\AppData\Local\Temp




Compilation memory statistics disabled.

Periodic native trim disabled

---------------  S Y S T E M  ---------------

OS:
 Windows 10 , 64 bit Build 19041 (10.0.19041.5915)
OS uptime: 0 days 22:54 hours

CPU: total 4 (initial active 4) (2 cores per cpu, 2 threads per core) family 6 model 61 stepping 4 microcode 0x2d, cx8, cmov, fxsr, ht, mmx, 3dnowpref, sse, sse2, sse3, ssse3, sse4.1, sse4.2, popcnt, lzcnt, tsc, tscinvbit, avx, avx2, aes, erms, clmul, bmi1, bmi2, adx, fma, vzeroupper, clflush, rdtscp, f16c
Processor Information for the first 4 processors :
  Max Mhz: 2000, Current Mhz: 800, Mhz Limit: 2000

Memory: 4k page, system-wide physical 6590M (345M free)
TotalPageFile size 19090M (AvailPageFile size 43M)
current process WorkingSet (physical memory assigned to process): 11M, peak: 11M
current process commit charge ("private bytes"): 52M, peak: 156M

vm_info: OpenJDK 64-Bit Server VM (25.0.2+10-LTS) for windows-amd64 JRE (25.0.2+10-LTS), built on 2026-01-20T00:00:00Z with MS VC++ 17.12 (VS2022)

END.
