#
# There is insufficient memory for the Java Runtime Environment to continue.
# Native memory allocation (malloc) failed to allocate 32752 bytes. Error detail: Chunk::new
# Possible reasons:
#   The system is out of physical RAM or swap space
#   This process is running with CompressedOops enabled, and the Java Heap may be blocking the growth of the native heap
# Possible solutions:
#   Reduce memory load on the system
#   Increase physical memory or swap space
#   Check if swap backing store is full
#   Decrease Java heap size (-Xmx/-Xms)
#   Decrease number of Java threads
#   Decrease Java thread stack sizes (-Xss)
#   Set larger code cache with -XX:ReservedCodeCacheSize=
#   JVM is running with Unscaled Compressed Oops mode in which the Java heap is
#     placed in the first 4GB address space. The Java Heap base address is the
#     maximum limit for the native heap growth. Please use -XX:HeapBaseMinAddress
#     to set the Java Heap base and to place the Java Heap above 4GB virtual address.
# This output file may be truncated or incomplete.
#
#  Out of Memory Error (arena.cpp:186), pid=18980, tid=20300
#
# JRE version: OpenJDK Runtime Environment Temurin-25.0.2+10 (25.0.2+10) (build 25.0.2+10-LTS)
# Java VM: OpenJDK 64-Bit Server VM Temurin-25.0.2+10 (25.0.2+10-LTS, mixed mode, sharing, tiered, compressed oops, compressed class ptrs, g1 gc, windows-amd64)
# No core dump will be written. Minidumps are not enabled by default on client versions of Windows
#

---------------  S U M M A R Y ------------

Command Line: -Dfile.encoding=UTF-8 --module-path=C:\Users\User\Documents\NetBeansProjects\University_Management_System\build\classes university_management_system.UpdateStudent

Host: Intel(R) Core(TM) i3-5005U CPU @ 2.00GHz, 4 cores, 6G,  Windows 10 , 64 bit Build 19041 (10.0.19041.5915)
Time: Sat May  9 10:02:47 2026 India Standard Time elapsed time: 1171.344729 seconds (0d 0h 19m 31s)

---------------  T H R E A D  ---------------

Current thread (0x00000256f9706bc0):  JavaThread "C1 CompilerThread0" daemon [_thread_in_native, id=20300, stack(0x000000706e500000,0x000000706e600000) (1024K)]


Current CompileTask:
C1:1171344 2257       3       java.net.URLStreamHandler::parseURL (1130 bytes)

Stack: [0x000000706e500000,0x000000706e600000]
Native frames: (J=compiled Java code, j=interpreted, Vv=VM code, C=native code)
V  [jvm.dll+0x7a8bc9]  (no source info available)
V  [jvm.dll+0x77310d]  (no source info available)
V  [jvm.dll+0x9f55f3]  (no source info available)
V  [jvm.dll+0x9f7be1]  (no source info available)
V  [jvm.dll+0x9f82f3]  (no source info available)
V  [jvm.dll+0x2fce26]  (no source info available)
V  [jvm.dll+0x111076]  (no source info available)
V  [jvm.dll+0x11139e]  (no source info available)
V  [jvm.dll+0x1c1895]  (no source info available)
V  [jvm.dll+0x1cdc86]  (no source info available)
V  [jvm.dll+0x1d0d19]  (no source info available)
V  [jvm.dll+0x1d0700]  (no source info available)
V  [jvm.dll+0x1c81eb]  (no source info available)
V  [jvm.dll+0x1ca438]  (no source info available)
V  [jvm.dll+0x1c8a7a]  (no source info available)
V  [jvm.dll+0x1c21f7]  (no source info available)
V  [jvm.dll+0x1d2393]  (no source info available)
V  [jvm.dll+0x1bd8f1]  (no source info available)
V  [jvm.dll+0x1bdcf3]  (no source info available)
V  [jvm.dll+0x1be070]  (no source info available)
V  [jvm.dll+0x1bd3b1]  (no source info available)
V  [jvm.dll+0x1bf1fd]  (no source info available)
V  [jvm.dll+0x2cf4c6]  (no source info available)
V  [jvm.dll+0x2cd74a]  (no source info available)
V  [jvm.dll+0x48fbee]  (no source info available)
V  [jvm.dll+0x996b0d]  (no source info available)
V  [jvm.dll+0x7a71a5]  (no source info available)
C  [ucrtbase.dll+0x21bb2]  (no source info available)
C  [KERNEL32.DLL+0x17374]  (no source info available)
C  [ntdll.dll+0x4cc91]  (no source info available)

Lock stack of current Java thread (top to bottom):


---------------  P R O C E S S  ---------------

Threads class SMR info:
_java_thread_list=0x00000256fe639150, length=17, elements={
0x00000256dd834720, 0x00000256dd8352e0, 0x00000256dd838e40, 0x00000256dd839a00,
0x00000256dd83a5c0, 0x00000256dd83d190, 0x00000256f9705fb0, 0x00000256f9706bc0,
0x00000256f97d4520, 0x00000256f9a76a40, 0x00000256fe264a00, 0x00000256fe269450,
0x00000256fe4446f0, 0x000002568008b970, 0x000002568008c130, 0x00000256db5ac420,
0x00000256fe66cec0
}

Java Threads: ( => current thread )
  0x00000256dd834720 JavaThread "Reference Handler"          daemon [_thread_blocked, id=15016, stack(0x000000706de00000,0x000000706df00000) (1024K)]
  0x00000256dd8352e0 JavaThread "Finalizer"                  daemon [_thread_blocked, id=17732, stack(0x000000706df00000,0x000000706e000000) (1024K)]
  0x00000256dd838e40 JavaThread "Signal Dispatcher"          daemon [_thread_blocked, id=15296, stack(0x000000706e000000,0x000000706e100000) (1024K)]
  0x00000256dd839a00 JavaThread "Attach Listener"            daemon [_thread_blocked, id=19028, stack(0x000000706e100000,0x000000706e200000) (1024K)]
  0x00000256dd83a5c0 JavaThread "Service Thread"             daemon [_thread_blocked, id=13684, stack(0x000000706e200000,0x000000706e300000) (1024K)]
  0x00000256dd83d190 JavaThread "Monitor Deflation Thread"   daemon [_thread_blocked, id=3296, stack(0x000000706e300000,0x000000706e400000) (1024K)]
  0x00000256f9705fb0 JavaThread "C2 CompilerThread0"         daemon [_thread_blocked, id=20036, stack(0x000000706e400000,0x000000706e500000) (1024K)]
=>0x00000256f9706bc0 JavaThread "C1 CompilerThread0"         daemon [_thread_in_native, id=20300, stack(0x000000706e500000,0x000000706e600000) (1024K)]
  0x00000256f97d4520 JavaThread "Common-Cleaner"             daemon [_thread_blocked, id=20064, stack(0x000000706e600000,0x000000706e700000) (1024K)]
  0x00000256f9a76a40 JavaThread "Notification Thread"        daemon [_thread_blocked, id=1100, stack(0x000000706e700000,0x000000706e800000) (1024K)]
  0x00000256fe264a00 JavaThread "Java2D Disposer"            daemon [_thread_blocked, id=18284, stack(0x000000706e800000,0x000000706e900000) (1024K)]
  0x00000256fe269450 JavaThread "AWT-Windows"                daemon [_thread_in_native, id=19920, stack(0x000000706ea00000,0x000000706eb00000) (1024K)]
  0x00000256fe4446f0 JavaThread "mysql-cj-abandoned-connection-cleanup" daemon [_thread_blocked, id=16984, stack(0x000000706ec00000,0x000000706ed00000) (1024K)]
  0x000002568008b970 JavaThread "AWT-Shutdown"                      [_thread_blocked, id=7668, stack(0x000000706e900000,0x000000706ea00000) (1024K)]
  0x000002568008c130 JavaThread "AWT-EventQueue-0"                  [_thread_blocked, id=15472, stack(0x000000706eb00000,0x000000706ec00000) (1024K)]
  0x00000256db5ac420 JavaThread "DestroyJavaVM"                     [_thread_blocked, id=476, stack(0x000000706d600000,0x000000706d700000) (1024K)]
  0x00000256fe66cec0 JavaThread "TimerQueue"                 daemon [_thread_blocked, id=20364, stack(0x000000706f000000,0x000000706f100000) (1024K)]
Total: 17

Other Threads:
  0x00000256dd8251a0 VMThread "VM Thread"                           [id=19508, stack(0x000000706dd00000,0x000000706de00000) (1024K)]
  0x00000256f96fce20 WatcherThread "VM Periodic Task Thread"        [id=16668, stack(0x000000706dc00000,0x000000706dd00000) (1024K)]
  0x00000256dd7bcb30 WorkerThread "GC Thread#0"                     [id=716, stack(0x000000706d700000,0x000000706d800000) (1024K)]
  0x00000256fe667ad0 WorkerThread "GC Thread#1"                     [id=18140, stack(0x000000706f100000,0x000000706f200000) (1024K)]
  0x00000256fe045970 WorkerThread "GC Thread#2"                     [id=14312, stack(0x000000706f200000,0x000000706f300000) (1024K)]
  0x000002568010f1a0 WorkerThread "GC Thread#3"                     [id=12748, stack(0x000000706f300000,0x000000706f400000) (1024K)]
  0x00000256dd7d2290 ConcurrentGCThread "G1 Main Marker"            [id=6332, stack(0x000000706d800000,0x000000706d900000) (1024K)]
  0x00000256dd7d35d0 WorkerThread "G1 Conc#0"                       [id=20244, stack(0x000000706d900000,0x000000706da00000) (1024K)]
  0x00000256dd800620 ConcurrentGCThread "G1 Refine#0"               [id=9668, stack(0x000000706da00000,0x000000706db00000) (1024K)]
  0x00000256dd801230 ConcurrentGCThread "G1 Service"                [id=12648, stack(0x000000706db00000,0x000000706dc00000) (1024K)]
Total: 10

Threads with active compile tasks:
C1 CompilerThread0  1171602 2257       3       java.net.URLStreamHandler::parseURL (1130 bytes)
Total: 1

VM state: not at safepoint (normal execution)

VM Mutex/Monitor currently owned by a thread: None

Heap address: 0x0000000099000000, size: 1648 MB, Compressed Oops mode: 32-bit

CDS archive(s) mapped at: [0x0000000024000000-0x0000000024dd0000-0x0000000024dd0000), size 14483456, SharedBaseAddress: 0x0000000024000000, ArchiveRelocationMode: 1.
Compressed class space mapped at: 0x0000000025000000-0x0000000065000000, reserved size: 1073741824
UseCompressedClassPointers 1, UseCompactObjectHeaders 0
Narrow klass pointer bits 32, Max shift 3
Narrow klass base: 0x0000000024000000, Narrow klass shift: 0
Encoding Range: [0x0000000024000000 - 0x0000000124000000), (4294967296 bytes)
Klass Range:    [0x0000000024010000 - 0x0000000065000000), (1090453504 bytes)
Klass ID Range:  [65536 - 1090519033) (1090453497)
Protection zone: [0x0000000024000000 - 0x0000000024010000), (65536 bytes)

GC Precious Log:
 CardTable entry size: 512
 Card Set container configuration: InlinePtr #cards 5 size 8 Array Of Cards #cards 10 size 36 Howl #buckets 4 coarsen threshold 1843 Howl Bitmap #cards 512 size 80 coarsen threshold 460 Card regions per heap region 1 cards per card region 2048
 CPUs: 4 total, 4 available
 Memory: 6590M
 Large Page Support: Disabled
 NUMA Support: Disabled
 Compressed Oops: Enabled (32-bit)
 Heap Region Size: 1M
 Heap Min Capacity: 8M
 Heap Initial Capacity: 104M
 Heap Max Capacity: 1648M
 Pre-touch: Disabled
 Parallel Workers: 4
 Concurrent Workers: 1
 Concurrent Refinement Workers: 4
 Periodic GC: Disabled

Heap:
 garbage-first heap   total reserved 1687552K, committed 108544K, used 10950K [0x0000000099000000, 0x0000000100000000)
  region size 1024K, 7 young (7168K), 4 survivors (4096K)

Heap Regions: E=young(eden), S=young(survivor), O=old, HS=humongous(starts), HC=humongous(continues), CS=collection set, F=free, TAMS=top-at-mark-start, PB=parsable bottom
|   0|0x0000000099000000, 0x0000000099100000, 0x0000000099100000|100%|HS|  |TAMS 0x0000000099000000| PB 0x0000000099000000| Complete |  0
|   1|0x0000000099100000, 0x0000000099200000, 0x0000000099200000|100%|HC|  |TAMS 0x0000000099100000| PB 0x0000000099100000| Complete |  0
|   2|0x0000000099200000, 0x0000000099300000, 0x0000000099300000|100%|HC|  |TAMS 0x0000000099200000| PB 0x0000000099200000| Complete |  0
|   3|0x0000000099300000, 0x000000009938cd48, 0x0000000099400000| 55%| O|  |TAMS 0x0000000099300000| PB 0x0000000099300000| Untracked |  0
|   4|0x0000000099400000, 0x0000000099400000, 0x0000000099500000|  0%| F|  |TAMS 0x0000000099400000| PB 0x0000000099400000| Untracked |  0
|   5|0x0000000099500000, 0x0000000099500000, 0x0000000099600000|  0%| F|  |TAMS 0x0000000099500000| PB 0x0000000099500000| Untracked |  0
|   6|0x0000000099600000, 0x0000000099600000, 0x0000000099700000|  0%| F|  |TAMS 0x0000000099600000| PB 0x0000000099600000| Untracked |  0
|   7|0x0000000099700000, 0x0000000099700000, 0x0000000099800000|  0%| F|  |TAMS 0x0000000099700000| PB 0x0000000099700000| Untracked |  0
|   8|0x0000000099800000, 0x0000000099800000, 0x0000000099900000|  0%| F|  |TAMS 0x0000000099800000| PB 0x0000000099800000| Untracked |  0
|   9|0x0000000099900000, 0x0000000099900000, 0x0000000099a00000|  0%| F|  |TAMS 0x0000000099900000| PB 0x0000000099900000| Untracked |  0
|  10|0x0000000099a00000, 0x0000000099a00000, 0x0000000099b00000|  0%| F|  |TAMS 0x0000000099a00000| PB 0x0000000099a00000| Untracked |  0
|  11|0x0000000099b00000, 0x0000000099b00000, 0x0000000099c00000|  0%| F|  |TAMS 0x0000000099b00000| PB 0x0000000099b00000| Untracked |  0
|  12|0x0000000099c00000, 0x0000000099c00000, 0x0000000099d00000|  0%| F|  |TAMS 0x0000000099c00000| PB 0x0000000099c00000| Untracked |  0
|  13|0x0000000099d00000, 0x0000000099d00000, 0x0000000099e00000|  0%| F|  |TAMS 0x0000000099d00000| PB 0x0000000099d00000| Untracked |  0
|  14|0x0000000099e00000, 0x0000000099e00000, 0x0000000099f00000|  0%| F|  |TAMS 0x0000000099e00000| PB 0x0000000099e00000| Untracked |  0
|  15|0x0000000099f00000, 0x0000000099f00000, 0x000000009a000000|  0%| F|  |TAMS 0x0000000099f00000| PB 0x0000000099f00000| Untracked |  0
|  16|0x000000009a000000, 0x000000009a000000, 0x000000009a100000|  0%| F|  |TAMS 0x000000009a000000| PB 0x000000009a000000| Untracked |  0
|  17|0x000000009a100000, 0x000000009a100000, 0x000000009a200000|  0%| F|  |TAMS 0x000000009a100000| PB 0x000000009a100000| Untracked |  0
|  18|0x000000009a200000, 0x000000009a200000, 0x000000009a300000|  0%| F|  |TAMS 0x000000009a200000| PB 0x000000009a200000| Untracked |  0
|  19|0x000000009a300000, 0x000000009a300000, 0x000000009a400000|  0%| F|  |TAMS 0x000000009a300000| PB 0x000000009a300000| Untracked |  0
|  20|0x000000009a400000, 0x000000009a400000, 0x000000009a500000|  0%| F|  |TAMS 0x000000009a400000| PB 0x000000009a400000| Untracked |  0
|  21|0x000000009a500000, 0x000000009a500000, 0x000000009a600000|  0%| F|  |TAMS 0x000000009a500000| PB 0x000000009a500000| Untracked |  0
|  22|0x000000009a600000, 0x000000009a600000, 0x000000009a700000|  0%| F|  |TAMS 0x000000009a600000| PB 0x000000009a600000| Untracked |  0
|  23|0x000000009a700000, 0x000000009a700000, 0x000000009a800000|  0%| F|  |TAMS 0x000000009a700000| PB 0x000000009a700000| Untracked |  0
|  24|0x000000009a800000, 0x000000009a800000, 0x000000009a900000|  0%| F|  |TAMS 0x000000009a800000| PB 0x000000009a800000| Untracked |  0
|  25|0x000000009a900000, 0x000000009a900000, 0x000000009aa00000|  0%| F|  |TAMS 0x000000009a900000| PB 0x000000009a900000| Untracked |  0
|  26|0x000000009aa00000, 0x000000009aa00000, 0x000000009ab00000|  0%| F|  |TAMS 0x000000009aa00000| PB 0x000000009aa00000| Untracked |  0
|  27|0x000000009ab00000, 0x000000009ab00000, 0x000000009ac00000|  0%| F|  |TAMS 0x000000009ab00000| PB 0x000000009ab00000| Untracked |  0
|  28|0x000000009ac00000, 0x000000009ac00000, 0x000000009ad00000|  0%| F|  |TAMS 0x000000009ac00000| PB 0x000000009ac00000| Untracked |  0
|  29|0x000000009ad00000, 0x000000009ad00000, 0x000000009ae00000|  0%| F|  |TAMS 0x000000009ad00000| PB 0x000000009ad00000| Untracked |  0
|  30|0x000000009ae00000, 0x000000009ae00000, 0x000000009af00000|  0%| F|  |TAMS 0x000000009ae00000| PB 0x000000009ae00000| Untracked |  0
|  31|0x000000009af00000, 0x000000009af00000, 0x000000009b000000|  0%| F|  |TAMS 0x000000009af00000| PB 0x000000009af00000| Untracked |  0
|  32|0x000000009b000000, 0x000000009b000000, 0x000000009b100000|  0%| F|  |TAMS 0x000000009b000000| PB 0x000000009b000000| Untracked |  0
|  33|0x000000009b100000, 0x000000009b100000, 0x000000009b200000|  0%| F|  |TAMS 0x000000009b100000| PB 0x000000009b100000| Untracked |  0
|  34|0x000000009b200000, 0x000000009b200000, 0x000000009b300000|  0%| F|  |TAMS 0x000000009b200000| PB 0x000000009b200000| Untracked |  0
|  35|0x000000009b300000, 0x000000009b300000, 0x000000009b400000|  0%| F|  |TAMS 0x000000009b300000| PB 0x000000009b300000| Untracked |  0
|  36|0x000000009b400000, 0x000000009b400000, 0x000000009b500000|  0%| F|  |TAMS 0x000000009b400000| PB 0x000000009b400000| Untracked |  0
|  37|0x000000009b500000, 0x000000009b500000, 0x000000009b600000|  0%| F|  |TAMS 0x000000009b500000| PB 0x000000009b500000| Untracked |  0
|  38|0x000000009b600000, 0x000000009b600000, 0x000000009b700000|  0%| F|  |TAMS 0x000000009b600000| PB 0x000000009b600000| Untracked |  0
|  39|0x000000009b700000, 0x000000009b700000, 0x000000009b800000|  0%| F|  |TAMS 0x000000009b700000| PB 0x000000009b700000| Untracked |  0
|  40|0x000000009b800000, 0x000000009b800000, 0x000000009b900000|  0%| F|  |TAMS 0x000000009b800000| PB 0x000000009b800000| Untracked |  0
|  41|0x000000009b900000, 0x000000009b900000, 0x000000009ba00000|  0%| F|  |TAMS 0x000000009b900000| PB 0x000000009b900000| Untracked |  0
|  42|0x000000009ba00000, 0x000000009ba00000, 0x000000009bb00000|  0%| F|  |TAMS 0x000000009ba00000| PB 0x000000009ba00000| Untracked |  0
|  43|0x000000009bb00000, 0x000000009bb00000, 0x000000009bc00000|  0%| F|  |TAMS 0x000000009bb00000| PB 0x000000009bb00000| Untracked |  0
|  44|0x000000009bc00000, 0x000000009bc00000, 0x000000009bd00000|  0%| F|  |TAMS 0x000000009bc00000| PB 0x000000009bc00000| Untracked |  0
|  45|0x000000009bd00000, 0x000000009bd00000, 0x000000009be00000|  0%| F|  |TAMS 0x000000009bd00000| PB 0x000000009bd00000| Untracked |  0
|  46|0x000000009be00000, 0x000000009be00000, 0x000000009bf00000|  0%| F|  |TAMS 0x000000009be00000| PB 0x000000009be00000| Untracked |  0
|  47|0x000000009bf00000, 0x000000009bf00000, 0x000000009c000000|  0%| F|  |TAMS 0x000000009bf00000| PB 0x000000009bf00000| Untracked |  0
|  48|0x000000009c000000, 0x000000009c000000, 0x000000009c100000|  0%| F|  |TAMS 0x000000009c000000| PB 0x000000009c000000| Untracked |  0
|  49|0x000000009c100000, 0x000000009c100000, 0x000000009c200000|  0%| F|  |TAMS 0x000000009c100000| PB 0x000000009c100000| Untracked |  0
|  50|0x000000009c200000, 0x000000009c200000, 0x000000009c300000|  0%| F|  |TAMS 0x000000009c200000| PB 0x000000009c200000| Untracked |  0
|  51|0x000000009c300000, 0x000000009c300000, 0x000000009c400000|  0%| F|  |TAMS 0x000000009c300000| PB 0x000000009c300000| Untracked |  0
|  52|0x000000009c400000, 0x000000009c400000, 0x000000009c500000|  0%| F|  |TAMS 0x000000009c400000| PB 0x000000009c400000| Untracked |  0
|  53|0x000000009c500000, 0x000000009c500000, 0x000000009c600000|  0%| F|  |TAMS 0x000000009c500000| PB 0x000000009c500000| Untracked |  0
|  54|0x000000009c600000, 0x000000009c600000, 0x000000009c700000|  0%| F|  |TAMS 0x000000009c600000| PB 0x000000009c600000| Untracked |  0
|  55|0x000000009c700000, 0x000000009c700000, 0x000000009c800000|  0%| F|  |TAMS 0x000000009c700000| PB 0x000000009c700000| Untracked |  0
|  56|0x000000009c800000, 0x000000009c800000, 0x000000009c900000|  0%| F|  |TAMS 0x000000009c800000| PB 0x000000009c800000| Untracked |  0
|  57|0x000000009c900000, 0x000000009c900000, 0x000000009ca00000|  0%| F|  |TAMS 0x000000009c900000| PB 0x000000009c900000| Untracked |  0
|  58|0x000000009ca00000, 0x000000009ca00000, 0x000000009cb00000|  0%| F|  |TAMS 0x000000009ca00000| PB 0x000000009ca00000| Untracked |  0
|  59|0x000000009cb00000, 0x000000009cb00000, 0x000000009cc00000|  0%| F|  |TAMS 0x000000009cb00000| PB 0x000000009cb00000| Untracked |  0
|  60|0x000000009cc00000, 0x000000009cc00000, 0x000000009cd00000|  0%| F|  |TAMS 0x000000009cc00000| PB 0x000000009cc00000| Untracked |  0
|  61|0x000000009cd00000, 0x000000009cd00000, 0x000000009ce00000|  0%| F|  |TAMS 0x000000009cd00000| PB 0x000000009cd00000| Untracked |  0
|  62|0x000000009ce00000, 0x000000009ce00000, 0x000000009cf00000|  0%| F|  |TAMS 0x000000009ce00000| PB 0x000000009ce00000| Untracked |  0
|  63|0x000000009cf00000, 0x000000009cf00000, 0x000000009d000000|  0%| F|  |TAMS 0x000000009cf00000| PB 0x000000009cf00000| Untracked |  0
|  64|0x000000009d000000, 0x000000009d000000, 0x000000009d100000|  0%| F|  |TAMS 0x000000009d000000| PB 0x000000009d000000| Untracked |  0
|  65|0x000000009d100000, 0x000000009d100000, 0x000000009d200000|  0%| F|  |TAMS 0x000000009d100000| PB 0x000000009d100000| Untracked |  0
|  66|0x000000009d200000, 0x000000009d200000, 0x000000009d300000|  0%| F|  |TAMS 0x000000009d200000| PB 0x000000009d200000| Untracked |  0
|  67|0x000000009d300000, 0x000000009d300000, 0x000000009d400000|  0%| F|  |TAMS 0x000000009d300000| PB 0x000000009d300000| Untracked |  0
|  68|0x000000009d400000, 0x000000009d400000, 0x000000009d500000|  0%| F|  |TAMS 0x000000009d400000| PB 0x000000009d400000| Untracked |  0
|  69|0x000000009d500000, 0x000000009d500000, 0x000000009d600000|  0%| F|  |TAMS 0x000000009d500000| PB 0x000000009d500000| Untracked |  0
|  70|0x000000009d600000, 0x000000009d600000, 0x000000009d700000|  0%| F|  |TAMS 0x000000009d600000| PB 0x000000009d600000| Untracked |  0
|  71|0x000000009d700000, 0x000000009d700000, 0x000000009d800000|  0%| F|  |TAMS 0x000000009d700000| PB 0x000000009d700000| Untracked |  0
|  72|0x000000009d800000, 0x000000009d900000, 0x000000009d900000|100%| S|CS|TAMS 0x000000009d800000| PB 0x000000009d800000| Complete |  0
|  73|0x000000009d900000, 0x000000009da00000, 0x000000009da00000|100%| S|CS|TAMS 0x000000009d900000| PB 0x000000009d900000| Complete |  0
|  74|0x000000009da00000, 0x000000009db00000, 0x000000009db00000|100%| S|CS|TAMS 0x000000009da00000| PB 0x000000009da00000| Complete |  0
|  75|0x000000009db00000, 0x000000009dc00000, 0x000000009dc00000|100%| S|CS|TAMS 0x000000009db00000| PB 0x000000009db00000| Complete |  0
|  76|0x000000009dc00000, 0x000000009dc00000, 0x000000009dd00000|  0%| F|  |TAMS 0x000000009dc00000| PB 0x000000009dc00000| Untracked |  0
|  77|0x000000009dd00000, 0x000000009dd00000, 0x000000009de00000|  0%| F|  |TAMS 0x000000009dd00000| PB 0x000000009dd00000| Untracked |  0
|  78|0x000000009de00000, 0x000000009de00000, 0x000000009df00000|  0%| F|  |TAMS 0x000000009de00000| PB 0x000000009de00000| Untracked |  0
|  79|0x000000009df00000, 0x000000009df00000, 0x000000009e000000|  0%| F|  |TAMS 0x000000009df00000| PB 0x000000009df00000| Untracked |  0
|  80|0x000000009e000000, 0x000000009e000000, 0x000000009e100000|  0%| F|  |TAMS 0x000000009e000000| PB 0x000000009e000000| Untracked |  0
|  81|0x000000009e100000, 0x000000009e100000, 0x000000009e200000|  0%| F|  |TAMS 0x000000009e100000| PB 0x000000009e100000| Untracked |  0
|  82|0x000000009e200000, 0x000000009e200000, 0x000000009e300000|  0%| F|  |TAMS 0x000000009e200000| PB 0x000000009e200000| Untracked |  0
|  83|0x000000009e300000, 0x000000009e300000, 0x000000009e400000|  0%| F|  |TAMS 0x000000009e300000| PB 0x000000009e300000| Untracked |  0
|  84|0x000000009e400000, 0x000000009e400000, 0x000000009e500000|  0%| F|  |TAMS 0x000000009e400000| PB 0x000000009e400000| Untracked |  0
|  85|0x000000009e500000, 0x000000009e500000, 0x000000009e600000|  0%| F|  |TAMS 0x000000009e500000| PB 0x000000009e500000| Untracked |  0
|  86|0x000000009e600000, 0x000000009e600000, 0x000000009e700000|  0%| F|  |TAMS 0x000000009e600000| PB 0x000000009e600000| Untracked |  0
|  87|0x000000009e700000, 0x000000009e700000, 0x000000009e800000|  0%| F|  |TAMS 0x000000009e700000| PB 0x000000009e700000| Untracked |  0
|  88|0x000000009e800000, 0x000000009e800000, 0x000000009e900000|  0%| F|  |TAMS 0x000000009e800000| PB 0x000000009e800000| Untracked |  0
|  89|0x000000009e900000, 0x000000009e900000, 0x000000009ea00000|  0%| F|  |TAMS 0x000000009e900000| PB 0x000000009e900000| Untracked |  0
|  90|0x000000009ea00000, 0x000000009ea00000, 0x000000009eb00000|  0%| F|  |TAMS 0x000000009ea00000| PB 0x000000009ea00000| Untracked |  0
|  91|0x000000009eb00000, 0x000000009eb00000, 0x000000009ec00000|  0%| F|  |TAMS 0x000000009eb00000| PB 0x000000009eb00000| Untracked |  0
|  92|0x000000009ec00000, 0x000000009ec00000, 0x000000009ed00000|  0%| F|  |TAMS 0x000000009ec00000| PB 0x000000009ec00000| Untracked |  0
|  93|0x000000009ed00000, 0x000000009ed00000, 0x000000009ee00000|  0%| F|  |TAMS 0x000000009ed00000| PB 0x000000009ed00000| Untracked |  0
|  94|0x000000009ee00000, 0x000000009ee00000, 0x000000009ef00000|  0%| F|  |TAMS 0x000000009ee00000| PB 0x000000009ee00000| Untracked |  0
|  95|0x000000009ef00000, 0x000000009ef00000, 0x000000009f000000|  0%| F|  |TAMS 0x000000009ef00000| PB 0x000000009ef00000| Untracked |  0
|  96|0x000000009f000000, 0x000000009f000000, 0x000000009f100000|  0%| F|  |TAMS 0x000000009f000000| PB 0x000000009f000000| Untracked |  0
|  97|0x000000009f100000, 0x000000009f100000, 0x000000009f200000|  0%| F|  |TAMS 0x000000009f100000| PB 0x000000009f100000| Untracked |  0
|  98|0x000000009f200000, 0x000000009f200000, 0x000000009f300000|  0%| F|  |TAMS 0x000000009f200000| PB 0x000000009f200000| Untracked |  0
|  99|0x000000009f300000, 0x000000009f300000, 0x000000009f400000|  0%| F|  |TAMS 0x000000009f300000| PB 0x000000009f300000| Untracked |  0
| 100|0x000000009f400000, 0x000000009f400000, 0x000000009f500000|  0%| F|  |TAMS 0x000000009f400000| PB 0x000000009f400000| Untracked |  0
| 101|0x000000009f500000, 0x000000009f53d110, 0x000000009f600000| 23%| E|  |TAMS 0x000000009f500000| PB 0x000000009f500000| Complete |  0
| 102|0x000000009f600000, 0x000000009f700000, 0x000000009f700000|100%| E|CS|TAMS 0x000000009f600000| PB 0x000000009f600000| Complete |  0
| 103|0x000000009f700000, 0x000000009f800000, 0x000000009f800000|100%| E|CS|TAMS 0x000000009f700000| PB 0x000000009f700000| Complete |  0
|1646|0x00000000ffe00000, 0x00000000fff00000, 0x00000000fff00000|100%| O|  |TAMS 0x00000000ffe00000| PB 0x00000000ffe00000| Untracked |  0
|1647|0x00000000fff00000, 0x00000000fff24ea8, 0x0000000100000000| 14%| O|  |TAMS 0x00000000fff00000| PB 0x00000000fff00000| Untracked |  0

Card table byte_map: [0x00000256f55b0000,0x00000256f58f0000] _byte_map_base: 0x00000256f50e8000

Marking Bits: (CMBitMap*) 0x00000256dd7bd2c0
 Bits: [0x00000256f58f0000, 0x00000256f72b0000)

Polling page: 0x00000256db500000

Metaspace:
Metaspace        used 17418K, committed 17664K, reserved 1114112K
 class space     used 1950K, committed 2048K, reserved 1048576K

Usage:
  Non-class:     15.11 MB used.
      Class:      1.90 MB used.
       Both:     17.01 MB used.

Virtual space:
  Non-class space:       64.00 MB reserved,      15.25 MB ( 24%) committed,  1 nodes.
      Class space:        1.00 GB reserved,       2.00 MB ( <1%) committed,  1 nodes.
             Both:        1.06 GB reserved,      17.25 MB (  2%) committed. 

Chunk freelists:
   Non-Class:  505.00 KB
       Class:  14.04 MB
        Both:  14.54 MB

MaxMetaspaceSize: unlimited
CompressedClassSpaceSize: 1.00 GB
Initial GC threshold: 21.00 MB
Current GC threshold: 21.00 MB
CDS: on
 - commit_granule_bytes: 65536.
 - commit_granule_words: 8192.
 - virtual_space_node_default_size: 8388608.
 - enlarge_chunks_in_place: 1.
UseCompressedClassPointers 1, UseCompactObjectHeaders 0
Narrow klass pointer bits 32, Max shift 3
Narrow klass base: 0x0000000024000000, Narrow klass shift: 0
Encoding Range: [0x0000000024000000 - 0x0000000124000000), (4294967296 bytes)
Klass Range:    [0x0000000024010000 - 0x0000000065000000), (1090453504 bytes)
Klass ID Range:  [65536 - 1090519033) (1090453497)
Protection zone: [0x0000000024000000 - 0x0000000024010000), (65536 bytes)


Internal statistics:

num_allocs_failed_limit: 0.
num_arena_births: 134.
num_arena_deaths: 0.
num_vsnodes_births: 2.
num_vsnodes_deaths: 0.
num_space_committed: 276.
num_space_uncommitted: 0.
num_chunks_returned_to_freelist: 0.
num_chunks_taken_from_freelist: 303.
num_chunk_merges: 0.
num_chunk_splits: 194.
num_chunks_enlarged: 130.
num_inconsistent_stats: 0.

CodeHeap 'non-profiled nmethods': size=120064Kb used=606Kb max_used=606Kb free=119457Kb
 bounds [0x00000256edd30000, 0x00000256edfa0000, 0x00000256f5270000]
CodeHeap 'profiled nmethods': size=120000Kb used=3045Kb max_used=3045Kb free=116954Kb
 bounds [0x00000256e6270000, 0x00000256e6570000, 0x00000256ed7a0000]
CodeHeap 'non-nmethods': size=5696Kb used=1634Kb max_used=1658Kb free=4061Kb
 bounds [0x00000256ed7a0000, 0x00000256eda10000, 0x00000256edd30000]
CodeCache: size=245760Kb, used=5285Kb, max_used=5309Kb, free=240472Kb
 total_blobs=3016, nmethods=2255, adapters=664, full_count=0
Compilation: enabled, stopped_count=0, restarted_count=0

Compilation events (20 events):
Event: 671.095 Thread 0x00000256f9706bc0 nmethod 2247 0x00000256e6565a08 code [0x00000256e6565b00, 0x00000256e6566070]
Event: 695.337 Thread 0x00000256f9706bc0 2248       3       java.util.concurrent.locks.ReentrantLock$NonfairSync::tryAcquire (27 bytes)
Event: 695.338 Thread 0x00000256f9706bc0 nmethod 2248 0x00000256e6566088 code [0x00000256e6566180, 0x00000256e6566560]
Event: 695.534 Thread 0x00000256f9705fb0 2249       4       java.util.Arrays::binarySearch0 (95 bytes)
Event: 695.542 Thread 0x00000256f9705fb0 nmethod 2249 0x00000256eddc6f88 code [0x00000256eddc7080, 0x00000256eddc7290]
Event: 695.859 Thread 0x00000256f9706bc0 2250       3       java.beans.PropertyChangeSupport::firePropertyChange (81 bytes)
Event: 695.861 Thread 0x00000256f9706bc0 nmethod 2250 0x00000256e6566588 code [0x00000256e6566680, 0x00000256e65674c8]
Event: 736.109 Thread 0x00000256f9705fb0 2251       4       java.lang.ref.SoftReference::get (29 bytes)
Event: 736.111 Thread 0x00000256f9705fb0 nmethod 2251 0x00000256eddc7308 code [0x00000256eddc7400, 0x00000256eddc7508]
Event: 946.173 Thread 0x00000256f9705fb0 2252       4       java.lang.String::startsWith (123 bytes)
Event: 946.189 Thread 0x00000256f9705fb0 nmethod 2252 0x00000256eddc7608 code [0x00000256eddc7700, 0x00000256eddc7a00]
Event: 1021.189 Thread 0x00000256f9706bc0 2253       3       sun.net.util.IPAddressUtil::scan (62 bytes)
Event: 1021.192 Thread 0x00000256f9706bc0 nmethod 2253 0x00000256e6567508 code [0x00000256e6567600, 0x00000256e6568080]
Event: 1026.190 Thread 0x00000256f9706bc0 2254       3       jdk.internal.loader.URLClassPath::findResource (35 bytes)
Event: 1026.191 Thread 0x00000256f9706bc0 nmethod 2254 0x00000256e6568108 code [0x00000256e6568200, 0x00000256e6568520]
Event: 1161.221 Thread 0x00000256f9706bc0 2256       3       java.lang.ref.ReferenceQueue::remove0 (67 bytes)
Event: 1161.222 Thread 0x00000256f9706bc0 nmethod 2256 0x00000256e6568588 code [0x00000256e6568680, 0x00000256e6568ad8]
Event: 1161.223 Thread 0x00000256f9706bc0 2255   !   3       java.lang.ref.ReferenceQueue::remove (49 bytes)
Event: 1161.224 Thread 0x00000256f9706bc0 nmethod 2255 0x00000256e6568b08 code [0x00000256e6568c00, 0x00000256e6569590]
Event: 1171.222 Thread 0x00000256f9706bc0 2257       3       java.net.URLStreamHandler::parseURL (1130 bytes)

GC Heap Usage History (2 events):
Event: 5.839 {heap Before GC invocations=0 (full 0):
 garbage-first heap   total reserved 1687552K, committed 108544K, used 32915K [0x0000000099000000, 0x0000000100000000)
  region size 1024K, 28 young (28672K), 0 survivors (0K)
}
Event: 5.851 {heap After GC invocations=1 (full 0):
 garbage-first heap   total reserved 1687552K, committed 108544K, used 8902K [0x0000000099000000, 0x0000000100000000)
  region size 1024K, 4 young (4096K), 4 survivors (4096K)
}

Metaspace Usage History (2 events):
Event: 5.839 {metaspace Before GC invocations=0 (full 0):
 Metaspace       used 17092K, committed 17344K, reserved 1114112K
  class space    used 1929K, committed 2048K, reserved 1048576K
}
Event: 5.851 {metaspace After GC invocations=1 (full 0):
 Metaspace       used 17092K, committed 17344K, reserved 1114112K
  class space    used 1929K, committed 2048K, reserved 1048576K
}

Dll operation events (10 events):
Event: 0.016 Loaded shared library C:\Program Files\Apache NetBeans\jdk\bin\java.dll
Event: 0.148 Loaded shared library C:\Program Files\Apache NetBeans\jdk\bin\net.dll
Event: 0.152 Loaded shared library C:\Program Files\Apache NetBeans\jdk\bin\nio.dll
Event: 0.222 Loaded shared library C:\Program Files\Apache NetBeans\jdk\bin\zip.dll
Event: 0.251 Loaded shared library C:\Program Files\Apache NetBeans\jdk\bin\jimage.dll
Event: 0.270 Loaded shared library C:\Program Files\Apache NetBeans\jdk\bin\awt.dll
Event: 0.929 Loaded shared library C:\Program Files\Apache NetBeans\jdk\bin\extnet.dll
Event: 1.226 Loaded shared library C:\Program Files\Apache NetBeans\jdk\bin\sunmscapi.dll
Event: 1.781 Loaded shared library C:\Program Files\Apache NetBeans\jdk\bin\freetype.dll
Event: 1.783 Loaded shared library C:\Program Files\Apache NetBeans\jdk\bin\fontmanager.dll

Deoptimization events (20 events):
Event: 1.728 Thread 0x00000256db5ac420 DEOPT PACKING pc=0x00000256edd89170 sp=0x000000706d6fe0b0
Event: 1.728 Thread 0x00000256db5ac420 DEOPT UNPACKING pc=0x00000256ed8bd082 sp=0x000000706d6fe050 mode 2
Event: 1.728 Thread 0x00000256db5ac420 Uncommon trap: trap_request=0xffffffde fr.pc=0x00000256edd89170 relative=0x0000000000000170
Event: 1.728 Thread 0x00000256db5ac420 Uncommon trap: reason=class_check action=maybe_recompile pc=0x00000256edd89170 method=sun.security.util.math.intpoly.IntegerPolynomial.multByInt([JJ)V @ 26 c2
Event: 1.728 Thread 0x00000256db5ac420 DEOPT PACKING pc=0x00000256edd89170 sp=0x000000706d6fe0b0
Event: 1.728 Thread 0x00000256db5ac420 DEOPT UNPACKING pc=0x00000256ed8bd082 sp=0x000000706d6fe050 mode 2
Event: 1.821 Thread 0x00000256db5ac420 Uncommon trap: trap_request=0xffffff45 fr.pc=0x00000256edd5e8d8 relative=0x00000000000001d8
Event: 1.821 Thread 0x00000256db5ac420 Uncommon trap: reason=unstable_if action=reinterpret pc=0x00000256edd5e8d8 method=java.lang.StringUTF16.compress([CI[BII)I @ 20 c2
Event: 1.821 Thread 0x00000256db5ac420 DEOPT PACKING pc=0x00000256edd5e8d8 sp=0x000000706d6fe470
Event: 1.821 Thread 0x00000256db5ac420 DEOPT UNPACKING pc=0x00000256ed8bd082 sp=0x000000706d6fe3e0 mode 2
Event: 5.832 Thread 0x000002568008c130 Uncommon trap: trap_request=0xffffff66 fr.pc=0x00000256eddb6bd8 relative=0x0000000000000458
Event: 5.832 Thread 0x000002568008c130 Uncommon trap: reason=loop_limit_check action=maybe_recompile pc=0x00000256eddb6bd8 method=java.lang.StringLatin1.indexOf([BI[BII)I @ 37 c2
Event: 5.832 Thread 0x000002568008c130 DEOPT PACKING pc=0x00000256eddb6bd8 sp=0x000000706ebff060
Event: 5.832 Thread 0x000002568008c130 DEOPT UNPACKING pc=0x00000256ed8bd082 sp=0x000000706ebfefc0 mode 2
Event: 5.833 Thread 0x000002568008c130 DEOPT PACKING pc=0x00000256e641abc5 sp=0x000000706ebfdeb0
Event: 5.833 Thread 0x000002568008c130 DEOPT UNPACKING pc=0x00000256ed7f1702 sp=0x000000706ebfd2e0 mode 0
Event: 9.735 Thread 0x000002568008c130 Uncommon trap: trap_request=0xffffff45 fr.pc=0x00000256edda8b58 relative=0x0000000000000058
Event: 9.735 Thread 0x000002568008c130 Uncommon trap: reason=unstable_if action=reinterpret pc=0x00000256edda8b58 method=java.lang.ref.ReferenceQueue.poll()Ljava/lang/ref/Reference; @ 4 c2
Event: 9.735 Thread 0x000002568008c130 DEOPT PACKING pc=0x00000256edda8b58 sp=0x000000706ebfdbb0
Event: 9.735 Thread 0x000002568008c130 DEOPT UNPACKING pc=0x00000256ed8bd082 sp=0x000000706ebfdb28 mode 2

Classes loaded (20 events):
Event: 9.737 Loading class javax/swing/JComponent$KeyboardState
Event: 9.738 Loading class javax/swing/JComponent$KeyboardState done
Event: 9.738 Loading class javax/swing/JComponent$IntVector
Event: 9.738 Loading class javax/swing/JComponent$IntVector done
Event: 9.738 Loading class javax/swing/JInternalFrame
Event: 9.740 Loading class javax/swing/JInternalFrame done
Event: 9.740 Loading class javax/swing/KeyboardManager
Event: 9.740 Loading class javax/swing/KeyboardManager done
Event: 9.741 Loading class javax/swing/Popup$HeavyWeightWindow
Event: 9.741 Loading class sun/awt/ModalExclude
Event: 9.741 Loading class sun/awt/ModalExclude done
Event: 9.741 Loading class javax/swing/JWindow
Event: 9.741 Loading class javax/swing/JWindow done
Event: 9.741 Loading class javax/swing/Popup$HeavyWeightWindow done
Event: 695.338 Loading class java/util/WeakHashMap$KeyIterator
Event: 695.339 Loading class java/util/WeakHashMap$HashIterator
Event: 695.339 Loading class java/util/WeakHashMap$HashIterator done
Event: 695.339 Loading class java/util/WeakHashMap$KeyIterator done
Event: 695.340 Loading class javax/swing/RepaintManager$DisplayChangedRunnable
Event: 695.340 Loading class javax/swing/RepaintManager$DisplayChangedRunnable done

Classes unloaded (0 events):
No events

Classes redefined (0 events):
No events

Internal exceptions (20 events):
Event: 0.712 Thread 0x00000256db5ac420 Exception <a 'java/lang/NoSuchMethodError'{0x000000009eecc4d0}: 'java.lang.Object java.lang.invoke.DirectMethodHandle$Holder.invokeInterface(java.lang.Object, java.lang.Object)'> (0x000000009eecc4d0) 
thrown [s\src\hotspot\share\interpreter\linkResolver.cpp, line 804]
Event: 0.784 Thread 0x00000256db5ac420 Exception <a 'java/lang/NoSuchMethodError'{0x000000009eb787f0}: 'void java.lang.invoke.DirectMethodHandle$Holder.invokeStatic(java.lang.Object, java.lang.Object, java.lang.Object)'> (0x000000009eb787f0) 
thrown [s\src\hotspot\share\interpreter\linkResolver.cpp, line 804]
Event: 0.787 Thread 0x00000256db5ac420 Exception <a 'java/lang/NoSuchMethodError'{0x000000009eb90688}: 'java.lang.Object java.lang.invoke.DirectMethodHandle$Holder.invokeVirtual(java.lang.Object, java.lang.Object, java.lang.Object)'> (0x000000009eb90688) 
thrown [s\src\hotspot\share\interpreter\linkResolver.cpp, line 804]
Event: 1.026 Thread 0x00000256db5ac420 Exception <a 'java/lang/NoSuchMethodError'{0x000000009e6708b8}: 'void java.lang.invoke.DirectMethodHandle$Holder.invokeStaticInit(java.lang.Object, java.lang.Object)'> (0x000000009e6708b8) 
thrown [s\src\hotspot\share\interpreter\linkResolver.cpp, line 804]
Event: 1.111 Thread 0x00000256db5ac420 Exception <a 'sun/nio/fs/WindowsException'{0x000000009e5bfba0}> (0x000000009e5bfba0) 
thrown [s\src\hotspot\share\prims\jni.cpp, line 516]
Event: 1.165 Thread 0x00000256db5ac420 Exception <a 'java/lang/NoSuchMethodError'{0x000000009e4696a8}: 'java.lang.Object java.lang.invoke.DirectMethodHandle$Holder.invokeStaticInit(java.lang.Object, int, int, int, int)'> (0x000000009e4696a8) 
thrown [s\src\hotspot\share\interpreter\linkResolver.cpp, line 804]
Event: 1.189 Thread 0x00000256db5ac420 Exception <a 'java/lang/NoSuchMethodError'{0x000000009e4a3128}: 'java.lang.Object java.lang.invoke.DirectMethodHandle$Holder.invokeStaticInit(java.lang.Object, java.lang.Object, int, int, int, int)'> (0x000000009e4a3128) 
thrown [s\src\hotspot\share\interpreter\linkResolver.cpp, line 804]
Event: 1.451 Thread 0x00000256db5ac420 Exception <a 'java/lang/NoSuchMethodError'{0x000000009e3d7ec8}: 'java.lang.Object java.lang.invoke.Invokers$Holder.invoke_MT(java.lang.Object, java.lang.Object, java.lang.Object, java.lang.Object, java.lang.Object, java.lang.Object)'> (0x000000009e3d7ec8) 
thrown [s\src\hotspot\share\interpreter\linkResolver.cpp, line 804]
Event: 1.454 Thread 0x00000256db5ac420 Exception <a 'java/lang/NoSuchMethodError'{0x000000009e3e3d88}: 'java.lang.Object java.lang.invoke.DirectMethodHandle$Holder.invokeStatic(java.lang.Object, java.lang.Object, int)'> (0x000000009e3e3d88) 
thrown [s\src\hotspot\share\interpreter\linkResolver.cpp, line 804]
Event: 1.458 Thread 0x00000256db5ac420 Exception <a 'java/lang/NoSuchMethodError'{0x000000009e206960}: 'void java.lang.invoke.DelegatingMethodHandle$Holder.delegate(java.lang.Object, java.lang.Object, int, java.lang.Object)'> (0x000000009e206960) 
thrown [s\src\hotspot\share\interpreter\linkResolver.cpp, line 804]
Event: 1.466 Thread 0x00000256db5ac420 Exception <a 'java/lang/NoSuchMethodError'{0x000000009e22c5e8}: 'void java.lang.invoke.DirectMethodHandle$Holder.invokeVirtual(java.lang.Object, java.lang.Object)'> (0x000000009e22c5e8) 
thrown [s\src\hotspot\share\interpreter\linkResolver.cpp, line 804]
Event: 1.798 Thread 0x00000256db5ac420 Exception <a 'java/lang/NoSuchMethodError'{0x000000009de89ea8}: 'long java.lang.invoke.DirectMethodHandle$Holder.invokeStaticInit(java.lang.Object, long, long, long, long)'> (0x000000009de89ea8) 
thrown [s\src\hotspot\share\interpreter\linkResolver.cpp, line 804]
Event: 1.798 Thread 0x00000256db5ac420 Exception <a 'java/lang/NoSuchMethodError'{0x000000009de92908}: 'java.lang.Object java.lang.invoke.DirectMethodHandle$Holder.invokeInterface(java.lang.Object, java.lang.Object, long, long)'> (0x000000009de92908) 
thrown [s\src\hotspot\share\interpreter\linkResolver.cpp, line 804]
Event: 1.801 Thread 0x00000256db5ac420 Exception <a 'java/lang/NoSuchMethodError'{0x000000009deab2b0}: 'void java.lang.invoke.DirectMethodHandle$Holder.invokeStaticInit(java.lang.Object, java.lang.Object, long, java.lang.Object)'> (0x000000009deab2b0) 
thrown [s\src\hotspot\share\interpreter\linkResolver.cpp, line 804]
Event: 1.802 Thread 0x00000256db5ac420 Exception <a 'java/lang/NoSuchMethodError'{0x000000009deb3a68}: 'long java.lang.invoke.DirectMethodHandle$Holder.invokeStatic(java.lang.Object, long, long)'> (0x000000009deb3a68) 
thrown [s\src\hotspot\share\interpreter\linkResolver.cpp, line 804]
Event: 1.807 Thread 0x00000256db5ac420 Exception <a 'java/lang/NoSuchMethodError'{0x000000009ded5cc8}: 'java.lang.Object java.lang.invoke.DirectMethodHandle$Holder.newInvokeSpecial(java.lang.Object, int, java.lang.Object)'> (0x000000009ded5cc8) 
thrown [s\src\hotspot\share\interpreter\linkResolver.cpp, line 804]
Event: 1.854 Thread 0x00000256db5ac420 Exception <a 'java/lang/NoSuchMethodError'{0x000000009dd406d8}: 'void java.lang.invoke.DelegatingMethodHandle$Holder.reinvoke_L(java.lang.Object, java.lang.Object, java.lang.Object, long, float)'> (0x000000009dd406d8) 
thrown [s\src\hotspot\share\interpreter\linkResolver.cpp, line 804]
Event: 1.859 Thread 0x00000256db5ac420 Exception <a 'java/lang/NoSuchMethodError'{0x000000009dd58938}: 'java.lang.Object java.lang.invoke.DirectMethodHandle$Holder.invokeStatic(java.lang.Object, java.lang.Object, java.lang.Object, java.lang.Object, long)'> (0x000000009dd58938) 
thrown [s\src\hotspot\share\interpreter\linkResolver.cpp, line 804]
Event: 1.862 Thread 0x00000256db5ac420 Exception <a 'java/lang/NoSuchMethodError'{0x000000009dd7a950}: 'float java.lang.invoke.DelegatingMethodHandle$Holder.reinvoke_L(java.lang.Object, java.lang.Object, java.lang.Object, long)'> (0x000000009dd7a950) 
thrown [s\src\hotspot\share\interpreter\linkResolver.cpp, line 804]
Event: 1.958 Thread 0x00000256db5ac420 Exception <a 'java/lang/NoSuchMethodError'{0x000000009ddb9190}: 'void java.lang.invoke.DirectMethodHandle$Holder.invokeStaticInit(java.lang.Object)'> (0x000000009ddb9190) 
thrown [s\src\hotspot\share\interpreter\linkResolver.cpp, line 804]

VM Operations (20 events):
Event: 1.527 Executing non-safepoint VM operation: HandshakeAllThreads (Deoptimize)
Event: 1.527 Executing non-safepoint VM operation: HandshakeAllThreads (Deoptimize) done
Event: 1.705 Executing non-safepoint VM operation: HandshakeAllThreads (Deoptimize)
Event: 1.706 Executing non-safepoint VM operation: HandshakeAllThreads (Deoptimize) done
Event: 1.805 Executing non-safepoint VM operation: HandshakeAllThreads (Deoptimize)
Event: 1.805 Executing non-safepoint VM operation: HandshakeAllThreads (Deoptimize) done
Event: 1.836 Executing non-safepoint VM operation: HandshakeAllThreads (Deoptimize)
Event: 1.836 Executing non-safepoint VM operation: HandshakeAllThreads (Deoptimize) done
Event: 2.092 Executing non-safepoint VM operation: HandshakeAllThreads (Deoptimize)
Event: 2.092 Executing non-safepoint VM operation: HandshakeAllThreads (Deoptimize) done
Event: 5.839 Executing safepoint VM operation: G1CollectForAllocation (G1 Evacuation Pause)
Event: 5.851 Executing safepoint VM operation: G1CollectForAllocation (G1 Evacuation Pause) done
Event: 60.179 Executing non-safepoint VM operation: HandshakeAllThreads (HandshakeForDeflation)
Event: 60.179 Executing non-safepoint VM operation: HandshakeAllThreads (HandshakeForDeflation) done
Event: 60.179 Executing non-safepoint VM operation: RendezvousGCThreads
Event: 60.179 Executing non-safepoint VM operation: RendezvousGCThreads done
Event: 721.389 Executing non-safepoint VM operation: HandshakeAllThreads (HandshakeForDeflation)
Event: 721.389 Executing non-safepoint VM operation: HandshakeAllThreads (HandshakeForDeflation) done
Event: 721.389 Executing non-safepoint VM operation: RendezvousGCThreads
Event: 721.389 Executing non-safepoint VM operation: RendezvousGCThreads done

Memory protections (0 events):
No events

Nmethod flushes (0 events):
No events

Events (20 events):
Event: 0.070 Thread 0x00000256db5ac420 Thread added: 0x00000256dd838e40
Event: 0.070 Thread 0x00000256db5ac420 Thread added: 0x00000256dd839a00
Event: 0.071 Thread 0x00000256db5ac420 Thread added: 0x00000256dd83a5c0
Event: 0.071 Thread 0x00000256db5ac420 Thread added: 0x00000256dd83d190
Event: 0.071 Thread 0x00000256db5ac420 Thread added: 0x00000256f9705fb0
Event: 0.071 Thread 0x00000256db5ac420 Thread added: 0x00000256f9706bc0
Event: 0.144 Thread 0x00000256db5ac420 Thread added: 0x00000256f97d4520
Event: 0.194 Thread 0x00000256db5ac420 Thread added: 0x00000256f9a76a40
Event: 0.376 Thread 0x00000256db5ac420 Thread added: 0x00000256fe264a00
Event: 0.377 Thread 0x00000256db5ac420 Thread added: 0x00000256fe267c80
Event: 0.378 Thread 0x00000256db5ac420 Thread added: 0x00000256fe269450
Event: 0.656 Thread 0x00000256db5ac420 Thread added: 0x00000256fe3d6d80
Event: 0.671 Thread 0x00000256db5ac420 Thread added: 0x00000256fe4446f0
Event: 1.659 Thread 0x00000256fe3d6d80 Thread exited: 0x00000256fe3d6d80
Event: 1.659 Thread 0x00000256fe267c80 Thread exited: 0x00000256fe267c80
Event: 1.774 Thread 0x00000256db5ac420 Thread added: 0x000002568008b970
Event: 1.774 Thread 0x00000256db5ac420 Thread added: 0x000002568008c130
Event: 2.091 Thread 0x00000256db5ac420 Thread exited: 0x00000256db5ac420
Event: 2.092 Thread 0x00000256db5ac420 Thread added: 0x00000256db5ac420
Event: 5.839 Thread 0x000002568008c130 Thread added: 0x00000256fe66cec0


Dynamic libraries:
0x00007ff7ef100000 - 0x00007ff7ef10e000 	C:\Program Files\Apache NetBeans\jdk\bin\java.exe
0x00007ffb1f110000 - 0x00007ffb1f308000 	C:\Windows\SYSTEM32\ntdll.dll
0x00007ffb1eea0000 - 0x00007ffb1ef62000 	C:\Windows\System32\KERNEL32.DLL
0x00007ffb1c900000 - 0x00007ffb1cbf6000 	C:\Windows\System32\KERNELBASE.dll
0x00007ffb1c800000 - 0x00007ffb1c900000 	C:\Windows\System32\ucrtbase.dll
0x00007ffb0d220000 - 0x00007ffb0d236000 	C:\Program Files\Apache NetBeans\jdk\bin\jli.dll
0x00007ffb17820000 - 0x00007ffb1783e000 	C:\Program Files\Apache NetBeans\jdk\bin\VCRUNTIME140.dll
0x00007ffb1d200000 - 0x00007ffb1d3a1000 	C:\Windows\System32\USER32.dll
0x00007ffb1c7a0000 - 0x00007ffb1c7c2000 	C:\Windows\System32\win32u.dll
0x00007ffb0e650000 - 0x00007ffb0e8eb000 	C:\Windows\WinSxS\amd64_microsoft.windows.common-controls_6595b64144ccf1df_6.0.19041.6456_none_60b8a6cb71f64256\COMCTL32.dll
0x00007ffb1ef70000 - 0x00007ffb1f00e000 	C:\Windows\System32\msvcrt.dll
0x00007ffb1eba0000 - 0x00007ffb1ebcb000 	C:\Windows\System32\GDI32.dll
0x00007ffb1cc00000 - 0x00007ffb1cd19000 	C:\Windows\System32\gdi32full.dll
0x00007ffb1d090000 - 0x00007ffb1d12d000 	C:\Windows\System32\msvcp_win.dll
0x00007ffb1dc00000 - 0x00007ffb1dc2f000 	C:\Windows\System32\IMM32.DLL
0x00007ffb18fa0000 - 0x00007ffb18fac000 	C:\Program Files\Apache NetBeans\jdk\bin\vcruntime140_1.dll
0x00007ffb00570000 - 0x00007ffb005fd000 	C:\Program Files\Apache NetBeans\jdk\bin\msvcp140.dll
0x00007ffaba010000 - 0x00007ffabaf36000 	C:\Program Files\Apache NetBeans\jdk\bin\server\jvm.dll
0x00007ffb1db40000 - 0x00007ffb1dbf1000 	C:\Windows\System32\ADVAPI32.dll
0x00007ffb1e240000 - 0x00007ffb1e2df000 	C:\Windows\System32\sechost.dll
0x00007ffb1e500000 - 0x00007ffb1e620000 	C:\Windows\System32\RPCRT4.dll
0x00007ffb1c7d0000 - 0x00007ffb1c7f7000 	C:\Windows\System32\bcrypt.dll
0x00007ffb1ead0000 - 0x00007ffb1eb3b000 	C:\Windows\System32\WS2_32.dll
0x00007ffb1bd30000 - 0x00007ffb1bd7b000 	C:\Windows\SYSTEM32\POWRPROF.dll
0x00007ffb0e3c0000 - 0x00007ffb0e3e7000 	C:\Windows\SYSTEM32\WINMM.dll
0x00007ffb0e9b0000 - 0x00007ffb0e9ba000 	C:\Windows\SYSTEM32\VERSION.dll
0x00007ffb1bba0000 - 0x00007ffb1bbb2000 	C:\Windows\SYSTEM32\UMPDC.dll
0x00007ffb1a6a0000 - 0x00007ffb1a6b2000 	C:\Windows\SYSTEM32\kernel.appcore.dll
0x00007ffb17cf0000 - 0x00007ffb17cfa000 	C:\Program Files\Apache NetBeans\jdk\bin\jimage.dll
0x00007ffb0b0c0000 - 0x00007ffb0b2c1000 	C:\Windows\SYSTEM32\DBGHELP.DLL
0x00007ffb09aa0000 - 0x00007ffb09ad4000 	C:\Windows\SYSTEM32\dbgcore.DLL
0x00007ffb1cf50000 - 0x00007ffb1cfd2000 	C:\Windows\System32\bcryptPrimitives.dll
0x00007ffb14c80000 - 0x00007ffb14c9e000 	C:\Program Files\Apache NetBeans\jdk\bin\java.dll
0x00007ffb1e3d0000 - 0x00007ffb1e4fb000 	C:\Windows\System32\ole32.dll
0x00007ffb1e6d0000 - 0x00007ffb1ea24000 	C:\Windows\System32\combase.dll
0x00007ffb1d3b0000 - 0x00007ffb1db20000 	C:\Windows\System32\SHELL32.dll
0x00007ffb1a810000 - 0x00007ffb1afb5000 	C:\Windows\SYSTEM32\windows.storage.dll
0x00007ffb1c1d0000 - 0x00007ffb1c1fb000 	C:\Windows\SYSTEM32\Wldp.dll
0x00007ffb1d130000 - 0x00007ffb1d1fd000 	C:\Windows\System32\OLEAUT32.dll
0x00007ffb1e620000 - 0x00007ffb1e6cd000 	C:\Windows\System32\SHCORE.dll
0x00007ffb1e0a0000 - 0x00007ffb1e0fb000 	C:\Windows\System32\shlwapi.dll
0x00007ffb1c6d0000 - 0x00007ffb1c6f4000 	C:\Windows\SYSTEM32\profapi.dll
0x00007ffb00620000 - 0x00007ffb00631000 	C:\Program Files\Apache NetBeans\jdk\bin\net.dll
0x00007ffb1bf30000 - 0x00007ffb1bf9a000 	C:\Windows\system32\mswsock.dll
0x00007ffb00600000 - 0x00007ffb00616000 	C:\Program Files\Apache NetBeans\jdk\bin\nio.dll
0x00007ffb0cf20000 - 0x00007ffb0cf37000 	C:\Program Files\Apache NetBeans\jdk\bin\zip.dll
0x00007ffabb240000 - 0x00007ffabb3c0000 	C:\Program Files\Apache NetBeans\jdk\bin\awt.dll
0x00007ffb17a10000 - 0x00007ffb17aa4000 	C:\Windows\SYSTEM32\apphelp.dll
0x00007ffb19b80000 - 0x00007ffb19bae000 	C:\Windows\system32\DWMAPI.DLL
0x00007ffb197a0000 - 0x00007ffb1983e000 	C:\Windows\system32\uxtheme.dll
0x00007ffaf6370000 - 0x00007ffaf6498000 	C:\Windows\system32\opengl32.dll
0x00007ffaf6300000 - 0x00007ffaf632c000 	C:\Windows\SYSTEM32\GLU32.dll
0x00007ffb1ed80000 - 0x00007ffb1ee95000 	C:\Windows\System32\MSCTF.dll
0x00007ffb1bc10000 - 0x00007ffb1bcda000 	C:\Windows\SYSTEM32\DNSAPI.dll
0x00007ffb1bbc0000 - 0x00007ffb1bbfb000 	C:\Windows\SYSTEM32\IPHLPAPI.DLL
0x00007ffb1e1b0000 - 0x00007ffb1e1b8000 	C:\Windows\System32\NSI.dll
0x00007ffb0f050000 - 0x00007ffb0f05a000 	C:\Windows\System32\rasadhlp.dll
0x00007ffb0fb70000 - 0x00007ffb0fbf0000 	C:\Windows\System32\fwpuclnt.dll
0x00007ffb173c0000 - 0x00007ffb173c9000 	C:\Program Files\Apache NetBeans\jdk\bin\extnet.dll
0x00007ffb1c120000 - 0x00007ffb1c138000 	C:\Windows\SYSTEM32\CRYPTSP.dll
0x00007ffb1b7e0000 - 0x00007ffb1b818000 	C:\Windows\system32\rsaenh.dll
0x00007ffb1c650000 - 0x00007ffb1c67e000 	C:\Windows\SYSTEM32\USERENV.dll
0x00007ffb1c140000 - 0x00007ffb1c14c000 	C:\Windows\SYSTEM32\CRYPTBASE.dll
0x00007ffb18540000 - 0x00007ffb1854e000 	C:\Program Files\Apache NetBeans\jdk\bin\sunmscapi.dll
0x00007ffb1cd20000 - 0x00007ffb1ce7d000 	C:\Windows\System32\CRYPT32.dll
0x00007ffb1c240000 - 0x00007ffb1c267000 	C:\Windows\SYSTEM32\ncrypt.dll
0x00007ffb1c200000 - 0x00007ffb1c23b000 	C:\Windows\SYSTEM32\NTASN1.dll
0x00007ffb00260000 - 0x00007ffb002e7000 	C:\Program Files\Apache NetBeans\jdk\bin\freetype.dll
0x00007ffabb620000 - 0x00007ffabb70f000 	C:\Program Files\Apache NetBeans\jdk\bin\fontmanager.dll
0x00007ffb1e100000 - 0x00007ffb1e1a9000 	C:\Windows\System32\clbcatq.dll
0x00007ffb19560000 - 0x00007ffb19716000 	C:\Windows\SYSTEM32\WindowsCodecs.dll
0x00007ffaf4d80000 - 0x00007ffaf4dbe000 	C:\Windows\system32\dataexchange.dll
0x00007ffb15e80000 - 0x00007ffb16064000 	C:\Windows\system32\dcomp.dll
0x00007ffb153f0000 - 0x00007ffb15654000 	C:\Windows\system32\d3d11.dll
0x00007ffb1b020000 - 0x00007ffb1b116000 	C:\Windows\system32\dxgi.dll
0x00007ffb16b10000 - 0x00007ffb16d13000 	C:\Windows\system32\twinapi.appcore.dll
0x00007ffb0cbc0000 - 0x00007ffb0ccb9000 	C:\Windows\SYSTEM32\textinputframework.dll
0x00007ffb164a0000 - 0x00007ffb167fb000 	C:\Windows\System32\CoreUIComponents.dll
0x00007ffb16910000 - 0x00007ffb16a02000 	C:\Windows\System32\CoreMessaging.dll
0x00007ffb1ba30000 - 0x00007ffb1ba63000 	C:\Windows\SYSTEM32\ntmarta.dll
0x00007ffb18dd0000 - 0x00007ffb18f27000 	C:\Windows\SYSTEM32\wintypes.dll

JVMTI agents: none

dbghelp: loaded successfully - version: 4.0.5 - missing functions: none
symbol engine: initialized successfully - sym options: 0x614 - pdb path: .;C:\Program Files\Apache NetBeans\jdk\bin;C:\Windows\SYSTEM32;C:\Windows\WinSxS\amd64_microsoft.windows.common-controls_6595b64144ccf1df_6.0.19041.6456_none_60b8a6cb71f64256;C:\Program Files\Apache NetBeans\jdk\bin\server

VM Arguments:
jvm_args: -Dfile.encoding=UTF-8 --module-path=C:\Users\User\Documents\NetBeansProjects\University_Management_System\build\classes 
java_command: university_management_system.UpdateStudent
java_class_path (initial): C:\Users\User\Downloads\Jar\mysql-connector-java-8.0.28.jar;C:\Users\User\Downloads\Jar\jcalendar-tz-1.3.3-4.jar;C:\Users\User\Downloads\Jar\rs2xml.jar;C:\Users\User\Documents\NetBeansProjects\University_Management_System\build\classes
Launcher Type: SUN_STANDARD

[Global flags]
     intx CICompilerCount                          = 3                                         {product} {ergonomic}
     uint ConcGCThreads                            = 1                                         {product} {ergonomic}
     uint G1ConcRefinementThreads                  = 4                                         {product} {ergonomic}
   size_t G1HeapRegionSize                         = 1048576                                   {product} {ergonomic}
   size_t InitialHeapSize                          = 109051904                                 {product} {ergonomic}
   size_t MarkStackSize                            = 4194304                                   {product} {ergonomic}
   size_t MarkStackSizeMax                         = 536870912                                 {product} {ergonomic}
   size_t MaxHeapSize                              = 1728053248                                {product} {ergonomic}
   size_t MaxNewSize                               = 1035993088                                {product} {ergonomic}
   size_t MinHeapDeltaBytes                        = 1048576                                   {product} {ergonomic}
   size_t MinHeapSize                              = 8388608                                   {product} {ergonomic}
    uintx NonNMethodCodeHeapSize                   = 5832704                                {pd product} {ergonomic}
    uintx NonProfiledCodeHeapSize                  = 122945536                              {pd product} {ergonomic}
    uintx ProfiledCodeHeapSize                     = 122880000                              {pd product} {ergonomic}
    uintx ReservedCodeCacheSize                    = 251658240                              {pd product} {ergonomic}
     bool SegmentedCodeCache                       = true                                      {product} {ergonomic}
   size_t SoftMaxHeapSize                          = 1728053248                             {manageable} {ergonomic}
     bool UseCompressedOops                        = true                           {product lp64_product} {ergonomic}
     bool UseG1GC                                  = true                                      {product} {ergonomic}
     bool UseLargePagesIndividualAllocation        = false                                  {pd product} {ergonomic}

Logging:
Log output configuration:
 #0: stdout all=warning uptime,level,tags foldmultilines=false
 #1: stderr all=off uptime,level,tags foldmultilines=false

Release file:
IMPLEMENTOR="Eclipse Adoptium" 
IMPLEMENTOR_VERSION="Temurin-25.0.2+10" 
JAVA_RUNTIME_VERSION="25.0.2+10-LTS" 
JAVA_VERSION="25.0.2" 
JAVA_VERSION_DATE="2026-01-20" 
LIBC="default" 
MODULES="java.base java.compiler java.datatransfer java.xml java.prefs java.desktop java.instrument java.logging java.management java.security.sasl java.naming java.rmi java.management.rmi java.net.http java.scripting java.security.jgss java.transaction.xa java.sql java.sql.rowset java.xml.crypto java.se java.smartcardio jdk.accessibility jdk.internal.jvmstat jdk.attach jdk.charsets jdk.internal.opt jdk.zipfs jdk.compiler jdk.crypto.cryptoki jdk.crypto.ec jdk.crypto.mscapi jdk.dynalink jdk.internal.ed jdk.editpad jdk.internal.vm.ci jdk.graal.compiler jdk.graal.compiler.management jdk.hotspot.agent jdk.httpserver jdk.incubator.vector jdk.internal.le jdk.internal.md jdk.jartool jdk.javadoc jdk.jcmd jdk.management jdk.management.agent jdk.jconsole jdk.jdeps jdk.jdwp.agent jdk.jdi jdk.jfr jdk.jlink jdk.jpackage jdk.jshell jdk.jsobject jdk.jstatd jdk.localedata jdk.management.jfr jdk.naming.dns jdk.naming.rmi jdk.net jdk.nio.mapmode jdk.sctp jdk.security.auth jdk.security.jgss jdk.unsupported jdk.unsupported.desktop jdk.xml.dom" 
OS_ARCH="x86_64" 
OS_NAME="Windows" 
SOURCE=".:git:9e3c947043a4" 
BUILD_SOURCE="git:458965074606f027bd5afce2cfd5c1055dea0438"
BUILD_SOURCE_REPO="https://github.com/adoptium/temurin-build.git"
SOURCE_REPO="https://github.com/adoptium/jdk25u.git"
FULL_VERSION="25.0.2+10-LTS"
SEMANTIC_VERSION="25.0.2+10"
BUILD_INFO="OS: Windows Server 2022 Version: 10.0"
JVM_VARIANT="Hotspot"
JVM_VERSION="25.0.2+10-LTS"
IMAGE_TYPE="JDK"

Environment Variables:
PATH=C:\Windows\system32;C:\Windows;C:\Windows\System32\Wbem;C:\Windows\System32\WindowsPowerShell\v1.0\;C:\Windows\System32\OpenSSH\;C:\MinGW\bin;C:\Users\User\AppData\Local\Microsoft\WindowsApps;C:\Users\User\AppData\Local\Programs\Microsoft VS Code\bin;C:\MinGW\bin;;C:\Program Files\JetBrains\IntelliJ IDEA Community Edition 2024.3.5\bin;;C:\Users\User\AppData\Local\Python\bin;C:\Program Files\Apache NetBeans\bin\
USERNAME=User
OS=Windows_NT
PROCESSOR_IDENTIFIER=Intel64 Family 6 Model 61 Stepping 4, GenuineIntel
TMP=C:\Users\User\AppData\Local\Temp
TEMP=C:\Users\User\AppData\Local\Temp




Compilation memory statistics disabled.

Periodic native trim disabled

---------------  S Y S T E M  ---------------

OS:
 Windows 10 , 64 bit Build 19041 (10.0.19041.5915)
OS uptime: 0 days 23:08 hours

CPU: total 4 (initial active 4) (2 cores per cpu, 2 threads per core) family 6 model 61 stepping 4 microcode 0x2d, cx8, cmov, fxsr, ht, mmx, 3dnowpref, sse, sse2, sse3, ssse3, sse4.1, sse4.2, popcnt, lzcnt, tsc, tscinvbit, avx, avx2, aes, erms, clmul, bmi1, bmi2, adx, fma, vzeroupper, clflush, rdtscp, f16c
Processor Information for the first 4 processors :
  Max Mhz: 2000, Current Mhz: 2000, Mhz Limit: 2000

Memory: 4k page, system-wide physical 6590M (745M free)
TotalPageFile size 19090M (AvailPageFile size 1M)
current process WorkingSet (physical memory assigned to process): 64M, peak: 110M
current process commit charge ("private bytes"): 209M, peak: 228M

vm_info: OpenJDK 64-Bit Server VM (25.0.2+10-LTS) for windows-amd64 JRE (25.0.2+10-LTS), built on 2026-01-20T00:00:00Z with MS VC++ 17.12 (VS2022)

END.
